Log file open, 01/03/17 18:00:54
LogInit:Display: Running engine for game: TheLastShelter
LogPlatformFile: Not using cached read wrapper
LogInit:Display: RandInit(142051039) SRandInit(142051039).
LogTaskGraph: Started task graph with 5 named threads and 6 total threads with 1 sets of task threads.
LogStats: Stats thread started at 0.077806
LogPluginManager: Loaded Plugin Paper2D, From C:/Program Files (x86)/Epic Games/4.14/Engine/Plugins/2D/Paper2D/Paper2D.uplugin
LogPluginManager: Loaded Plugin LightPropagationVolume, From C:/Program Files (x86)/Epic Games/4.14/Engine/Plugins/Blendables/LightPropagationVolume/LightPropagationVolume.uplugin
LogPluginManager: Loaded Plugin BlankPlugin, From C:/Program Files (x86)/Epic Games/4.14/Engine/Plugins/Developer/BlankPlugin/BlankPlugin.uplugin
LogPluginManager: Loaded Plugin CodeLiteSourceCodeAccess, From C:/Program Files (x86)/Epic Games/4.14/Engine/Plugins/Developer/CodeLiteSourceCodeAccess/CodeLiteSourceCodeAccess.uplugin
LogPluginManager: Loaded Plugin GitSourceControl, From C:/Program Files (x86)/Epic Games/4.14/Engine/Plugins/Developer/GitSourceControl/GitSourceControl.uplugin
LogPluginManager: Loaded Plugin KDevelopSourceCodeAccess, From C:/Program Files (x86)/Epic Games/4.14/Engine/Plugins/Developer/KDevelopSourceCodeAccess/KDevelopSourceCodeAccess.uplugin
LogPluginManager: Loaded Plugin NullSourceCodeAccess, From C:/Program Files (x86)/Epic Games/4.14/Engine/Plugins/Developer/NullSourceCodeAccess/NullSourceCodeAccess.uplugin
LogPluginManager: Loaded Plugin OneSkyLocalizationService, From C:/Program Files (x86)/Epic Games/4.14/Engine/Plugins/Developer/OneSkyLocalizationService/OneSkyLocalizationService.uplugin
LogPluginManager: Loaded Plugin PerforceSourceControl, From C:/Program Files (x86)/Epic Games/4.14/Engine/Plugins/Developer/PerforceSourceControl/PerforceSourceControl.uplugin
LogPluginManager: Loaded Plugin SubversionSourceControl, From C:/Program Files (x86)/Epic Games/4.14/Engine/Plugins/Developer/SubversionSourceControl/SubversionSourceControl.uplugin
LogPluginManager: Loaded Plugin UObjectPlugin, From C:/Program Files (x86)/Epic Games/4.14/Engine/Plugins/Developer/UObjectPlugin/UObjectPlugin.uplugin
LogPluginManager: Loaded Plugin VisualStudioSourceCodeAccess, From C:/Program Files (x86)/Epic Games/4.14/Engine/Plugins/Developer/VisualStudioSourceCodeAccess/VisualStudioSourceCodeAccess.uplugin
LogPluginManager: Loaded Plugin XCodeSourceCodeAccess, From C:/Program Files (x86)/Epic Games/4.14/Engine/Plugins/Developer/XCodeSourceCodeAccess/XCodeSourceCodeAccess.uplugin
LogPluginManager: Loaded Plugin AudioCapture, From C:/Program Files (x86)/Epic Games/4.14/Engine/Plugins/Editor/AudioCapture/AudioCapture.uplugin
LogPluginManager: Loaded Plugin EpicSurvey, From C:/Program Files (x86)/Epic Games/4.14/Engine/Plugins/Editor/EpicSurvey/EpicSurvey.uplugin
LogPluginManager: Loaded Plugin MacGraphicsSwitching, From C:/Program Files (x86)/Epic Games/4.14/Engine/Plugins/Editor/MacGraphicsSwitching/MacGraphicsSwitching.uplugin
LogPluginManager: Loaded Plugin MobileLauncherProfileWizard, From C:/Program Files (x86)/Epic Games/4.14/Engine/Plugins/Editor/MobileLauncherProfileWizard/MobileLauncherProfileWizard.uplugin
LogPluginManager: Loaded Plugin PluginBrowser, From C:/Program Files (x86)/Epic Games/4.14/Engine/Plugins/Editor/PluginBrowser/PluginBrowser.uplugin
LogPluginManager: Loaded Plugin SpeedTreeImporter, From C:/Program Files (x86)/Epic Games/4.14/Engine/Plugins/Editor/SpeedTreeImporter/SpeedTreeImporter.uplugin
LogPluginManager: Loaded Plugin SuperSearchEditor, From C:/Program Files (x86)/Epic Games/4.14/Engine/Plugins/Editor/SuperSearchEditor/SuperSearchEditor.uplugin
LogPluginManager: Loaded Plugin AlembicImporter, From C:/Program Files (x86)/Epic Games/4.14/Engine/Plugins/Experimental/AlembicImporter/AlembicImporter.uplugin
LogPluginManager: Loaded Plugin BlueprintStats, From C:/Program Files (x86)/Epic Games/4.14/Engine/Plugins/Experimental/BlueprintStats/BlueprintStats.uplugin
LogPluginManager: Loaded Plugin CharacterAI, From C:/Program Files (x86)/Epic Games/4.14/Engine/Plugins/Experimental/CharacterAI/CharacterAI.uplugin
LogPluginManager: Loaded Plugin CodeEditor, From C:/Program Files (x86)/Epic Games/4.14/Engine/Plugins/Experimental/CodeEditor/CodeEditor.uplugin
LogPluginManager: Loaded Plugin CodeView, From C:/Program Files (x86)/Epic Games/4.14/Engine/Plugins/Experimental/CodeView/CodeView.uplugin
LogPluginManager: Loaded Plugin HTML5Networking, From C:/Program Files (x86)/Epic Games/4.14/Engine/Plugins/Experimental/HTML5Networking/HTML5Networking.uplugin
LogPluginManager: Loaded Plugin OSVR, From C:/Program Files (x86)/Epic Games/4.14/Engine/Plugins/Experimental/OSVR/OSVR.uplugin
LogPluginManager: Loaded Plugin Phya, From C:/Program Files (x86)/Epic Games/4.14/Engine/Plugins/Experimental/Phya/Phya.uplugin
LogPluginManager: Loaded Plugin SignificanceManager, From C:/Program Files (x86)/Epic Games/4.14/Engine/Plugins/Experimental/SignificanceManager/SignificanceManager.uplugin
LogPluginManager: Loaded Plugin SimpleHMD, From C:/Program Files (x86)/Epic Games/4.14/Engine/Plugins/Experimental/SimpleHMD/SimpleHMD.uplugin
LogPluginManager: Loaded Plugin StereoPanorama, From C:/Program Files (x86)/Epic Games/4.14/Engine/Plugins/Experimental/StereoPanorama/StereoPanorama.uplugin
LogPluginManager: Loaded Plugin StructBox, From C:/Program Files (x86)/Epic Games/4.14/Engine/Plugins/Experimental/StructBox/StructBox.uplugin
LogPluginManager: Loaded Plugin AndroidMedia, From C:/Program Files (x86)/Epic Games/4.14/Engine/Plugins/Media/AndroidMedia/AndroidMedia.uplugin
LogPluginManager: Loaded Plugin AvfMedia, From C:/Program Files (x86)/Epic Games/4.14/Engine/Plugins/Media/AvfMedia/AvfMedia.uplugin
LogPluginManager: Loaded Plugin MediaPlayerEditor, From C:/Program Files (x86)/Epic Games/4.14/Engine/Plugins/Media/MediaPlayerEditor/MediaPlayerEditor.uplugin
LogPluginManager: Loaded Plugin WmfMedia, From C:/Program Files (x86)/Epic Games/4.14/Engine/Plugins/Media/WmfMedia/WmfMedia.uplugin
LogPluginManager: Loaded Plugin MessagingDebugger, From C:/Program Files (x86)/Epic Games/4.14/Engine/Plugins/Messaging/MessagingDebugger/MessagingDebugger.uplugin
LogPluginManager: Loaded Plugin TcpMessaging, From C:/Program Files (x86)/Epic Games/4.14/Engine/Plugins/Messaging/TcpMessaging/TcpMessaging.uplugin
LogPluginManager: Loaded Plugin UdpMessaging, From C:/Program Files (x86)/Epic Games/4.14/Engine/Plugins/Messaging/UdpMessaging/UdpMessaging.uplugin
LogPluginManager: Loaded Plugin LevelSequenceEditor, From C:/Program Files (x86)/Epic Games/4.14/Engine/Plugins/MovieScene/LevelSequenceEditor/LevelSequenceEditor.uplugin
LogPluginManager: Loaded Plugin MatineeToLevelSequence, From C:/Program Files (x86)/Epic Games/4.14/Engine/Plugins/MovieScene/MatineeToLevelSequence/MatineeToLevelSequence.uplugin
LogPluginManager: Loaded Plugin NetcodeUnitTest, From C:/Program Files (x86)/Epic Games/4.14/Engine/Plugins/NetcodeUnitTest/NetcodeUnitTest/NetcodeUnitTest.uplugin
LogPluginManager: Loaded Plugin NUTUnrealEngine4, From C:/Program Files (x86)/Epic Games/4.14/Engine/Plugins/NetcodeUnitTest/NUTUnrealEngine4/NUTUnrealEngine4.uplugin
LogPluginManager: Loaded Plugin OnlineSubsystemGameCircle, From C:/Program Files (x86)/Epic Games/4.14/Engine/Plugins/Online/Android/OnlineSubsystemGameCircle/OnlineSubsystemGameCircle.uplugin
LogPluginManager: Loaded Plugin OnlineSubsystemGooglePlay, From C:/Program Files (x86)/Epic Games/4.14/Engine/Plugins/Online/Android/OnlineSubsystemGooglePlay/OnlineSubsystemGooglePlay.uplugin
LogPluginManager: Loaded Plugin OnlineSubsystemIOS, From C:/Program Files (x86)/Epic Games/4.14/Engine/Plugins/Online/IOS/OnlineSubsystemIOS/OnlineSubsystemIOS.uplugin
LogPluginManager: Loaded Plugin OnlineFramework, From C:/Program Files (x86)/Epic Games/4.14/Engine/Plugins/Online/OnlineFramework/OnlineFramework.uplugin
LogPluginManager: Loaded Plugin OnlineSubsystem, From C:/Program Files (x86)/Epic Games/4.14/Engine/Plugins/Online/OnlineSubsystem/OnlineSubsystem.uplugin
LogPluginManager: Loaded Plugin OnlineSubsystemAmazon, From C:/Program Files (x86)/Epic Games/4.14/Engine/Plugins/Online/OnlineSubsystemAmazon/OnlineSubsystemAmazon.uplugin
LogPluginManager: Loaded Plugin OnlineSubsystemFacebook, From C:/Program Files (x86)/Epic Games/4.14/Engine/Plugins/Online/OnlineSubsystemFacebook/OnlineSubsystemFacebook.uplugin
LogPluginManager: Loaded Plugin OnlineSubsystemNull, From C:/Program Files (x86)/Epic Games/4.14/Engine/Plugins/Online/OnlineSubsystemNull/OnlineSubsystemNull.uplugin
LogPluginManager: Loaded Plugin OnlineSubsystemOculus, From C:/Program Files (x86)/Epic Games/4.14/Engine/Plugins/Online/OnlineSubsystemOculus/OnlineSubsystemOculus.uplugin
LogPluginManager: Loaded Plugin OnlineSubsystemSteam, From C:/Program Files (x86)/Epic Games/4.14/Engine/Plugins/Online/OnlineSubsystemSteam/OnlineSubsystemSteam.uplugin
LogPluginManager: Loaded Plugin OnlineSubsystemUtils, From C:/Program Files (x86)/Epic Games/4.14/Engine/Plugins/Online/OnlineSubsystemUtils/OnlineSubsystemUtils.uplugin
LogPluginManager: Loaded Plugin IOSTapJoy, From C:/Program Files (x86)/Epic Games/4.14/Engine/Plugins/Runtime/Advertising/IOSTapJoy/IOSTapJoy.uplugin
LogPluginManager: Loaded Plugin AnalyticsBlueprintLibrary, From C:/Program Files (x86)/Epic Games/4.14/Engine/Plugins/Runtime/Analytics/AnalyticsBlueprintLibrary/AnalyticsBlueprintLibrary.uplugin
LogPluginManager: Loaded Plugin AnalyticsMulticast, From C:/Program Files (x86)/Epic Games/4.14/Engine/Plugins/Runtime/Analytics/AnalyticsMulticast/AnalyticsMulticast.uplugin
LogPluginManager: Loaded Plugin Apsalar, From C:/Program Files (x86)/Epic Games/4.14/Engine/Plugins/Runtime/Analytics/Apsalar/Apsalar.uplugin
LogPluginManager: Loaded Plugin FileLogging, From C:/Program Files (x86)/Epic Games/4.14/Engine/Plugins/Runtime/Analytics/FileLogging/FileLogging.uplugin
LogPluginManager: Loaded Plugin Flurry, From C:/Program Files (x86)/Epic Games/4.14/Engine/Plugins/Runtime/Analytics/Flurry/Flurry.uplugin
LogPluginManager: Loaded Plugin AndroidDeviceProfileSelector, From C:/Program Files (x86)/Epic Games/4.14/Engine/Plugins/Runtime/AndroidDeviceProfileSelector/AndroidDeviceProfileSelector.uplugin
LogPluginManager: Loaded Plugin AndroidMoviePlayer, From C:/Program Files (x86)/Epic Games/4.14/Engine/Plugins/Runtime/AndroidMoviePlayer/AndroidMoviePlayer.uplugin
LogPluginManager: Loaded Plugin AppleMoviePlayer, From C:/Program Files (x86)/Epic Games/4.14/Engine/Plugins/Runtime/AppleMoviePlayer/AppleMoviePlayer.uplugin
LogPluginManager: Loaded Plugin ArchVisCharacter, From C:/Program Files (x86)/Epic Games/4.14/Engine/Plugins/Runtime/ArchVisCharacter/ArchVisCharacter.uplugin
LogPluginManager: Loaded Plugin CableComponent, From C:/Program Files (x86)/Epic Games/4.14/Engine/Plugins/Runtime/CableComponent/CableComponent.uplugin
LogPluginManager: Loaded Plugin CustomMeshComponent, From C:/Program Files (x86)/Epic Games/4.14/Engine/Plugins/Runtime/CustomMeshComponent/CustomMeshComponent.uplugin
LogPluginManager: Loaded Plugin ExampleDeviceProfileSelector, From C:/Program Files (x86)/Epic Games/4.14/Engine/Plugins/Runtime/ExampleDeviceProfileSelector/ExampleDeviceProfileSelector.uplugin
LogPluginManager: Loaded Plugin GearVR, From C:/Program Files (x86)/Epic Games/4.14/Engine/Plugins/Runtime/GearVR/GearVR.uplugin
LogPluginManager: Loaded Plugin GoogleVRController, From C:/Program Files (x86)/Epic Games/4.14/Engine/Plugins/Runtime/GoogleVR/GoogleVRController/GoogleVRController.uplugin
LogPluginManager: Loaded Plugin GoogleVRHMD, From C:/Program Files (x86)/Epic Games/4.14/Engine/Plugins/Runtime/GoogleVR/GoogleVRHMD/GoogleVRHMD.uplugin
LogPluginManager: Loaded Plugin IOSDeviceProfileSelector, From C:/Program Files (x86)/Epic Games/4.14/Engine/Plugins/Runtime/IOSDeviceProfileSelector/IOSDeviceProfileSelector.uplugin
LogPluginManager: Loaded Plugin LeapMotion, From C:/Program Files (x86)/Epic Games/4.14/Engine/Plugins/Runtime/LeapMotion/LeapMotion.uplugin
LogPluginManager: Loaded Plugin LinuxDeviceProfileSelector, From C:/Program Files (x86)/Epic Games/4.14/Engine/Plugins/Runtime/LinuxDeviceProfileSelector/LinuxDeviceProfileSelector.uplugin
LogPluginManager: Loaded Plugin MIDIDevice, From C:/Program Files (x86)/Epic Games/4.14/Engine/Plugins/Runtime/MIDIDevice/MIDIDevice.uplugin
LogPluginManager: Loaded Plugin MobilePatchingUtils, From C:/Program Files (x86)/Epic Games/4.14/Engine/Plugins/Runtime/MobilePatchingUtils/MobilePatchingUtils.uplugin
LogPluginManager: Loaded Plugin Ansel, From C:/Program Files (x86)/Epic Games/4.14/Engine/Plugins/Runtime/Nvidia/Ansel/Ansel.uplugin
LogPluginManager: Loaded Plugin OculusAudio, From C:/Program Files (x86)/Epic Games/4.14/Engine/Plugins/Runtime/OculusAudio/OculusAudio.uplugin
LogPluginManager: Loaded Plugin OculusInput, From C:/Program Files (x86)/Epic Games/4.14/Engine/Plugins/Runtime/OculusInput/OculusInput.uplugin
LogPluginManager: Loaded Plugin OculusLibrary, From C:/Program Files (x86)/Epic Games/4.14/Engine/Plugins/Runtime/OculusLibrary/OculusLibrary.uplugin
LogPluginManager: Loaded Plugin OculusRift, From C:/Program Files (x86)/Epic Games/4.14/Engine/Plugins/Runtime/OculusRift/OculusRift.uplugin
LogPluginManager: Loaded Plugin Oodle, From C:/Program Files (x86)/Epic Games/4.14/Engine/Plugins/Runtime/PacketHandlers/CompressionComponents/Oodle/Oodle.uplugin
LogPluginManager: Loaded Plugin ProceduralMeshComponent, From C:/Program Files (x86)/Epic Games/4.14/Engine/Plugins/Runtime/ProceduralMeshComponent/ProceduralMeshComponent.uplugin
LogPluginManager: Loaded Plugin SoundMod, From C:/Program Files (x86)/Epic Games/4.14/Engine/Plugins/Runtime/SoundMod/SoundMod.uplugin
LogPluginManager: Loaded Plugin SoundVisualizations, From C:/Program Files (x86)/Epic Games/4.14/Engine/Plugins/Runtime/SoundVisualizations/SoundVisualizations.uplugin
LogPluginManager: Loaded Plugin SteamController, From C:/Program Files (x86)/Epic Games/4.14/Engine/Plugins/Runtime/Steam/SteamController/SteamController.uplugin
LogPluginManager: Loaded Plugin SteamVR, From C:/Program Files (x86)/Epic Games/4.14/Engine/Plugins/Runtime/Steam/SteamVR/SteamVR.uplugin
LogPluginManager: Loaded Plugin WebBrowserWidget, From C:/Program Files (x86)/Epic Games/4.14/Engine/Plugins/Runtime/WebBrowserWidget/WebBrowserWidget.uplugin
LogPluginManager: Loaded Plugin WindowsDeviceProfileSelector, From C:/Program Files (x86)/Epic Games/4.14/Engine/Plugins/Runtime/WindowsDeviceProfileSelector/WindowsDeviceProfileSelector.uplugin
LogPluginManager: Loaded Plugin WindowsMoviePlayer, From C:/Program Files (x86)/Epic Games/4.14/Engine/Plugins/Runtime/WindowsMoviePlayer/WindowsMoviePlayer.uplugin
LogPluginManager: Loaded Plugin ScriptPlugin, From C:/Program Files (x86)/Epic Games/4.14/Engine/Plugins/ScriptPlugin/ScriptPlugin.uplugin
LogPluginManager: Loaded Plugin SlateRemote, From C:/Program Files (x86)/Epic Games/4.14/Engine/Plugins/Slate/SlateRemote/SlateRemote.uplugin
LogPluginManager: Loaded Plugin EditorTests, From C:/Program Files (x86)/Epic Games/4.14/Engine/Plugins/Tests/EditorTests/EditorTests.uplugin
LogPluginManager: Loaded Plugin FbxAutomationTestBuilder, From C:/Program Files (x86)/Epic Games/4.14/Engine/Plugins/Tests/FbxAutomationTestBuilder/FbxAutomationTestBuilder.uplugin
LogPluginManager: Loaded Plugin FunctionalTestingEditor, From C:/Program Files (x86)/Epic Games/4.14/Engine/Plugins/Tests/FunctionalTestingEditor/FunctionalTestingEditor.uplugin
LogPluginManager: Loaded Plugin RuntimeTests, From C:/Program Files (x86)/Epic Games/4.14/Engine/Plugins/Tests/RuntimeTests/RuntimeTests.uplugin
LogPluginManager: Loaded Plugin ScreenshotTools, From C:/Program Files (x86)/Epic Games/4.14/Engine/Plugins/Tests/ScreenshotTools/ScreenshotTools.uplugin
LogInit: Using libcurl 7.47.1
LogInit:  - built for x86_64-pc-win32
LogInit:  - supports SSL with OpenSSL/1.0.2g
LogInit:  - supports HTTP deflate (compression) using libz 1.2.8
LogInit:  - other features:
LogInit:      CURL_VERSION_SSL
LogInit:      CURL_VERSION_LIBZ
LogInit:      CURL_VERSION_IPV6
LogInit:      CURL_VERSION_ASYNCHDNS
LogInit:      CURL_VERSION_LARGEFILE
LogInit:      CURL_VERSION_IDN
LogInit:  CurlRequestOptions (configurable via config and command line):
LogInit:  - bVerifyPeer = false  - Libcurl will NOT verify peer certificate
LogInit:  - bUseHttpProxy = false  - Libcurl will NOT use HTTP proxy
LogInit:  - bDontReuseConnections = false  - Libcurl will reuse connections
LogInit:  - CertBundlePath = nullptr  - Libcurl will use whatever was configured at build time.
LogInit: Build: ++UE4+Release-4.14-CL-3224400
LogInit: Engine Version: 4.14.1-3224400+++UE4+Release-4.14
LogInit: Compatible Engine Version: 4.14.0-3195953+++UE4+Release-4.14
LogInit: Net CL: 3195953
LogDevObjectVersion: Number of dev versions registered: 13
LogDevObjectVersion:   Dev-Blueprints (B0D832E4-1F89-4F0D-ACCF-7EB736FD4AA2): 7
LogDevObjectVersion:   Dev-Build (E1C64328-A22C-4D53-A36C-8E866417BD8C): 0
LogDevObjectVersion:   Dev-Core (375EC13C-06E4-48FB-B500-84F0262A717E): 1
LogDevObjectVersion:   Dev-Editor (E4B068ED-F494-42E9-A231-DA0B2E46BB41): 8
LogDevObjectVersion:   Dev-Framework (CFFC743F-43B0-4480-9391-14DF171D2073): 17
LogDevObjectVersion:   Dev-Mobile (B02B49B5-BB20-44E9-A304-32B752E40360): 0
LogDevObjectVersion:   Dev-Networking (A4E4105C-59A1-49B5-A7C5-40C4547EDFEE): 0
LogDevObjectVersion:   Dev-Online (39C831C9-5AE6-47DC-9A44-9C173E1C8E7C): 0
LogDevObjectVersion:   Dev-Physics (78F01B33-EBEA-4F98-B9B4-84EACCB95AA2): 0
LogDevObjectVersion:   Dev-Platform (6631380F-2D4D-43E0-8009-CF276956A95A): 0
LogDevObjectVersion:   Dev-Rendering (12F88B9F-8875-4AFC-A67C-D90C383ABD29): 12
LogDevObjectVersion:   Dev-Sequencer (7B5AE74C-D270-4C10-A958-57980B212A5A): 1
LogDevObjectVersion:   Dev-VR (D7296918-1DD6-4BDD-9DE2-64A83CC13884): 0
LogInit: Compiled (64-bit): Dec  7 2016 02:14:32
LogInit: Compiled with Visual C++: 19.00.23026.00
LogInit: Build Configuration: Development
LogInit: Branch Name: ++UE4+Release-4.14
LogInit: Command line: 
LogInit: Base directory: C:/Program Files (x86)/Epic Games/4.14/Engine/Binaries/Win64/
LogInit: Installed Engine Build: 1
LogInit: Presizing for max 8388607 objects, including 0 objects not considered by GC, pre-allocating 0 bytes for permanent pool.
LogInit: Object subsystem initialized
[2017.01.03-17.00.54:422][  0]LogInit: Selected Device Profile: [Windows]
[2017.01.03-17.00.54:422][  0]LogInit: Applying CVar settings loaded from the selected device profile: [Windows]
[2017.01.03-17.00.54:437][  0]LogInit: Computer: DESKTOP-1I45G55
[2017.01.03-17.00.54:437][  0]LogInit: User: Martin
[2017.01.03-17.00.54:437][  0]LogInit: CPU Page size=65536, Cores=2
[2017.01.03-17.00.54:437][  0]LogInit: High frequency timer resolution =2.435874 MHz
[2017.01.03-17.00.54:438][  0]LogMemory: Memory total: Physical=7.9GB (8GB approx)
[2017.01.03-17.00.54:438][  0]LogMemory: Platform Memory Stats for Windows
[2017.01.03-17.00.54:438][  0]LogMemory: Process Physical Memory: 264.06 MB used, 264.06 MB peak
[2017.01.03-17.00.54:438][  0]LogMemory: Process Virtual Memory: 262.53 MB used, 262.53 MB peak
[2017.01.03-17.00.54:438][  0]LogMemory: Physical Memory: 5486.41 MB used,  2591.13 MB free, 8077.54 MB total
[2017.01.03-17.00.54:438][  0]LogMemory: Virtual Memory: 674.63 MB used,  2591.13 MB free, 134217728.00 MB total
[2017.01.03-17.00.54:462][  0]LogTextLocalizationManager: No specific translations for ('es-ES') exist, so ('es') translations will be used.
[2017.01.03-17.00.54:999][  0]LogD3D11RHI: D3D11 adapters:
[2017.01.03-17.00.55:026][  0]LogD3D11RHI:    0. 'NVIDIA GeForce GT 720M' (Feature Level 11_0)
[2017.01.03-17.00.55:026][  0]LogD3D11RHI:       2020/0/4038 MB DedicatedVideo/DedicatedSystem/SharedSystem, Outputs:1, VendorId:0x10de
[2017.01.03-17.00.55:029][  0]LogD3D11RHI:    1. 'Intel(R) HD Graphics 4000' (Feature Level 11_0)
[2017.01.03-17.00.55:029][  0]LogD3D11RHI:       32/0/1760 MB DedicatedVideo/DedicatedSystem/SharedSystem, Outputs:0, VendorId:0x8086
[2017.01.03-17.00.55:030][  0]LogD3D11RHI:    2. 'Microsoft Basic Render Driver' (Feature Level 11_0)
[2017.01.03-17.00.55:030][  0]LogD3D11RHI:       0/0/4038 MB DedicatedVideo/DedicatedSystem/SharedSystem, Outputs:0, VendorId:0x1414
[2017.01.03-17.00.55:030][  0]LogD3D11RHI: Chosen D3D11 Adapter: 0
[2017.01.03-17.00.55:034][  0]LogD3D11RHI: Creating new Direct3DDevice
[2017.01.03-17.00.55:034][  0]LogD3D11RHI:     GPU DeviceId: 0x1298 (for the marketing name, search the web for "GPU Device Id")
[2017.01.03-17.00.55:034][  0]LogWindows: EnumDisplayDevices:
[2017.01.03-17.00.55:035][  0]LogWindows:    0. 'Intel(R) HD Graphics 4000' (P:1 D:1)
[2017.01.03-17.00.55:035][  0]LogWindows:    1. 'Intel(R) HD Graphics 4000' (P:0 D:0)
[2017.01.03-17.00.55:035][  0]LogWindows:    2. 'Intel(R) HD Graphics 4000' (P:0 D:0)
[2017.01.03-17.00.55:035][  0]LogWindows: DebugString: PrimaryIsNotTheChoosenAdapter PrimaryIsNotTheChoosenAdapter PrimaryIsNotTheChoosenAdapter FoundDriverCount:0 
[2017.01.03-17.00.55:035][  0]LogD3D11RHI:     Adapter Name: NVIDIA GeForce GT 720M
[2017.01.03-17.00.55:035][  0]LogD3D11RHI:   Driver Version: Unknown (internal:Unknown, unified:Unknown)
[2017.01.03-17.00.55:035][  0]LogD3D11RHI:      Driver Date: Unknown
[2017.01.03-17.00.55:035][  0]LogRHI: Texture pool is 1361 MB (70% of 1945 MB)
[2017.01.03-17.00.55:051][  0]LogD3D11RHI: Async texture creation enabled
[2017.01.03-17.00.55:070][  0]LogD3D11RHI: GPU Timing Frequency: 1000.000000 (Debug: 2 2)
[2017.01.03-17.00.55:071][  0]LogShaderCompilers: Guid format shader working directory is -33 characters bigger than the processId version (../../../../../../Users/Martin/Documents/UNI/4.maila/PGV/PGV_UGR/TheLastShelter/Intermediate/Shaders/WorkingDirectory/15320/).
[2017.01.03-17.00.55:071][  0]LogShaderCompilers: Cleaned the shader compiler working directory 'C:/Users/Martin/AppData/Local/Temp/UnrealShaderWorkingDir/AEA261A94D938837784341B00BA4BE30/'.
[2017.01.03-17.00.55:071][  0]LogShaderCompilers:Display: Using Local Shader Compiler.
[2017.01.03-17.00.56:375][  0]LogTemp:Display: Loaded TP AllDesktopTargetPlatform
[2017.01.03-17.00.56:452][  0]LogTemp:Display: Loaded TP MacClientTargetPlatform
[2017.01.03-17.00.56:527][  0]LogTemp:Display: Loaded TP MacNoEditorTargetPlatform
[2017.01.03-17.00.56:603][  0]LogTemp:Display: Loaded TP MacServerTargetPlatform
[2017.01.03-17.00.56:677][  0]LogTemp:Display: Loaded TP MacTargetPlatform
[2017.01.03-17.00.56:754][  0]LogTemp:Display: Loaded TP WindowsClientTargetPlatform
[2017.01.03-17.00.56:830][  0]LogTemp:Display: Loaded TP WindowsNoEditorTargetPlatform
[2017.01.03-17.00.56:904][  0]LogTemp:Display: Loaded TP WindowsServerTargetPlatform
[2017.01.03-17.00.56:965][  0]LogTemp:Display: Loaded TP WindowsTargetPlatform
[2017.01.03-17.00.57:038][  0]LogTemp:Display: Loaded TP AndroidTargetPlatform
[2017.01.03-17.00.57:109][  0]LogTemp:Display: Loaded TP Android_ASTCTargetPlatform
[2017.01.03-17.00.57:181][  0]LogTemp:Display: Loaded TP Android_ATCTargetPlatform
[2017.01.03-17.00.57:254][  0]LogTemp:Display: Loaded TP Android_DXTTargetPlatform
[2017.01.03-17.00.57:326][  0]LogTemp:Display: Loaded TP Android_ETC1TargetPlatform
[2017.01.03-17.00.57:397][  0]LogTemp:Display: Loaded TP Android_ETC2TargetPlatform
[2017.01.03-17.00.57:540][  0]LogTemp:Display: Loaded TP Android_MultiTargetPlatform
[2017.01.03-17.00.57:540][  0]LogTemp:Display: Loaded TP Android_PVRTCTargetPlatform
[2017.01.03-17.00.57:594][  0]LogTemp:Display: Loaded TP HTML5TargetPlatform
[2017.01.03-17.00.57:705][  0]LogTemp:Display: Loaded TP IOSTargetPlatform
[2017.01.03-17.00.57:753][  0]LogTemp:Display: Loaded TP TVOSTargetPlatform
[2017.01.03-17.00.57:824][  0]LogTemp:Display: Loaded TP LinuxClientTargetPlatform
[2017.01.03-17.00.57:896][  0]LogTemp:Display: Loaded TP LinuxNoEditorTargetPlatform
[2017.01.03-17.00.57:969][  0]LogTemp:Display: Loaded TP LinuxServerTargetPlatform
[2017.01.03-17.00.58:041][  0]LogTemp:Display: Loaded TP LinuxTargetPlatform
[2017.01.03-17.00.58:041][  0]LogTargetPlatformManager:Display: Building Assets For Windows
[2017.01.03-17.00.58:571][  0]LogDerivedDataCache:Display: Max Cache Size: 512 MB
[2017.01.03-17.00.58:628][  0]LogDerivedDataCache: Loaded boot cache 0.06s 50MB C:/Users/Martin/AppData/Local/UnrealEngine/4.14/DerivedDataCache/Boot.ddc.
[2017.01.03-17.00.58:628][  0]LogDerivedDataCache:Display: Loaded Boot cache: C:/Users/Martin/AppData/Local/UnrealEngine/4.14/DerivedDataCache/Boot.ddc
[2017.01.03-17.00.58:628][  0]LogDerivedDataCache: FDerivedDataBackendGraph:  Pak pak cache file ../../../../../../Users/Martin/Documents/UNI/4.maila/PGV/PGV_UGR/TheLastShelter/DerivedDataCache/DDC.ddp not found, will not use a pak cache.
[2017.01.03-17.00.58:628][  0]LogDerivedDataCache: Unable to find inner node Pak for hierarchical cache Hierarchy.
[2017.01.03-17.00.58:628][  0]LogDerivedDataCache: FDerivedDataBackendGraph:  CompressedPak pak cache file ../../../../../../Users/Martin/Documents/UNI/4.maila/PGV/PGV_UGR/TheLastShelter/DerivedDataCache/Compressed.ddp not found, will not use a pak cache.
[2017.01.03-17.00.58:628][  0]LogDerivedDataCache: Unable to find inner node CompressedPak for hierarchical cache Hierarchy.
[2017.01.03-17.00.58:649][  0]LogDerivedDataCache:Display: Pak cache opened for reading ../../../Engine/DerivedDataCache/Compressed.ddp.
[2017.01.03-17.00.58:660][  0]LogDerivedDataCache: Using Local data cache path C:/Users/Martin/AppData/Local/UnrealEngine/Common/DerivedDataCache: Writable
[2017.01.03-17.00.58:944][  0]LogInit: Selected Device Profile: [Windows]
[2017.01.03-17.00.58:950][  0]LogContentStreaming: Texture pool size is 0.00 MB
[2017.01.03-17.00.59:223][  0]LogMeshUtilities: Using QuadricMeshReduction for automatic static mesh reduction
[2017.01.03-17.00.59:281][  0]LogSimplygon: Simplygon DLL not present - disabling.
[2017.01.03-17.00.59:342][  0]LogMeshUtilities: Using SimplygonSwarm for distributed automatic mesh merging
[2017.01.03-17.00.59:342][  0]LogMeshUtilities: No automatic skeletal mesh reduction module available
[2017.01.03-17.00.59:342][  0]LogMeshUtilities: No automatic mesh merging module available
[2017.01.03-17.00.59:998][  0]LogNetVersion: GetLocalNetworkVersion: CL: 3195953, ProjectName: thelastshelter, ProjectVersion: , EngineNetworkVersion: 2, GameNetworkVersion: 0, NetworkChecksum: 306971164
[2017.01.03-17.01.00:077][  0]LogAssetRegistry: FAssetRegistry took 0.0225 seconds to start up
[2017.01.03-17.01.00:178][  0]LogPackageLocalizationCache: Processed 3 localized package path(s) for 2 prioritized culture(s) in 0.046335 seconds
[2017.01.03-17.01.00:184][  0]LogUObjectArray: 31946 objects as part of root set at end of initial load.
[2017.01.03-17.01.00:184][  0]LogUObjectAllocator: 6935848 out of 0 bytes used by permanent object pool.
[2017.01.03-17.01.00:184][  0]LogUObjectArray: CloseDisregardForGC: 0/0 objects in disregard for GC pool
[2017.01.03-17.01.00:286][  0]LogInit: WinSock: version 1.1 (2.2), MaxSocks=32767, MaxUdp=65467
[2017.01.03-17.01.01:294][  0]LogSlate: Using Freetype 2.6.0
[2017.01.03-17.01.01:294][  0]LogSlate: SlateFontCache - WITH_FREETYPE: 1, WITH_HARFBUZZ: 1
[2017.01.03-17.01.01:294][  0]LogSlate: SlateFontCache - WITH_FREETYPE: 1, WITH_HARFBUZZ: 1
[2017.01.03-17.01.02:083][  0]LogWmfMedia: Failed to load mf.dll
[2017.01.03-17.01.02:083][  0]LogWmfMedia: Failed to load required Windows Media Foundation libraries
[2017.01.03-17.01.02:144][  0]LogWindowsMoviePlayer: Could not load mf.dll. Library not found.
[2017.01.03-17.01.02:144][  0]LogWindowsMoviePlayer: Could not load mfplat.dll. Library not found.
[2017.01.03-17.01.02:145][  0]LogWindowsMoviePlayer: Could not load mfplay.dll. Library not found.
[2017.01.03-17.01.02:354][  0]LogTcpMessaging: Initializing TcpMessaging bridge
[2017.01.03-17.01.02:403][  0]LogUdpMessaging: Initializing bridge on interface 0.0.0.0:0 to multicast group 230.0.0.1:6666.
[2017.01.03-17.01.02:992][  0]LogMaterial: Uniform references updated for custom material expression Custom.
[2017.01.03-17.01.03:528][  0]SourceControl: Información El control de código fuente está desactivado
[2017.01.03-17.01.03:577][  0]SourceControl: Información El control de código fuente está desactivado
[2017.01.03-17.01.03:645][  0]SourceControl: Información El control de código fuente está desactivado
[2017.01.03-17.01.03:719][  0]SourceControl: Información El control de código fuente está desactivado
[2017.01.03-17.01.05:609][  0]LogEngine: Initializing Engine...
[2017.01.03-17.01.05:610][  0]LogHMD: Failed to initialize OpenVR with code 110
[2017.01.03-17.01.05:930][  0]LogAIModule: Creating AISystem for world Untitled
[2017.01.03-17.01.05:939][  0]LogInit: XAudio2 using 'Altavoces (Realtek High Definition Audio)' : 2 channels at 48 kHz using 32 bits per sample (channel mask 0x3)
[2017.01.03-17.01.05:952][  0]LogInit: FAudioDevice initialized.
[2017.01.03-17.01.05:981][  0]LogDerivedDataCache: Saved boot cache 0.03s 50MB C:/Users/Martin/AppData/Local/UnrealEngine/4.14/DerivedDataCache/Boot.ddc.
[2017.01.03-17.01.05:992][  0]LogInit: Texture streaming: Enabled
[2017.01.03-17.01.06:237][  0]LogInit: Transaction tracking system initialized
[2017.01.03-17.01.06:708][  0]BlueprintLog: New page: Cargar el editor
[2017.01.03-17.01.07:943][  0]LocalizationService: Información Localization service is disabled
[2017.01.03-17.01.08:946][  0]LogConsoleResponse:Display: 
[2017.01.03-17.01.09:414][  0]LogCook:Display: Max memory allowance for cook 16384mb min free memory 0mb
[2017.01.03-17.01.09:414][  0]LogCook:Display: Mobile HDR setting 1
[2017.01.03-17.01.10:068][  0]LogFileCache: Scanning file cache for directory 'C:/Users/Martin/Documents/UNI/4.maila/PGV/PGV_UGR/TheLastShelter/Content/' took 0.01s
[2017.01.03-17.01.11:083][  0]SourceControl: Información El control de código fuente está desactivado
[2017.01.03-17.01.11:083][  0]Cmd: MAP LOAD FILE="../../../../../../Users/Martin/Documents/UNI/4.maila/PGV/PGV_UGR/TheLastShelter/Content/TopDownBP/Maps/TopDownExampleMap.umap" TEMPLATE=0 SHOWPROGRESS=1 FEATURELEVEL=3
[2017.01.03-17.01.11:124][  0]LightingResults: New page: Diseñar la iluminación
[2017.01.03-17.01.11:178][  0]MapCheck: New page: Revisión del mapa
[2017.01.03-17.01.11:178][  0]LightingResults: New page: Diseñar la iluminación
[2017.01.03-17.01.12:178][  0]LogAIModule: Creating AISystem for world TopDownExampleMap
[2017.01.03-17.01.12:381][  0]LogEditorServer: Finished looking for orphan Actors (0.000 secs)
[2017.01.03-17.01.12:382][  0]Cmd: MAP CHECKDEP NOCLEARLOG
[2017.01.03-17.01.12:444][  0]MapCheck: Información Map check complete: 0 Error(s), 0 Warning(s), took 61,902ms to complete.
[2017.01.03-17.01.12:444][  0]LogFileHelpers: Loading map 'TopDownExampleMap' took 1.361
[2017.01.03-17.01.12:509][  0]LogWindowsTextInputMethodSystem:Display: IME system now deactivated.
[2017.01.03-17.01.12:676][  0]LogCollectionManager: Loaded 0 collections in 0.002334 seconds
[2017.01.03-17.01.12:766][  0]LogFileCache: Scanning file cache for directory 'C:/Users/Martin/Documents/UNI/4.maila/PGV/PGV_UGR/TheLastShelter/Saved/Collections/' took 0.01s
[2017.01.03-17.01.12:766][  0]LogFileCache: Scanning file cache for directory 'C:/Users/Martin/Documents/UNI/4.maila/PGV/PGV_UGR/TheLastShelter/Content/Developers/Martin/Collections/' took 0.01s
[2017.01.03-17.01.12:766][  0]LogFileCache: Scanning file cache for directory 'C:/Users/Martin/Documents/UNI/4.maila/PGV/PGV_UGR/TheLastShelter/Content/Collections/' took 0.01s
[2017.01.03-17.01.12:766][  0]LogCollectionManager: Rebuilt the GUID cache for 0 collections in 0.000002 seconds
[2017.01.03-17.01.12:778][  0]LogContentBrowser: Native class hierarchy populated in 0.0113 seconds. Added 2190 classes and 428 folders.
[2017.01.03-17.01.12:836][  0]LogStats: UGameplayTagsManager::ConstructGameplayTagTree: Construct from data asset -  0.000 s
[2017.01.03-17.01.12:836][  0]LogStats: UGameplayTagsManager::ConstructGameplayTagTree: GameplayTagTreeChangedEvent.Broadcast -  0.000 s
[2017.01.03-17.01.12:837][  0]LogContentBrowser: Native class hierarchy updated for 'GameplayTags' in 0.0010 seconds. Added 13 classes and 0 folders.
[2017.01.03-17.01.12:922][  0]LogContentBrowser: Native class hierarchy updated for 'WidgetCarousel' in 0.0005 seconds. Added 0 classes and 0 folders.
[2017.01.03-17.01.13:759][  0]LogContentBrowser: Native class hierarchy updated for 'AddContentDialog' in 0.0006 seconds. Added 0 classes and 0 folders.
[2017.01.03-17.01.13:814][  0]LogContentBrowser: Native class hierarchy updated for 'SceneOutliner' in 0.0006 seconds. Added 1 classes and 2 folders.
[2017.01.03-17.01.13:866][  0]LogCrashTracker: Crashtracker disabled due to settings.
[2017.01.03-17.01.13:873][  0]LogUObjectGlobals:Warning: Error al encontrar el objeto 'Class Ninguno.'
[2017.01.03-17.01.13:954][  0]LogContentBrowser: Native class hierarchy updated for 'HierarchicalLODOutliner' in 0.0006 seconds. Added 1 classes and 2 folders.
[2017.01.03-17.01.13:954][  0]LogLoad: (Engine Initialization) Total time: 21.47 seconds
[2017.01.03-17.01.13:954][  0]LogLoad: (Engine Initialization) Total Blueprint compile time: 0.29 seconds
[2017.01.03-17.01.13:954][  0]LogExternalProfiler: Found external profiler: VSPerf
[2017.01.03-17.01.13:954][  0]LogExternalProfiler: Using external profiler: VSPerf
[2017.01.03-17.01.13:972][  0]LogOcInput: OculusInput pre-init called
[2017.01.03-17.01.13:990][  0]LogContentStreaming: Texture pool size now 1000 MB
[2017.01.03-17.01.14:402][  0]LogRenderer: Reallocating scene render targets to support 856x296 NumSamples 1 (Frame:2).
[2017.01.03-17.01.14:509][  1]LogAssetRegistry: Asset discovery search completed in 14.4546 seconds
[2017.01.03-17.01.14:509][  1]LogCollectionManager: Rebuilt the object cache for 0 collections in 0.000001 seconds (found 0 objects)
[2017.01.03-17.01.14:509][  1]LogCollectionManager: Fixed up redirectors for 0 collections in 0.000020 seconds (updated 0 objects)
[2017.01.03-17.01.20:602][276]LogTemp: Repeting last play command: Selected Viewport
[2017.01.03-17.01.20:618][276]LogBlueprintUserMessages: Early PlayInEditor Detection: Level '/Game/TopDownBP/Maps/TopDownExampleMap.TopDownExampleMap:PersistentLevel' has LevelScriptBlueprint '/Game/TopDownBP/Maps/TopDownExampleMap.TopDownExampleMap:PersistentLevel.TopDownExampleMap' with GeneratedClass '/Game/TopDownBP/Maps/TopDownExampleMap.TopDownExampleMap_C' with ClassGeneratedBy '/Game/TopDownBP/Maps/TopDownExampleMap.TopDownExampleMap:PersistentLevel.TopDownExampleMap'
[2017.01.03-17.01.20:618][276]LogPlayLevel: PlayLevel: No blueprints needed recompiling
[2017.01.03-17.01.20:619][276]PIE: New page: Sesión PIE (reproducción en el editor): TopDownExampleMap (3/1/2017 19:01:20)
[2017.01.03-17.01.20:619][276]LogPlayLevel: Creating play world package: /Game/TopDownBP/Maps/UEDPIE_0_TopDownExampleMap
[2017.01.03-17.01.20:652][276]LogPlayLevel: PIE: StaticDuplicateObject took: (0.033297s)
[2017.01.03-17.01.20:653][276]LogAIModule: Creating AISystem for world TopDownExampleMap
[2017.01.03-17.01.20:654][276]LogPlayLevel: PIE: World Init took: (0.001144s)
[2017.01.03-17.01.20:654][276]LogPlayLevel: PIE: Created PIE world by copying editor world from /Game/TopDownBP/Maps/TopDownExampleMap.TopDownExampleMap to /Game/TopDownBP/Maps/UEDPIE_0_TopDownExampleMap.TopDownExampleMap (0.034783s)
[2017.01.03-17.01.20:692][276]LogInit: XAudio2 using 'Altavoces (Realtek High Definition Audio)' : 2 channels at 48 kHz using 32 bits per sample (channel mask 0x3)
[2017.01.03-17.01.20:701][276]LogInit: FAudioDevice initialized.
[2017.01.03-17.01.20:770][276]LogLoad: Game class is 'TopDownGameMode_C'
[2017.01.03-17.01.20:774][276]LogWorld: Bringing World /Game/TopDownBP/Maps/UEDPIE_0_TopDownExampleMap.TopDownExampleMap up for play (max tick rate 60) at 2017.01.03-18.01.20
[2017.01.03-17.01.20:775][276]LogWorld: Bringing up level for play took: 0.003449
[2017.01.03-17.01.20:833][276]LogContentBrowser: Native class hierarchy updated for 'MovieSceneCapture' in 0.0010 seconds. Added 11 classes and 0 folders.
[2017.01.03-17.01.20:834][276]PIE: Información Tiempo de inicio de la reproducción en el editor para  /Game/TopDownBP/Maps/UEDPIE_0_TopDownExampleMap -0,748
[2017.01.03-17.01.20:834][276]LogBlueprintUserMessages: Late PlayInEditor Detection: Level '/Game/TopDownBP/Maps/TopDownExampleMap.TopDownExampleMap:PersistentLevel' has LevelScriptBlueprint '/Game/TopDownBP/Maps/TopDownExampleMap.TopDownExampleMap:PersistentLevel.TopDownExampleMap' with GeneratedClass '/Game/TopDownBP/Maps/TopDownExampleMap.TopDownExampleMap_C' with ClassGeneratedBy '/Game/TopDownBP/Maps/TopDownExampleMap.TopDownExampleMap:PersistentLevel.TopDownExampleMap'
[2017.01.03-17.01.24:976][470]LogHttp:Warning: 0000019244452C80: request failed, libcurl error: 6 (Couldn't resolve host name)
[2017.01.03-17.01.24:976][470]LogHttp:Warning: 0000019244452C80: libcurl info message cache 0 (Could not resolve host: cdn.unrealengine.com)
[2017.01.03-17.01.24:976][470]LogHttp:Warning: 0000019244452C80: libcurl info message cache 1 (Closing connection 0)
[2017.01.03-17.01.25:437][493]LogBlueprintUserMessages: Early EndPlayMap Detection: Level '/Game/TopDownBP/Maps/TopDownExampleMap.TopDownExampleMap:PersistentLevel' has LevelScriptBlueprint '/Game/TopDownBP/Maps/TopDownExampleMap.TopDownExampleMap:PersistentLevel.TopDownExampleMap' with GeneratedClass '/Game/TopDownBP/Maps/TopDownExampleMap.TopDownExampleMap_C' with ClassGeneratedBy '/Game/TopDownBP/Maps/TopDownExampleMap.TopDownExampleMap:PersistentLevel.TopDownExampleMap'
[2017.01.03-17.01.25:520][493]LogBlueprintUserMessages: Late EndPlayMap Detection: Level '/Game/TopDownBP/Maps/TopDownExampleMap.TopDownExampleMap:PersistentLevel' has LevelScriptBlueprint '/Game/TopDownBP/Maps/TopDownExampleMap.TopDownExampleMap:PersistentLevel.TopDownExampleMap' with GeneratedClass '/Game/TopDownBP/Maps/TopDownExampleMap.TopDownExampleMap_C' with ClassGeneratedBy '/Game/TopDownBP/Maps/TopDownExampleMap.TopDownExampleMap:PersistentLevel.TopDownExampleMap'
[2017.01.03-17.01.29:029][650]LogLinker:Warning: No puede encontrar el archivo '/Game/StarterContent/Blueprints/Blueprint_Effect_Explosion'
[2017.01.03-17.01.29:029][650]LogLinker:Warning: No puede encontrar el archivo para el activo '/Game/StarterContent/Blueprints/Blueprint_Effect_Explosion' mientras carga ../../../../../../Users/Martin/Documents/UNI/4.maila/PGV/PGV_UGR/TheLastShelter/Content/MainTurret.uasset.
[2017.01.03-17.01.29:029][650]LoadErrors:Error: Error /Game/MainTurret : No puede encontrar el archivo para el activo. /Game/StarterContent/Blueprints/Blueprint_Effect_Explosion
[2017.01.03-17.01.29:033][650]LogLinker:Warning: No puede encontrar el archivo '/Game/StarterContent/Blueprints/Blueprint_Effect_Explosion'
[2017.01.03-17.01.29:033][650]LogLinker:Warning: No puede encontrar el archivo para el activo '/Game/StarterContent/Blueprints/Blueprint_Effect_Explosion' mientras carga ../../../../../../Users/Martin/Documents/UNI/4.maila/PGV/PGV_UGR/TheLastShelter/Content/MainTurret.uasset.
[2017.01.03-17.01.29:034][650]LogLinker:Warning: No puede encontrar el archivo '/Game/TopDownBP/Blueprints/TurretBase'
[2017.01.03-17.01.29:034][650]LogLinker:Warning: No puede encontrar el archivo para el activo '/Game/TopDownBP/Blueprints/TurretBase' mientras carga ../../../../../../Users/Martin/Documents/UNI/4.maila/PGV/PGV_UGR/TheLastShelter/Content/MainTurret.uasset.
[2017.01.03-17.01.29:034][650]LoadErrors:Error: Error /Game/MainTurret : No puede encontrar el archivo para el activo. /Game/TopDownBP/Blueprints/TurretBase
[2017.01.03-17.01.29:034][650]LogLinker:Warning: No puede encontrar el archivo '/Game/TopDownBP/Blueprints/TurretTop'
[2017.01.03-17.01.29:034][650]LogLinker:Warning: No puede encontrar el archivo para el activo '/Game/TopDownBP/Blueprints/TurretTop' mientras carga ../../../../../../Users/Martin/Documents/UNI/4.maila/PGV/PGV_UGR/TheLastShelter/Content/MainTurret.uasset.
[2017.01.03-17.01.29:034][650]LoadErrors:Error: Error /Game/MainTurret : No puede encontrar el archivo para el activo. /Game/TopDownBP/Blueprints/TurretTop
[2017.01.03-17.01.29:035][650]LogLinker:Warning: No puede encontrar el archivo '/Game/TopDownBP/Blueprints/TurretBase'
[2017.01.03-17.01.29:035][650]LogLinker:Warning: No puede encontrar el archivo para el activo '/Game/TopDownBP/Blueprints/TurretBase' mientras carga ../../../../../../Users/Martin/Documents/UNI/4.maila/PGV/PGV_UGR/TheLastShelter/Content/MainTurret.uasset.
[2017.01.03-17.01.29:035][650]LogLinker:Warning: No puede encontrar el archivo '/Game/TopDownBP/Blueprints/TurretTop'
[2017.01.03-17.01.29:035][650]LogLinker:Warning: No puede encontrar el archivo para el activo '/Game/TopDownBP/Blueprints/TurretTop' mientras carga ../../../../../../Users/Martin/Documents/UNI/4.maila/PGV/PGV_UGR/TheLastShelter/Content/MainTurret.uasset.
[2017.01.03-17.01.29:039][650]LogLinker:Warning: No puede encontrar el archivo '/Game/StarterContent/Blueprints/Blueprint_Effect_Explosion'
[2017.01.03-17.01.29:039][650]LogLinker:Warning: No puede encontrar el archivo para el activo '/Game/StarterContent/Blueprints/Blueprint_Effect_Explosion' mientras carga NULL.
[2017.01.03-17.01.29:039][650]LogLinker:Warning: No puede encontrar el archivo '/Game/StarterContent/Blueprints/Blueprint_Effect_Explosion'
[2017.01.03-17.01.29:040][650]LogLinker:Warning: No puede encontrar el archivo para el activo '/Game/StarterContent/Blueprints/Blueprint_Effect_Explosion' mientras carga NULL.
[2017.01.03-17.01.29:040][650]LogLinker:Warning: No puede encontrar el archivo '/Game/StarterContent/Blueprints/Blueprint_Effect_Explosion'
[2017.01.03-17.01.29:040][650]LogLinker:Warning: No puede encontrar el archivo para el activo '/Game/StarterContent/Blueprints/Blueprint_Effect_Explosion' mientras carga NULL.
[2017.01.03-17.01.29:040][650]LogLinker:Warning: No puede encontrar el archivo '/Game/TopDownBP/Blueprints/TurretBase'
[2017.01.03-17.01.29:040][650]LogLinker:Warning: No puede encontrar el archivo para el activo '/Game/TopDownBP/Blueprints/TurretBase' mientras carga NULL.
[2017.01.03-17.01.29:040][650]LogLinker:Warning: No puede encontrar el archivo '/Game/TopDownBP/Blueprints/TurretTop'
[2017.01.03-17.01.29:041][650]LogLinker:Warning: No puede encontrar el archivo para el activo '/Game/TopDownBP/Blueprints/TurretTop' mientras carga NULL.
[2017.01.03-17.01.29:041][650]LogLinker:Warning: No puede encontrar el archivo '/Game/TopDownBP/Blueprints/TurretBase'
[2017.01.03-17.01.29:041][650]LogLinker:Warning: No puede encontrar el archivo para el activo '/Game/TopDownBP/Blueprints/TurretBase' mientras carga NULL.
[2017.01.03-17.01.29:041][650]LogLinker:Warning: No puede encontrar el archivo '/Game/TopDownBP/Blueprints/TurretTop'
[2017.01.03-17.01.29:041][650]LogLinker:Warning: No puede encontrar el archivo para el activo '/Game/TopDownBP/Blueprints/TurretTop' mientras carga NULL.
[2017.01.03-17.01.29:045][650]LogLinker:Warning: No puede encontrar el archivo '/Game/StarterContent/Blueprints/Blueprint_Effect_Explosion'
[2017.01.03-17.01.29:045][650]LoadErrors: Información Error al cargar /Game/StarterContent/Blueprints/Blueprint_Effect_Explosion.Blueprint_Effect_Explosion_C Referenciado por K2Node_SpawnActorFromClass_1
[2017.01.03-17.01.29:045][650]LogLinker:Warning: No puede encontrar el archivo para el activo '/Game/StarterContent/Blueprints/Blueprint_Effect_Explosion' mientras carga NULL.
[2017.01.03-17.01.29:045][650]LogLinker:Warning: No puede encontrar el archivo '/Game/StarterContent/Blueprints/Blueprint_Effect_Explosion'
[2017.01.03-17.01.29:046][650]LogLinker:Warning: No puede encontrar el archivo para el activo '/Game/StarterContent/Blueprints/Blueprint_Effect_Explosion' mientras carga NULL.
[2017.01.03-17.01.29:046][650]LogLinker:Warning: No puede encontrar el archivo '/Game/StarterContent/Blueprints/Blueprint_Effect_Explosion'
[2017.01.03-17.01.29:046][650]LoadErrors: Información Error al cargar /Game/StarterContent/Blueprints/Blueprint_Effect_Explosion.Blueprint_Effect_Explosion_C Referenciado por K2Node_SpawnActorFromClass_0
[2017.01.03-17.01.29:046][650]LogLinker:Warning: No puede encontrar el archivo para el activo '/Game/StarterContent/Blueprints/Blueprint_Effect_Explosion' mientras carga NULL.
[2017.01.03-17.01.29:046][650]LogLinker:Warning: No puede encontrar el archivo '/Game/StarterContent/Blueprints/Blueprint_Effect_Explosion'
[2017.01.03-17.01.29:046][650]LogLinker:Warning: No puede encontrar el archivo para el activo '/Game/StarterContent/Blueprints/Blueprint_Effect_Explosion' mientras carga NULL.
[2017.01.03-17.01.29:048][650]LogLinker:Warning: No puede encontrar el archivo '/Game/TopDownBP/Blueprints/TurretTop'
[2017.01.03-17.01.29:048][650]LoadErrors: Información Error al cargar /Game/TopDownBP/Blueprints/TurretTop.TurretTop Referenciado por cabeza_GEN_VARIABLE
[2017.01.03-17.01.29:048][650]LogLinker:Warning: No puede encontrar el archivo para el activo '/Game/TopDownBP/Blueprints/TurretTop' mientras carga NULL.
[2017.01.03-17.01.29:048][650]LogLinker:Warning: No puede encontrar el archivo '/Game/TopDownBP/Blueprints/TurretBase'
[2017.01.03-17.01.29:049][650]LoadErrors: Información Error al cargar /Game/TopDownBP/Blueprints/TurretBase.TurretBase Referenciado por Vase_GEN_VARIABLE
[2017.01.03-17.01.29:049][650]LogLinker:Warning: No puede encontrar el archivo para el activo '/Game/TopDownBP/Blueprints/TurretBase' mientras carga NULL.
[2017.01.03-17.01.29:063][650]LogBlueprint:Error: [Compiler MainTorret] Error Spawn node  K2Node_SpawnActorFromClass_0  must have a  Class  specified.
[2017.01.03-17.01.29:063][650]LogBlueprint:Error: [Compiler MainTorret] Error Spawn node  K2Node_SpawnActorFromClass_1  must have a  Class  specified.
[2017.01.03-17.01.29:078][650]LogBlueprint:Warning: [Compiler MainTorret] Aviso [0036,60] Compile of MainTorret failed. 2 Fatal Issue(s) 0 Warning(s) [in 19 ms] (/Game/MainTurret.MainTorret)
[2017.01.03-17.01.29:078][650]LogBlueprint:Warning: [Compiler MainTorret] Aviso [0036,60] Compile of MainTorret failed. 2 Fatal Issue(s) 1 Warning(s) [in 0 ms] (/Game/MainTurret.MainTorret)
[2017.01.03-17.01.29:078][650]LogBlueprint:Warning: [Compiler MainTorret] Aviso [0036,60] Compile of MainTorret failed. 2 Fatal Issue(s) 2 Warning(s) [in 0 ms] (/Game/MainTurret.MainTorret)
[2017.01.03-17.01.33:763][854]Cmd: DELETE
[2017.01.03-17.01.33:763][854]Cmd: ACTOR DELETE
[2017.01.03-17.01.33:764][854]LogEditorActor: Deleted Actor: MainTorret_C
[2017.01.03-17.01.33:788][854]LogEditorActor: Deleted 1 Actors (0.025 secs)
[2017.01.03-17.01.36:605][954]LogContentBrowser: Native class hierarchy updated for 'BlueprintGraph' in 0.0010 seconds. Added 111 classes and 0 folders.
[2017.01.03-17.01.41:763][101]LogRenderer: Reallocating scene render targets to support 856x496 NumSamples 1 (Frame:1028).
[2017.01.03-17.01.52:669][512]LogLinker:Warning: No puede encontrar el archivo '/Game/TopDownBP/Blueprints/Default'
[2017.01.03-17.01.52:669][512]LogLinker:Warning: No puede encontrar el archivo para el activo '/Game/TopDownBP/Blueprints/Default' mientras carga ../../../../../../Users/Martin/Documents/UNI/4.maila/PGV/PGV_UGR/TheLastShelter/Content/TurretTop.uasset.
[2017.01.03-17.01.52:669][512]LoadErrors:Error: Error /Game/TurretTop : No puede encontrar el archivo para el activo. /Game/TopDownBP/Blueprints/Default
[2017.01.03-17.01.52:669][512]LogLinker:Warning: No puede encontrar el archivo '/Game/TopDownBP/Blueprints/Default'
[2017.01.03-17.01.52:670][512]LogLinker:Warning: No puede encontrar el archivo para el activo '/Game/TopDownBP/Blueprints/Default' mientras carga ../../../../../../Users/Martin/Documents/UNI/4.maila/PGV/PGV_UGR/TheLastShelter/Content/TurretTop.uasset.
[2017.01.03-17.01.52:671][512]LogLinker:Warning: No puede encontrar el archivo '/Game/TopDownBP/Blueprints/Default'
[2017.01.03-17.01.52:671][512]LoadErrors: Información Error al cargar /Game/TopDownBP/Blueprints/Default.Default Referenciado por TurretTop
[2017.01.03-17.01.52:671][512]LogLinker:Warning: No puede encontrar el archivo para el activo '/Game/TopDownBP/Blueprints/Default' mientras carga NULL.
[2017.01.03-17.02.05:271][908]LogLinker:Warning: No puede encontrar el archivo '/Game/TopDownBP/Blueprints/Default'
[2017.01.03-17.02.05:271][908]LogLinker:Warning: No puede encontrar el archivo para el activo '/Game/TopDownBP/Blueprints/Default' mientras carga ../../../../../../Users/Martin/Documents/UNI/4.maila/PGV/PGV_UGR/TheLastShelter/Content/TurretBase.uasset.
[2017.01.03-17.02.05:271][908]LoadErrors:Error: Error /Game/TurretBase : No puede encontrar el archivo para el activo. /Game/TopDownBP/Blueprints/Default
[2017.01.03-17.02.05:272][908]LogLinker:Warning: No puede encontrar el archivo '/Game/TopDownBP/Blueprints/Default'
[2017.01.03-17.02.05:272][908]LogLinker:Warning: No puede encontrar el archivo para el activo '/Game/TopDownBP/Blueprints/Default' mientras carga ../../../../../../Users/Martin/Documents/UNI/4.maila/PGV/PGV_UGR/TheLastShelter/Content/TurretBase.uasset.
[2017.01.03-17.02.05:273][908]LogLinker:Warning: No puede encontrar el archivo '/Game/TopDownBP/Blueprints/Default'
[2017.01.03-17.02.05:273][908]LoadErrors: Información Error al cargar /Game/TopDownBP/Blueprints/Default.Default Referenciado por TurretBase
[2017.01.03-17.02.05:273][908]LogLinker:Warning: No puede encontrar el archivo para el activo '/Game/TopDownBP/Blueprints/Default' mientras carga NULL.
[2017.01.03-17.02.13:156][103]BlueprintLog: New page: Compilar MainTorret
[2017.01.03-17.02.13:188][103]LogBlueprint:Error: [Compiler MainTorret] Error Spawn node  K2Node_SpawnActorFromClass_0  must have a  Class  specified.
[2017.01.03-17.02.13:188][103]LogBlueprint:Error: [Compiler MainTorret] Error Spawn node  K2Node_SpawnActorFromClass_1  must have a  Class  specified.
[2017.01.03-17.02.13:571][103]BlueprintEditorCompileResults:Error: Error Spawn node  K2Node_SpawnActorFromClass_0  must have a  Class  specified.
[2017.01.03-17.02.13:571][103]BlueprintEditorCompileResults:Error: Error Spawn node  K2Node_SpawnActorFromClass_1  must have a  Class  specified.
[2017.01.03-17.02.13:571][103]LogBlueprint:Warning: [Compiler MainTorret] Aviso [0081,09] Compile of MainTorret failed. 2 Fatal Issue(s) 0 Warning(s) [in 415 ms] (/Game/MainTurret.MainTorret)
[2017.01.03-17.02.36:450][208]LogHttp:Warning: 000001926A219F00: request failed, libcurl error: 35 (SSL connect error)
[2017.01.03-17.02.36:450][208]LogHttp:Warning: 000001926A219F00: libcurl info message cache 0 (  Trying 52.45.211.200...)
[2017.01.03-17.02.36:450][208]LogHttp:Warning: 000001926A219F00: libcurl info message cache 1 (Connected to datarouter.ol.epicgames.com (52.45.211.200) port 443 (#2))
[2017.01.03-17.02.36:450][208]LogHttp:Warning: 000001926A219F00: libcurl info message cache 2 (ALPN, offering http/1.1)
[2017.01.03-17.02.36:450][208]LogHttp:Warning: 000001926A219F00: libcurl info message cache 3 (Cipher selection: ALL:!EXPORT:!EXPORT40:!EXPORT56:!aNULL:!LOW:!RC4:@STRENGTH)
[2017.01.03-17.02.36:450][208]LogHttp:Warning: 000001926A219F00: libcurl info message cache 4 (TLSv1.2 (OUT), TLS header, Certificate Status (22):)
[2017.01.03-17.02.36:450][208]LogHttp:Warning: 000001926A219F00: libcurl info message cache 5 (TLSv1.2 (OUT), TLS handshake, Client hello (1):)
[2017.01.03-17.02.36:450][208]LogHttp:Warning: 000001926A219F00: libcurl info message cache 6 (Unknown SSL protocol error in connection to datarouter.ol.epicgames.com:443 )
[2017.01.03-17.02.36:450][208]LogHttp:Warning: 000001926A219F00: libcurl info message cache 7 (Closing connection 2)
[2017.01.03-17.04.25:204][ 98]LogHttp:Warning: 0000019239319000: request failed, libcurl error: 6 (Couldn't resolve host name)
[2017.01.03-17.04.25:204][ 98]LogHttp:Warning: 0000019239319000: libcurl info message cache 0 (Connection 1 seems to be dead!)
[2017.01.03-17.04.25:204][ 98]LogHttp:Warning: 0000019239319000: libcurl info message cache 1 (Closing connection 1)
[2017.01.03-17.04.25:204][ 98]LogHttp:Warning: 0000019239319000: libcurl info message cache 2 (Could not resolve host: datarouter.ol.epicgames.com)
[2017.01.03-17.04.25:204][ 98]LogHttp:Warning: 0000019239319000: libcurl info message cache 3 (Closing connection 3)
[2017.01.03-17.05.00:366][223]BlueprintLog: New page: Compilar MainTorret
[2017.01.03-17.05.08:659][511]LogTemp: Repeting last play command: Selected Viewport
[2017.01.03-17.05.08:692][511]LogBlueprintUserMessages: Early PlayInEditor Detection: Level '/Game/TopDownBP/Maps/TopDownExampleMap.TopDownExampleMap:PersistentLevel' has LevelScriptBlueprint '/Game/TopDownBP/Maps/TopDownExampleMap.TopDownExampleMap:PersistentLevel.TopDownExampleMap' with GeneratedClass '/Game/TopDownBP/Maps/TopDownExampleMap.TopDownExampleMap_C' with ClassGeneratedBy '/Game/TopDownBP/Maps/TopDownExampleMap.TopDownExampleMap:PersistentLevel.TopDownExampleMap'
[2017.01.03-17.05.08:692][511]LogPlayLevel: PlayLevel: No blueprints needed recompiling
[2017.01.03-17.05.08:692][511]PIE: New page: Sesión PIE (reproducción en el editor): TopDownExampleMap (3/1/2017 19:05:08)
[2017.01.03-17.05.08:692][511]LogPlayLevel: Creating play world package: /Game/TopDownBP/Maps/UEDPIE_0_TopDownExampleMap
[2017.01.03-17.05.08:718][511]LogPlayLevel: PIE: StaticDuplicateObject took: (0.025985s)
[2017.01.03-17.05.08:719][511]LogAIModule: Creating AISystem for world TopDownExampleMap
[2017.01.03-17.05.08:719][511]LogPlayLevel: PIE: World Init took: (0.000993s)
[2017.01.03-17.05.08:720][511]LogPlayLevel: PIE: Created PIE world by copying editor world from /Game/TopDownBP/Maps/TopDownExampleMap.TopDownExampleMap to /Game/TopDownBP/Maps/UEDPIE_0_TopDownExampleMap.TopDownExampleMap (0.027308s)
[2017.01.03-17.05.08:763][511]LogInit: XAudio2 using 'Altavoces (Realtek High Definition Audio)' : 2 channels at 48 kHz using 32 bits per sample (channel mask 0x3)
[2017.01.03-17.05.08:773][511]LogInit: FAudioDevice initialized.
[2017.01.03-17.05.08:808][511]LogLoad: Game class is 'TopDownGameMode_C'
[2017.01.03-17.05.08:812][511]LogWorld: Bringing World /Game/TopDownBP/Maps/UEDPIE_0_TopDownExampleMap.TopDownExampleMap up for play (max tick rate 60) at 2017.01.03-18.05.08
[2017.01.03-17.05.08:812][511]LogWorld: Bringing up level for play took: 0.003824
[2017.01.03-17.05.08:814][511]PIE: Información Tiempo de inicio de la reproducción en el editor para  /Game/TopDownBP/Maps/UEDPIE_0_TopDownExampleMap -0,769
[2017.01.03-17.05.08:814][511]LogBlueprintUserMessages: Late PlayInEditor Detection: Level '/Game/TopDownBP/Maps/TopDownExampleMap.TopDownExampleMap:PersistentLevel' has LevelScriptBlueprint '/Game/TopDownBP/Maps/TopDownExampleMap.TopDownExampleMap:PersistentLevel.TopDownExampleMap' with GeneratedClass '/Game/TopDownBP/Maps/TopDownExampleMap.TopDownExampleMap_C' with ClassGeneratedBy '/Game/TopDownBP/Maps/TopDownExampleMap.TopDownExampleMap:PersistentLevel.TopDownExampleMap'
[2017.01.03-17.05.21:914][136]LogHttp:Warning: 000001923D4CB280: request failed, libcurl error: 6 (Couldn't resolve host name)
[2017.01.03-17.05.21:915][136]LogHttp:Warning: 000001923D4CB280: libcurl info message cache 0 (Could not resolve host: datarouter.ol.epicgames.com)
[2017.01.03-17.05.21:915][136]LogHttp:Warning: 000001923D4CB280: libcurl info message cache 1 (Closing connection 4)
[2017.01.03-17.05.23:246][201]LogBlueprintUserMessages: Early EndPlayMap Detection: Level '/Game/TopDownBP/Maps/TopDownExampleMap.TopDownExampleMap:PersistentLevel' has LevelScriptBlueprint '/Game/TopDownBP/Maps/TopDownExampleMap.TopDownExampleMap:PersistentLevel.TopDownExampleMap' with GeneratedClass '/Game/TopDownBP/Maps/TopDownExampleMap.TopDownExampleMap_C' with ClassGeneratedBy '/Game/TopDownBP/Maps/TopDownExampleMap.TopDownExampleMap:PersistentLevel.TopDownExampleMap'
[2017.01.03-17.05.23:293][201]LogBlueprintUserMessages: Late EndPlayMap Detection: Level '/Game/TopDownBP/Maps/TopDownExampleMap.TopDownExampleMap:PersistentLevel' has LevelScriptBlueprint '/Game/TopDownBP/Maps/TopDownExampleMap.TopDownExampleMap:PersistentLevel.TopDownExampleMap' with GeneratedClass '/Game/TopDownBP/Maps/TopDownExampleMap.TopDownExampleMap_C' with ClassGeneratedBy '/Game/TopDownBP/Maps/TopDownExampleMap.TopDownExampleMap:PersistentLevel.TopDownExampleMap'
[2017.01.03-17.05.42:894][924]BlueprintLog: New page: Compilar MainTorret
[2017.01.03-17.05.44:585][969]Cmd: OBJ SAVEPACKAGE PACKAGE="/Game/MainTurret" FILE="../../../../../../Users/Martin/Documents/UNI/4.maila/PGV/PGV_UGR/TheLastShelter/Content/MainTurret.uasset" SILENT=true
[2017.01.03-17.05.59:943][969]EditorErrors: New page: Guardar salida
[2017.01.03-17.05.59:943][969]EditorErrors:Warning: Aviso Can't save ../../../../../../Users/Martin/Documents/UNI/4.maila/PGV/PGV_UGR/TheLastShelter/Content/MainTurret.uasset: Graph is linked to external private object Unknown
[2017.01.03-17.06.04:848][153]LogTemp: Repeting last play command: Selected Viewport
[2017.01.03-17.06.04:865][153]LogBlueprintUserMessages: Early PlayInEditor Detection: Level '/Game/TopDownBP/Maps/TopDownExampleMap.TopDownExampleMap:PersistentLevel' has LevelScriptBlueprint '/Game/TopDownBP/Maps/TopDownExampleMap.TopDownExampleMap:PersistentLevel.TopDownExampleMap' with GeneratedClass '/Game/TopDownBP/Maps/TopDownExampleMap.TopDownExampleMap_C' with ClassGeneratedBy '/Game/TopDownBP/Maps/TopDownExampleMap.TopDownExampleMap:PersistentLevel.TopDownExampleMap'
[2017.01.03-17.06.04:865][153]LogPlayLevel: PlayLevel: No blueprints needed recompiling
[2017.01.03-17.06.04:866][153]PIE: New page: Sesión PIE (reproducción en el editor): TopDownExampleMap (3/1/2017 19:06:04)
[2017.01.03-17.06.04:866][153]LogPlayLevel: Creating play world package: /Game/TopDownBP/Maps/UEDPIE_0_TopDownExampleMap
[2017.01.03-17.06.04:892][153]LogPlayLevel: PIE: StaticDuplicateObject took: (0.026462s)
[2017.01.03-17.06.04:893][153]LogAIModule: Creating AISystem for world TopDownExampleMap
[2017.01.03-17.06.04:894][153]LogPlayLevel: PIE: World Init took: (0.001341s)
[2017.01.03-17.06.04:894][153]LogPlayLevel: PIE: Created PIE world by copying editor world from /Game/TopDownBP/Maps/TopDownExampleMap.TopDownExampleMap to /Game/TopDownBP/Maps/UEDPIE_0_TopDownExampleMap.TopDownExampleMap (0.028299s)
[2017.01.03-17.06.04:939][153]LogInit: XAudio2 using 'Altavoces (Realtek High Definition Audio)' : 2 channels at 48 kHz using 32 bits per sample (channel mask 0x3)
[2017.01.03-17.06.04:948][153]LogInit: FAudioDevice initialized.
[2017.01.03-17.06.04:980][153]LogLoad: Game class is 'TopDownGameMode_C'
[2017.01.03-17.06.04:984][153]LogWorld: Bringing World /Game/TopDownBP/Maps/UEDPIE_0_TopDownExampleMap.TopDownExampleMap up for play (max tick rate 60) at 2017.01.03-18.06.04
[2017.01.03-17.06.04:984][153]LogWorld: Bringing up level for play took: 0.003912
[2017.01.03-17.06.04:985][153]PIE: Información Tiempo de inicio de la reproducción en el editor para  /Game/TopDownBP/Maps/UEDPIE_0_TopDownExampleMap -0,597
[2017.01.03-17.06.04:986][153]LogBlueprintUserMessages: Late PlayInEditor Detection: Level '/Game/TopDownBP/Maps/TopDownExampleMap.TopDownExampleMap:PersistentLevel' has LevelScriptBlueprint '/Game/TopDownBP/Maps/TopDownExampleMap.TopDownExampleMap:PersistentLevel.TopDownExampleMap' with GeneratedClass '/Game/TopDownBP/Maps/TopDownExampleMap.TopDownExampleMap_C' with ClassGeneratedBy '/Game/TopDownBP/Maps/TopDownExampleMap.TopDownExampleMap:PersistentLevel.TopDownExampleMap'
[2017.01.03-17.06.10:196][401]LogBlueprintUserMessages: Early EndPlayMap Detection: Level '/Game/TopDownBP/Maps/TopDownExampleMap.TopDownExampleMap:PersistentLevel' has LevelScriptBlueprint '/Game/TopDownBP/Maps/TopDownExampleMap.TopDownExampleMap:PersistentLevel.TopDownExampleMap' with GeneratedClass '/Game/TopDownBP/Maps/TopDownExampleMap.TopDownExampleMap_C' with ClassGeneratedBy '/Game/TopDownBP/Maps/TopDownExampleMap.TopDownExampleMap:PersistentLevel.TopDownExampleMap'
[2017.01.03-17.06.10:249][401]LogBlueprintUserMessages: Late EndPlayMap Detection: Level '/Game/TopDownBP/Maps/TopDownExampleMap.TopDownExampleMap:PersistentLevel' has LevelScriptBlueprint '/Game/TopDownBP/Maps/TopDownExampleMap.TopDownExampleMap:PersistentLevel.TopDownExampleMap' with GeneratedClass '/Game/TopDownBP/Maps/TopDownExampleMap.TopDownExampleMap_C' with ClassGeneratedBy '/Game/TopDownBP/Maps/TopDownExampleMap.TopDownExampleMap:PersistentLevel.TopDownExampleMap'
[2017.01.03-17.06.20:918][766]BlueprintLog: New page: Compilar MainTorret
[2017.01.03-17.06.24:413][890]LogTemp: Repeting last play command: Selected Viewport
[2017.01.03-17.06.24:430][890]LogBlueprintUserMessages: Early PlayInEditor Detection: Level '/Game/TopDownBP/Maps/TopDownExampleMap.TopDownExampleMap:PersistentLevel' has LevelScriptBlueprint '/Game/TopDownBP/Maps/TopDownExampleMap.TopDownExampleMap:PersistentLevel.TopDownExampleMap' with GeneratedClass '/Game/TopDownBP/Maps/TopDownExampleMap.TopDownExampleMap_C' with ClassGeneratedBy '/Game/TopDownBP/Maps/TopDownExampleMap.TopDownExampleMap:PersistentLevel.TopDownExampleMap'
[2017.01.03-17.06.24:430][890]LogPlayLevel: PlayLevel: No blueprints needed recompiling
[2017.01.03-17.06.24:430][890]PIE: New page: Sesión PIE (reproducción en el editor): TopDownExampleMap (3/1/2017 19:06:24)
[2017.01.03-17.06.24:430][890]LogPlayLevel: Creating play world package: /Game/TopDownBP/Maps/UEDPIE_0_TopDownExampleMap
[2017.01.03-17.06.24:454][890]LogPlayLevel: PIE: StaticDuplicateObject took: (0.023214s)
[2017.01.03-17.06.24:455][890]LogAIModule: Creating AISystem for world TopDownExampleMap
[2017.01.03-17.06.24:455][890]LogPlayLevel: PIE: World Init took: (0.001358s)
[2017.01.03-17.06.24:456][890]LogPlayLevel: PIE: Created PIE world by copying editor world from /Game/TopDownBP/Maps/TopDownExampleMap.TopDownExampleMap to /Game/TopDownBP/Maps/UEDPIE_0_TopDownExampleMap.TopDownExampleMap (0.025016s)
[2017.01.03-17.06.24:508][890]LogInit: XAudio2 using 'Altavoces (Realtek High Definition Audio)' : 2 channels at 48 kHz using 32 bits per sample (channel mask 0x3)
[2017.01.03-17.06.24:517][890]LogInit: FAudioDevice initialized.
[2017.01.03-17.06.24:551][890]LogLoad: Game class is 'TopDownGameMode_C'
[2017.01.03-17.06.24:555][890]LogWorld: Bringing World /Game/TopDownBP/Maps/UEDPIE_0_TopDownExampleMap.TopDownExampleMap up for play (max tick rate 60) at 2017.01.03-18.06.24
[2017.01.03-17.06.24:556][890]LogWorld: Bringing up level for play took: 0.004003
[2017.01.03-17.06.24:557][890]PIE: Información Tiempo de inicio de la reproducción en el editor para  /Game/TopDownBP/Maps/UEDPIE_0_TopDownExampleMap 0,975
[2017.01.03-17.06.24:557][890]LogBlueprintUserMessages: Late PlayInEditor Detection: Level '/Game/TopDownBP/Maps/TopDownExampleMap.TopDownExampleMap:PersistentLevel' has LevelScriptBlueprint '/Game/TopDownBP/Maps/TopDownExampleMap.TopDownExampleMap:PersistentLevel.TopDownExampleMap' with GeneratedClass '/Game/TopDownBP/Maps/TopDownExampleMap.TopDownExampleMap_C' with ClassGeneratedBy '/Game/TopDownBP/Maps/TopDownExampleMap.TopDownExampleMap:PersistentLevel.TopDownExampleMap'
[2017.01.03-17.06.25:264][919]LogHttp:Warning: 000001925F2D8880: request failed, libcurl error: 6 (Couldn't resolve host name)
[2017.01.03-17.06.25:264][919]LogHttp:Warning: 000001925F2D8880: libcurl info message cache 0 (Could not resolve host: datarouter.ol.epicgames.com)
[2017.01.03-17.06.25:264][919]LogHttp:Warning: 000001925F2D8880: libcurl info message cache 1 (Closing connection 5)
[2017.01.03-17.06.38:271][550]LogBlueprintUserMessages: Early EndPlayMap Detection: Level '/Game/TopDownBP/Maps/TopDownExampleMap.TopDownExampleMap:PersistentLevel' has LevelScriptBlueprint '/Game/TopDownBP/Maps/TopDownExampleMap.TopDownExampleMap:PersistentLevel.TopDownExampleMap' with GeneratedClass '/Game/TopDownBP/Maps/TopDownExampleMap.TopDownExampleMap_C' with ClassGeneratedBy '/Game/TopDownBP/Maps/TopDownExampleMap.TopDownExampleMap:PersistentLevel.TopDownExampleMap'
[2017.01.03-17.06.38:324][550]LogBlueprintUserMessages: Late EndPlayMap Detection: Level '/Game/TopDownBP/Maps/TopDownExampleMap.TopDownExampleMap:PersistentLevel' has LevelScriptBlueprint '/Game/TopDownBP/Maps/TopDownExampleMap.TopDownExampleMap:PersistentLevel.TopDownExampleMap' with GeneratedClass '/Game/TopDownBP/Maps/TopDownExampleMap.TopDownExampleMap_C' with ClassGeneratedBy '/Game/TopDownBP/Maps/TopDownExampleMap.TopDownExampleMap:PersistentLevel.TopDownExampleMap'
[2017.01.03-17.06.47:099][846]BlueprintLog: New page: Compilar MainTorret
[2017.01.03-17.06.50:399][966]LogTemp: Repeting last play command: Selected Viewport
[2017.01.03-17.06.50:414][966]LogBlueprintUserMessages: Early PlayInEditor Detection: Level '/Game/TopDownBP/Maps/TopDownExampleMap.TopDownExampleMap:PersistentLevel' has LevelScriptBlueprint '/Game/TopDownBP/Maps/TopDownExampleMap.TopDownExampleMap:PersistentLevel.TopDownExampleMap' with GeneratedClass '/Game/TopDownBP/Maps/TopDownExampleMap.TopDownExampleMap_C' with ClassGeneratedBy '/Game/TopDownBP/Maps/TopDownExampleMap.TopDownExampleMap:PersistentLevel.TopDownExampleMap'
[2017.01.03-17.06.50:414][966]LogPlayLevel: PlayLevel: No blueprints needed recompiling
[2017.01.03-17.06.50:414][966]PIE: New page: Sesión PIE (reproducción en el editor): TopDownExampleMap (3/1/2017 19:06:50)
[2017.01.03-17.06.50:414][966]LogPlayLevel: Creating play world package: /Game/TopDownBP/Maps/UEDPIE_0_TopDownExampleMap
[2017.01.03-17.06.50:436][966]LogPlayLevel: PIE: StaticDuplicateObject took: (0.021171s)
[2017.01.03-17.06.50:437][966]LogAIModule: Creating AISystem for world TopDownExampleMap
[2017.01.03-17.06.50:437][966]LogPlayLevel: PIE: World Init took: (0.001234s)
[2017.01.03-17.06.50:437][966]LogPlayLevel: PIE: Created PIE world by copying editor world from /Game/TopDownBP/Maps/TopDownExampleMap.TopDownExampleMap to /Game/TopDownBP/Maps/UEDPIE_0_TopDownExampleMap.TopDownExampleMap (0.022798s)
[2017.01.03-17.06.50:483][966]LogInit: XAudio2 using 'Altavoces (Realtek High Definition Audio)' : 2 channels at 48 kHz using 32 bits per sample (channel mask 0x3)
[2017.01.03-17.06.50:492][966]LogInit: FAudioDevice initialized.
[2017.01.03-17.06.50:522][966]LogLoad: Game class is 'TopDownGameMode_C'
[2017.01.03-17.06.50:526][966]LogWorld: Bringing World /Game/TopDownBP/Maps/UEDPIE_0_TopDownExampleMap.TopDownExampleMap up for play (max tick rate 60) at 2017.01.03-18.06.50
[2017.01.03-17.06.50:527][966]LogWorld: Bringing up level for play took: 0.004410
[2017.01.03-17.06.50:528][966]PIE: Información Tiempo de inicio de la reproducción en el editor para  /Game/TopDownBP/Maps/UEDPIE_0_TopDownExampleMap 0,946
[2017.01.03-17.06.50:529][966]LogBlueprintUserMessages: Late PlayInEditor Detection: Level '/Game/TopDownBP/Maps/TopDownExampleMap.TopDownExampleMap:PersistentLevel' has LevelScriptBlueprint '/Game/TopDownBP/Maps/TopDownExampleMap.TopDownExampleMap:PersistentLevel.TopDownExampleMap' with GeneratedClass '/Game/TopDownBP/Maps/TopDownExampleMap.TopDownExampleMap_C' with ClassGeneratedBy '/Game/TopDownBP/Maps/TopDownExampleMap.TopDownExampleMap:PersistentLevel.TopDownExampleMap'
[2017.01.03-17.07.45:965][756]LogMetaData: Removing '/Game/Torretas/MainTorret.MainTorret:UserConstructionScript.K2Node_FunctionEntry_0' ref from Metadata '/Game/MainTurret.PackageMetaData'
[2017.01.03-17.07.45:966][756]LogMetaData: Removing '/Game/Torretas/MainTorret.MainTorret_C' ref from Metadata '/Game/MainTurret.PackageMetaData'
[2017.01.03-17.07.45:966][756]LogMetaData: Removing '/Game/Torretas/MainTorret.MainTorret:EventGraph.K2Node_Event_2' ref from Metadata '/Game/MainTurret.PackageMetaData'
[2017.01.03-17.07.45:966][756]LogMetaData: Removing '/Game/Torretas/MainTorret.MainTorret:DañarEnemigo.K2Node_FunctionEntry_18' ref from Metadata '/Game/MainTurret.PackageMetaData'
[2017.01.03-17.07.45:966][756]LogMetaData: Removing '/Game/Torretas/MainTorret.MainTorret_C:BndEvt__radioDeAtaque_K2Node_ComponentBoundEvent_0_ComponentBeginOverlapSignature__DelegateSignature' ref from Metadata '/Game/MainTurret.PackageMetaData'
[2017.01.03-17.07.45:966][756]LogMetaData: Removing '/Game/Torretas/MainTorret.MainTorret_C:BndEvt__radioDeAtaque_K2Node_ComponentBoundEvent_1_ComponentEndOverlapSignature__DelegateSignature' ref from Metadata '/Game/MainTurret.PackageMetaData'
[2017.01.03-17.07.45:966][756]LogMetaData: Removing '/Game/Torretas/MainTorret.MainTorret_C:ExecuteUbergraph_MainTorret' ref from Metadata '/Game/MainTurret.PackageMetaData'
[2017.01.03-17.07.45:966][756]LogMetaData: Removing '/Game/Torretas/MainTorret.MainTorret_C:UserConstructionScript' ref from Metadata '/Game/MainTurret.PackageMetaData'
[2017.01.03-17.07.45:966][756]LogMetaData: Removing '/Game/Torretas/MainTorret.MainTorret_C:ReceiveTick' ref from Metadata '/Game/MainTurret.PackageMetaData'
[2017.01.03-17.07.45:966][756]LogMetaData: Removing '/Game/Torretas/MainTorret.MainTorret_C:esferaEnglobante' ref from Metadata '/Game/MainTurret.PackageMetaData'
[2017.01.03-17.07.45:966][756]LogMetaData: Removing '/Game/Torretas/MainTorret.MainTorret_C:Vase' ref from Metadata '/Game/MainTurret.PackageMetaData'
[2017.01.03-17.07.45:966][756]LogMetaData: Removing '/Game/Torretas/MainTorret.MainTorret_C:cabeza' ref from Metadata '/Game/MainTurret.PackageMetaData'
[2017.01.03-17.07.45:966][756]LogMetaData: Removing '/Game/Torretas/MainTorret.MainTorret_C:DefaultSceneRoot' ref from Metadata '/Game/MainTurret.PackageMetaData'
[2017.01.03-17.07.45:966][756]LogMetaData: Removing '/Game/Torretas/MainTorret.MainTorret_C:enRango' ref from Metadata '/Game/MainTurret.PackageMetaData'
[2017.01.03-17.07.45:966][756]LogMetaData: Removing '/Game/Torretas/MainTorret.MainTorret_C:deltaTime' ref from Metadata '/Game/MainTurret.PackageMetaData'
[2017.01.03-17.07.45:966][756]LogMetaData: Removing '/Game/Torretas/MainTorret.MainTorret_C:velocidadDeRotación' ref from Metadata '/Game/MainTurret.PackageMetaData'
[2017.01.03-17.07.45:966][756]LogMetaData: Removing '/Game/Torretas/MainTorret.MainTorret_C:cadenciaDeAtaque' ref from Metadata '/Game/MainTurret.PackageMetaData'
[2017.01.03-17.07.45:966][756]LogMetaData: Removing '/Game/Torretas/MainTorret.MainTorret_C:vidaMaxima' ref from Metadata '/Game/MainTurret.PackageMetaData'
[2017.01.03-17.07.45:966][756]LogMetaData: Removing '/Game/Torretas/MainTorret.MainTorret_C:costeDeConstrucción' ref from Metadata '/Game/MainTurret.PackageMetaData'
[2017.01.03-17.07.45:966][756]LogMetaData: Removing '/Game/Torretas/MainTorret.MainTorret_C:vidaActual' ref from Metadata '/Game/MainTurret.PackageMetaData'
[2017.01.03-17.07.45:966][756]LogMetaData: Removing '/Game/Torretas/MainTorret.MainTorret_C:daño' ref from Metadata '/Game/MainTurret.PackageMetaData'
[2017.01.03-17.07.45:966][756]LogMetaData: Removing '/Game/Torretas/MainTorret.MainTorret_C:nivel' ref from Metadata '/Game/MainTurret.PackageMetaData'
[2017.01.03-17.07.45:966][756]LogMetaData: Removing '/Game/Torretas/MainTorret.MainTorret_C:costeDeMejora' ref from Metadata '/Game/MainTurret.PackageMetaData'
[2017.01.03-17.07.45:966][756]LogMetaData: Removing '/Game/Torretas/MainTorret.MainTorret_C:costeDeReparación' ref from Metadata '/Game/MainTurret.PackageMetaData'
[2017.01.03-17.07.45:966][756]LogMetaData: Removing '/Game/Torretas/MainTorret.MainTorret_C:precioDeVenta' ref from Metadata '/Game/MainTurret.PackageMetaData'
[2017.01.03-17.07.45:966][756]LogMetaData: Removing '/Game/Torretas/MainTorret.SKEL_MainTorret_C' ref from Metadata '/Game/MainTurret.PackageMetaData'
[2017.01.03-17.07.45:966][756]LogMetaData: Removing '/Game/Torretas/MainTorret.SKEL_MainTorret_C:BndEvt__radioDeAtaque_K2Node_ComponentBoundEvent_0_ComponentBeginOverlapSignature__DelegateSignature' ref from Metadata '/Game/MainTurret.PackageMetaData'
[2017.01.03-17.07.45:966][756]LogMetaData: Removing '/Game/Torretas/MainTorret.SKEL_MainTorret_C:BndEvt__radioDeAtaque_K2Node_ComponentBoundEvent_1_ComponentEndOverlapSignature__DelegateSignature' ref from Metadata '/Game/MainTurret.PackageMetaData'
[2017.01.03-17.07.45:966][756]LogMetaData: Removing '/Game/Torretas/MainTorret.SKEL_MainTorret_C:ExecuteUbergraph_MainTorret' ref from Metadata '/Game/MainTurret.PackageMetaData'
[2017.01.03-17.07.45:966][756]LogMetaData: Removing '/Game/Torretas/MainTorret.SKEL_MainTorret_C:UserConstructionScript' ref from Metadata '/Game/MainTurret.PackageMetaData'
[2017.01.03-17.07.45:966][756]LogMetaData: Removing '/Game/Torretas/MainTorret.SKEL_MainTorret_C:ReceiveTick' ref from Metadata '/Game/MainTurret.PackageMetaData'
[2017.01.03-17.07.45:966][756]LogMetaData: Removing '/Game/Torretas/MainTorret.SKEL_MainTorret_C:esferaEnglobante' ref from Metadata '/Game/MainTurret.PackageMetaData'
[2017.01.03-17.07.45:966][756]LogMetaData: Removing '/Game/Torretas/MainTorret.SKEL_MainTorret_C:Vase' ref from Metadata '/Game/MainTurret.PackageMetaData'
[2017.01.03-17.07.45:966][756]LogMetaData: Removing '/Game/Torretas/MainTorret.SKEL_MainTorret_C:cabeza' ref from Metadata '/Game/MainTurret.PackageMetaData'
[2017.01.03-17.07.45:966][756]LogMetaData: Removing '/Game/Torretas/MainTorret.SKEL_MainTorret_C:DefaultSceneRoot' ref from Metadata '/Game/MainTurret.PackageMetaData'
[2017.01.03-17.07.45:966][756]LogMetaData: Removing '/Game/Torretas/MainTorret.SKEL_MainTorret_C:enRango' ref from Metadata '/Game/MainTurret.PackageMetaData'
[2017.01.03-17.07.45:966][756]LogMetaData: Removing '/Game/Torretas/MainTorret.SKEL_MainTorret_C:deltaTime' ref from Metadata '/Game/MainTurret.PackageMetaData'
[2017.01.03-17.07.45:966][756]LogMetaData: Removing '/Game/Torretas/MainTorret.SKEL_MainTorret_C:velocidadDeRotación' ref from Metadata '/Game/MainTurret.PackageMetaData'
[2017.01.03-17.07.45:966][756]LogMetaData: Removing '/Game/Torretas/MainTorret.SKEL_MainTorret_C:cadenciaDeAtaque' ref from Metadata '/Game/MainTurret.PackageMetaData'
[2017.01.03-17.07.45:966][756]LogMetaData: Removing '/Game/Torretas/MainTorret.SKEL_MainTorret_C:vidaMaxima' ref from Metadata '/Game/MainTurret.PackageMetaData'
[2017.01.03-17.07.45:966][756]LogMetaData: Removing '/Game/Torretas/MainTorret.SKEL_MainTorret_C:costeDeConstrucción' ref from Metadata '/Game/MainTurret.PackageMetaData'
[2017.01.03-17.07.45:966][756]LogMetaData: Removing '/Game/Torretas/MainTorret.SKEL_MainTorret_C:vidaActual' ref from Metadata '/Game/MainTurret.PackageMetaData'
[2017.01.03-17.07.45:967][756]LogMetaData: Removing '/Game/Torretas/MainTorret.SKEL_MainTorret_C:daño' ref from Metadata '/Game/MainTurret.PackageMetaData'
[2017.01.03-17.07.45:967][756]LogMetaData: Removing '/Game/Torretas/MainTorret.SKEL_MainTorret_C:nivel' ref from Metadata '/Game/MainTurret.PackageMetaData'
[2017.01.03-17.07.45:967][756]LogMetaData: Removing '/Game/Torretas/MainTorret.SKEL_MainTorret_C:costeDeMejora' ref from Metadata '/Game/MainTurret.PackageMetaData'
[2017.01.03-17.07.45:967][756]LogMetaData: Removing '/Game/Torretas/MainTorret.SKEL_MainTorret_C:costeDeReparación' ref from Metadata '/Game/MainTurret.PackageMetaData'
[2017.01.03-17.07.45:967][756]LogMetaData: Removing '/Game/Torretas/MainTorret.SKEL_MainTorret_C:precioDeVenta' ref from Metadata '/Game/MainTurret.PackageMetaData'
[2017.01.03-17.07.46:009][756]Cmd: OBJ SAVEPACKAGE PACKAGE="/Game/Torretas/MainTorret" FILE="../../../../../../Users/Martin/Documents/UNI/4.maila/PGV/PGV_UGR/TheLastShelter/Content/Torretas/MainTorret.uasset" SILENT=true
[2017.01.03-17.07.47:313][756]LogSavePackage:Warning: 
Referencers of Package /Engine/Transient:
[2017.01.03-17.07.50:469][756]EditorErrors: New page: Guardar salida
[2017.01.03-17.07.50:469][756]EditorErrors:Warning: Aviso Can't save ../../../../../../Users/Martin/Documents/UNI/4.maila/PGV/PGV_UGR/TheLastShelter/Content/Torretas/MainTorret.uasset: Graph is linked to external private object (unknown culprit) (unknown property ref)
[2017.01.03-17.08.04:177][418]Cmd: OBJ SAVEPACKAGE PACKAGE="/Game/Torretas/TurretBase" FILE="../../../../../../Users/Martin/Documents/UNI/4.maila/PGV/PGV_UGR/TheLastShelter/Content/Torretas/TurretBase.uasset" SILENT=true
[2017.01.03-17.08.04:197][418]LogSavePackage: Save=16.94ms
[2017.01.03-17.08.04:197][418]LogSavePackage: Moving '../../../../../../Users/Martin/Documents/UNI/4.maila/PGV/PGV_UGR/TheLastShelter/Saved/TurretBaseB2133C6E4B0172DAA73912A5774BFF57.tmp' to '../../../../../../Users/Martin/Documents/UNI/4.maila/PGV/PGV_UGR/TheLastShelter/Content/Torretas/TurretBase.uasset'
[2017.01.03-17.08.04:200][418]LogSavePackage:Display: Finished SavePackage ../../../../../../Users/Martin/Documents/UNI/4.maila/PGV/PGV_UGR/TheLastShelter/Content/Torretas/TurretBase.uasset
[2017.01.03-17.08.06:728][534]Cmd: OBJ SAVEPACKAGE PACKAGE="/Game/Torretas/TurretTop" FILE="../../../../../../Users/Martin/Documents/UNI/4.maila/PGV/PGV_UGR/TheLastShelter/Content/Torretas/TurretTop.uasset" SILENT=true
[2017.01.03-17.08.06:747][534]LogSavePackage: Save=16.06ms
[2017.01.03-17.08.06:747][534]LogSavePackage: Moving '../../../../../../Users/Martin/Documents/UNI/4.maila/PGV/PGV_UGR/TheLastShelter/Saved/TurretTopCC9BAAAA430FC2114DF044A8B6522D23.tmp' to '../../../../../../Users/Martin/Documents/UNI/4.maila/PGV/PGV_UGR/TheLastShelter/Content/Torretas/TurretTop.uasset'
[2017.01.03-17.08.06:750][534]LogSavePackage:Display: Finished SavePackage ../../../../../../Users/Martin/Documents/UNI/4.maila/PGV/PGV_UGR/TheLastShelter/Content/Torretas/TurretTop.uasset
[2017.01.03-17.08.12:097][774]LogBlueprintUserMessages: Early EndPlayMap Detection: Level '/Game/TopDownBP/Maps/TopDownExampleMap.TopDownExampleMap:PersistentLevel' has LevelScriptBlueprint '/Game/TopDownBP/Maps/TopDownExampleMap.TopDownExampleMap:PersistentLevel.TopDownExampleMap' with GeneratedClass '/Game/TopDownBP/Maps/TopDownExampleMap.TopDownExampleMap_C' with ClassGeneratedBy '/Game/TopDownBP/Maps/TopDownExampleMap.TopDownExampleMap:PersistentLevel.TopDownExampleMap'
[2017.01.03-17.08.12:168][774]LogBlueprintUserMessages: Late EndPlayMap Detection: Level '/Game/TopDownBP/Maps/TopDownExampleMap.TopDownExampleMap:PersistentLevel' has LevelScriptBlueprint '/Game/TopDownBP/Maps/TopDownExampleMap.TopDownExampleMap:PersistentLevel.TopDownExampleMap' with GeneratedClass '/Game/TopDownBP/Maps/TopDownExampleMap.TopDownExampleMap_C' with ClassGeneratedBy '/Game/TopDownBP/Maps/TopDownExampleMap.TopDownExampleMap:PersistentLevel.TopDownExampleMap'
[2017.01.03-17.08.14:324][871]LogTemp: Repeting last play command: Selected Viewport
[2017.01.03-17.08.14:340][871]LogBlueprintUserMessages: Early PlayInEditor Detection: Level '/Game/TopDownBP/Maps/TopDownExampleMap.TopDownExampleMap:PersistentLevel' has LevelScriptBlueprint '/Game/TopDownBP/Maps/TopDownExampleMap.TopDownExampleMap:PersistentLevel.TopDownExampleMap' with GeneratedClass '/Game/TopDownBP/Maps/TopDownExampleMap.TopDownExampleMap_C' with ClassGeneratedBy '/Game/TopDownBP/Maps/TopDownExampleMap.TopDownExampleMap:PersistentLevel.TopDownExampleMap'
[2017.01.03-17.08.14:340][871]LogPlayLevel: PlayLevel: No blueprints needed recompiling
[2017.01.03-17.08.14:340][871]PIE: New page: Sesión PIE (reproducción en el editor): TopDownExampleMap (3/1/2017 19:08:14)
[2017.01.03-17.08.14:340][871]LogPlayLevel: Creating play world package: /Game/TopDownBP/Maps/UEDPIE_0_TopDownExampleMap
[2017.01.03-17.08.14:367][871]LogPlayLevel: PIE: StaticDuplicateObject took: (0.026315s)
[2017.01.03-17.08.14:368][871]LogAIModule: Creating AISystem for world TopDownExampleMap
[2017.01.03-17.08.14:368][871]LogPlayLevel: PIE: World Init took: (0.001103s)
[2017.01.03-17.08.14:368][871]LogPlayLevel: PIE: Created PIE world by copying editor world from /Game/TopDownBP/Maps/TopDownExampleMap.TopDownExampleMap to /Game/TopDownBP/Maps/UEDPIE_0_TopDownExampleMap.TopDownExampleMap (0.027769s)
[2017.01.03-17.08.14:414][871]LogInit: XAudio2 using 'Altavoces (Realtek High Definition Audio)' : 2 channels at 48 kHz using 32 bits per sample (channel mask 0x3)
[2017.01.03-17.08.14:424][871]LogInit: FAudioDevice initialized.
[2017.01.03-17.08.14:456][871]LogLoad: Game class is 'TopDownGameMode_C'
[2017.01.03-17.08.14:460][871]LogWorld: Bringing World /Game/TopDownBP/Maps/UEDPIE_0_TopDownExampleMap.TopDownExampleMap up for play (max tick rate 60) at 2017.01.03-18.08.14
[2017.01.03-17.08.14:460][871]LogWorld: Bringing up level for play took: 0.003565
[2017.01.03-17.08.14:490][871]PIE: Información Tiempo de inicio de la reproducción en el editor para  /Game/TopDownBP/Maps/UEDPIE_0_TopDownExampleMap 0,907
[2017.01.03-17.08.14:490][871]LogBlueprintUserMessages: Late PlayInEditor Detection: Level '/Game/TopDownBP/Maps/TopDownExampleMap.TopDownExampleMap:PersistentLevel' has LevelScriptBlueprint '/Game/TopDownBP/Maps/TopDownExampleMap.TopDownExampleMap:PersistentLevel.TopDownExampleMap' with GeneratedClass '/Game/TopDownBP/Maps/TopDownExampleMap.TopDownExampleMap_C' with ClassGeneratedBy '/Game/TopDownBP/Maps/TopDownExampleMap.TopDownExampleMap:PersistentLevel.TopDownExampleMap'
[2017.01.03-17.08.37:221][ 69]LogMetaData: Removing '/Game/Torretas/MainTurret.MainTurret_C' ref from Metadata '/Game/Torretas/MainTorret.PackageMetaData'
[2017.01.03-17.08.37:221][ 69]LogMetaData: Removing '/Game/Torretas/MainTurret.SKEL_MainTurret_C' ref from Metadata '/Game/Torretas/MainTorret.PackageMetaData'
[2017.01.03-17.08.37:221][ 69]LogMetaData: Removing '/Game/Torretas/MainTurret.MainTurret:EventGraph.K2Node_Event_2' ref from Metadata '/Game/Torretas/MainTorret.PackageMetaData'
[2017.01.03-17.08.37:221][ 69]LogMetaData: Removing '/Game/Torretas/MainTurret.MainTurret:UserConstructionScript.K2Node_FunctionEntry_0' ref from Metadata '/Game/Torretas/MainTorret.PackageMetaData'
[2017.01.03-17.08.37:221][ 69]LogMetaData: Removing '/Game/Torretas/MainTurret.MainTurret:DañarEnemigo.K2Node_FunctionEntry_18' ref from Metadata '/Game/Torretas/MainTorret.PackageMetaData'
[2017.01.03-17.08.37:361][ 69]Cmd: OBJ SAVEPACKAGE PACKAGE="/Game/Torretas/MainTurret" FILE="../../../../../../Users/Martin/Documents/UNI/4.maila/PGV/PGV_UGR/TheLastShelter/Content/Torretas/MainTurret.uasset" SILENT=true
[2017.01.03-17.08.40:298][ 69]LogSavePackage:Warning: 
Referencers of Package /Engine/Transient:
[2017.01.03-17.08.43:077][ 69]EditorErrors: New page: Guardar salida
[2017.01.03-17.08.43:078][ 69]EditorErrors:Warning: Aviso Can't save ../../../../../../Users/Martin/Documents/UNI/4.maila/PGV/PGV_UGR/TheLastShelter/Content/Torretas/MainTurret.uasset: Graph is linked to external private object (unknown culprit) (unknown property ref)
[2017.01.03-17.08.55:501][634]LogBlueprintUserMessages: Early EndPlayMap Detection: Level '/Game/TopDownBP/Maps/TopDownExampleMap.TopDownExampleMap:PersistentLevel' has LevelScriptBlueprint '/Game/TopDownBP/Maps/TopDownExampleMap.TopDownExampleMap:PersistentLevel.TopDownExampleMap' with GeneratedClass '/Game/TopDownBP/Maps/TopDownExampleMap.TopDownExampleMap_C' with ClassGeneratedBy '/Game/TopDownBP/Maps/TopDownExampleMap.TopDownExampleMap:PersistentLevel.TopDownExampleMap'
[2017.01.03-17.08.55:562][634]LogBlueprintUserMessages: Late EndPlayMap Detection: Level '/Game/TopDownBP/Maps/TopDownExampleMap.TopDownExampleMap:PersistentLevel' has LevelScriptBlueprint '/Game/TopDownBP/Maps/TopDownExampleMap.TopDownExampleMap:PersistentLevel.TopDownExampleMap' with GeneratedClass '/Game/TopDownBP/Maps/TopDownExampleMap.TopDownExampleMap_C' with ClassGeneratedBy '/Game/TopDownBP/Maps/TopDownExampleMap.TopDownExampleMap:PersistentLevel.TopDownExampleMap'
[2017.01.03-17.08.57:030][701]LogTemp: Repeting last play command: Selected Viewport
[2017.01.03-17.08.57:047][701]LogBlueprintUserMessages: Early PlayInEditor Detection: Level '/Game/TopDownBP/Maps/TopDownExampleMap.TopDownExampleMap:PersistentLevel' has LevelScriptBlueprint '/Game/TopDownBP/Maps/TopDownExampleMap.TopDownExampleMap:PersistentLevel.TopDownExampleMap' with GeneratedClass '/Game/TopDownBP/Maps/TopDownExampleMap.TopDownExampleMap_C' with ClassGeneratedBy '/Game/TopDownBP/Maps/TopDownExampleMap.TopDownExampleMap:PersistentLevel.TopDownExampleMap'
[2017.01.03-17.08.57:047][701]LogPlayLevel: PlayLevel: No blueprints needed recompiling
[2017.01.03-17.08.57:047][701]PIE: New page: Sesión PIE (reproducción en el editor): TopDownExampleMap (3/1/2017 19:08:57)
[2017.01.03-17.08.57:047][701]LogPlayLevel: Creating play world package: /Game/TopDownBP/Maps/UEDPIE_0_TopDownExampleMap
[2017.01.03-17.08.57:074][701]LogPlayLevel: PIE: StaticDuplicateObject took: (0.026405s)
[2017.01.03-17.08.57:075][701]LogAIModule: Creating AISystem for world TopDownExampleMap
[2017.01.03-17.08.57:075][701]LogPlayLevel: PIE: World Init took: (0.001468s)
[2017.01.03-17.08.57:076][701]LogPlayLevel: PIE: Created PIE world by copying editor world from /Game/TopDownBP/Maps/TopDownExampleMap.TopDownExampleMap to /Game/TopDownBP/Maps/UEDPIE_0_TopDownExampleMap.TopDownExampleMap (0.028386s)
[2017.01.03-17.08.57:124][701]LogInit: XAudio2 using 'Altavoces (Realtek High Definition Audio)' : 2 channels at 48 kHz using 32 bits per sample (channel mask 0x3)
[2017.01.03-17.08.57:135][701]LogInit: FAudioDevice initialized.
[2017.01.03-17.08.57:167][701]LogLoad: Game class is 'TopDownGameMode_C'
[2017.01.03-17.08.57:171][701]LogWorld: Bringing World /Game/TopDownBP/Maps/UEDPIE_0_TopDownExampleMap.TopDownExampleMap up for play (max tick rate 60) at 2017.01.03-18.08.57
[2017.01.03-17.08.57:171][701]LogWorld: Bringing up level for play took: 0.003980
[2017.01.03-17.08.57:172][701]PIE: Información Tiempo de inicio de la reproducción en el editor para  /Game/TopDownBP/Maps/UEDPIE_0_TopDownExampleMap -0,41
[2017.01.03-17.08.57:173][701]LogBlueprintUserMessages: Late PlayInEditor Detection: Level '/Game/TopDownBP/Maps/TopDownExampleMap.TopDownExampleMap:PersistentLevel' has LevelScriptBlueprint '/Game/TopDownBP/Maps/TopDownExampleMap.TopDownExampleMap:PersistentLevel.TopDownExampleMap' with GeneratedClass '/Game/TopDownBP/Maps/TopDownExampleMap.TopDownExampleMap_C' with ClassGeneratedBy '/Game/TopDownBP/Maps/TopDownExampleMap.TopDownExampleMap:PersistentLevel.TopDownExampleMap'
[2017.01.03-17.09.20:051][797]LogSavePackage: Save=226.46ms
[2017.01.03-17.09.20:051][797]LogSavePackage: Moving '../../../../../../Users/Martin/Documents/UNI/4.maila/PGV/PGV_UGR/TheLastShelter/Saved/TopDownExampleMap2EBED0F649B0CEEA36C3148C3EAB33AD.tmp' to '../../../../../../Users/Martin/Documents/UNI/4.maila/PGV/PGV_UGR/TheLastShelter/Content/TopDownBP/Maps/TopDownExampleMap.umap'
[2017.01.03-17.09.20:056][797]LogSavePackage:Display: Finished SavePackage ../../../../../../Users/Martin/Documents/UNI/4.maila/PGV/PGV_UGR/TheLastShelter/Content/TopDownBP/Maps/TopDownExampleMap.umap
[2017.01.03-17.09.20:088][797]LogFileHelpers: Saving map 'TopDownExampleMap' took 0.382
[2017.01.03-17.09.20:210][797]Cmd: OBJ SAVEPACKAGE PACKAGE="/Game/Torretas/MainTurret" FILE="../../../../../../Users/Martin/Documents/UNI/4.maila/PGV/PGV_UGR/TheLastShelter/Content/Torretas/MainTurret.uasset" SILENT=true
[2017.01.03-17.09.34:347][797]LogSavePackage:Warning: 
Referencers of Package /Engine/Transient:
[2017.01.03-17.09.36:038][797]Cmd: OBJ SAVEPACKAGE PACKAGE="/Game/Torretas/MainTurret" FILE="../../../../../../Users/Martin/Documents/UNI/4.maila/PGV/PGV_UGR/TheLastShelter/Content/Torretas/MainTurret.uasset" SILENT=true
[2017.01.03-17.09.37:125][797]LogSavePackage:Warning: 
Referencers of Package /Engine/Transient:
[2017.01.03-17.09.49:417][797]Cmd: OBJ SAVEPACKAGE PACKAGE="/Game/Torretas/MainTorret" FILE="../../../../../../Users/Martin/Documents/UNI/4.maila/PGV/PGV_UGR/TheLastShelter/Content/Torretas/MainTorret.uasset" SILENT=true
[2017.01.03-17.09.49:424][797]LogSavePackage: Save=5.00ms
[2017.01.03-17.09.49:424][797]LogSavePackage: Moving '../../../../../../Users/Martin/Documents/UNI/4.maila/PGV/PGV_UGR/TheLastShelter/Saved/MainTorretC11F29C64C3EFFDA90CA92AF837AFAA2.tmp' to '../../../../../../Users/Martin/Documents/UNI/4.maila/PGV/PGV_UGR/TheLastShelter/Content/Torretas/MainTorret.uasset'
[2017.01.03-17.09.49:427][797]LogSavePackage:Display: Finished SavePackage ../../../../../../Users/Martin/Documents/UNI/4.maila/PGV/PGV_UGR/TheLastShelter/Content/Torretas/MainTorret.uasset
[2017.01.03-17.09.49:428][797]EditorErrors: New page: Guardar salida
[2017.01.03-17.09.49:428][797]EditorErrors:Warning: Aviso Can't save ../../../../../../Users/Martin/Documents/UNI/4.maila/PGV/PGV_UGR/TheLastShelter/Content/Torretas/MainTurret.uasset: Graph is linked to external private object (unknown culprit) (unknown property ref)
[2017.01.03-17.09.49:428][797]EditorErrors:Warning: Aviso Can't save ../../../../../../Users/Martin/Documents/UNI/4.maila/PGV/PGV_UGR/TheLastShelter/Content/Torretas/MainTurret.uasset: Graph is linked to external private object (unknown culprit) (unknown property ref)
[2017.01.03-17.09.50:583][798]LogHttp:Warning: 000001922A94CA00: request failed, libcurl error: 6 (Couldn't resolve host name)
[2017.01.03-17.09.50:583][798]LogHttp:Warning: 000001922A94CA00: libcurl info message cache 0 (Connection 6 seems to be dead!)
[2017.01.03-17.09.50:583][798]LogHttp:Warning: 000001922A94CA00: libcurl info message cache 1 (Closing connection 6)
[2017.01.03-17.09.50:583][798]LogHttp:Warning: 000001922A94CA00: libcurl info message cache 2 (TLSv1.2 (OUT), TLS alert, Client hello (1):)
[2017.01.03-17.09.50:583][798]LogHttp:Warning: 000001922A94CA00: libcurl info message cache 3 (Could not resolve host: datarouter.ol.epicgames.com)
[2017.01.03-17.09.50:583][798]LogHttp:Warning: 000001922A94CA00: libcurl info message cache 4 (Closing connection 7)
[2017.01.03-17.09.55:755][ 10]LogBlueprintUserMessages: Early EndPlayMap Detection: Level '/Game/TopDownBP/Maps/TopDownExampleMap.TopDownExampleMap:PersistentLevel' has LevelScriptBlueprint '/Game/TopDownBP/Maps/TopDownExampleMap.TopDownExampleMap:PersistentLevel.TopDownExampleMap' with GeneratedClass '/Game/TopDownBP/Maps/TopDownExampleMap.TopDownExampleMap_C' with ClassGeneratedBy '/Game/TopDownBP/Maps/TopDownExampleMap.TopDownExampleMap:PersistentLevel.TopDownExampleMap'
[2017.01.03-17.09.55:979][ 10]LogStats: FPlatformStackWalk::StackWalkAndDump -  0.195 s
[2017.01.03-17.09.55:979][ 10]LogOutputDevice:Error: === Handled ensure: ===
[2017.01.03-17.09.55:979][ 10]LogOutputDevice:Error: 
[2017.01.03-17.09.55:980][ 10]LogOutputDevice:Error: Ensure condition failed: NewObject->IsA(this->GeneratedClass) [File:D:\Build\++UE4+Release-4.14+Compile\Sync\Engine\Source\Runtime\Engine\Private\Blueprint.cpp] [Line: 717]
[2017.01.03-17.09.55:980][ 10]LogOutputDevice:Error: Type mismatch: Expected TopDownExampleMap_C, Found LevelScriptBlueprint
[2017.01.03-17.09.55:980][ 10]LogOutputDevice:Error: Stack: 
[2017.01.03-17.09.55:980][ 10]LogOutputDevice:Error: UE4Editor-Core.dll
[2017.01.03-17.09.55:980][ 10]LogOutputDevice:Error: UE4Editor-Core.dll
[2017.01.03-17.09.55:980][ 10]LogOutputDevice:Error: UE4Editor-Core.dll
[2017.01.03-17.09.55:980][ 10]LogOutputDevice:Error: UE4Editor-Engine.dll
[2017.01.03-17.09.55:980][ 10]LogOutputDevice:Error: UE4Editor-Engine.dll
[2017.01.03-17.09.55:980][ 10]LogOutputDevice:Error: UE4Editor-UnrealEd.dll
[2017.01.03-17.09.55:980][ 10]LogOutputDevice:Error: UE4Editor-UnrealEd.dll
[2017.01.03-17.09.55:980][ 10]LogOutputDevice:Error: UE4Editor-UnrealEd.dll
[2017.01.03-17.09.55:980][ 10]LogOutputDevice:Error: UE4Editor-UnrealEd.dll
[2017.01.03-17.09.55:980][ 10]LogOutputDevice:Error: UE4Editor.exe
[2017.01.03-17.09.55:980][ 10]LogOutputDevice:Error: UE4Editor.exe
[2017.01.03-17.09.55:980][ 10]LogOutputDevice:Error: UE4Editor.exe
[2017.01.03-17.09.55:980][ 10]LogOutputDevice:Error: UE4Editor.exe
[2017.01.03-17.09.55:980][ 10]LogOutputDevice:Error: UE4Editor.exe
[2017.01.03-17.09.55:980][ 10]LogOutputDevice:Error: KERNEL32.DLL
[2017.01.03-17.09.55:980][ 10]LogOutputDevice:Error: ntdll.dll
[2017.01.03-17.09.55:980][ 10]LogOutputDevice:Error: 
[2017.01.03-17.09.55:983][ 10]LogStats:                SubmitErrorReport -  0.000 s
