Log file open, 01/10/17 20:39:19
LogInit:Display: Running engine for game: TheLastShelter
LogPlatformFile: Not using cached read wrapper
LogInit:Display: RandInit(-1887566952) SRandInit(-1887566952).
LogTaskGraph: Started task graph with 5 named threads and 8 total threads with 1 sets of task threads.
LogStats: Stats thread started at 0.076600
LogPluginManager: Loaded Plugin Paper2D, From E:/Program Files (x86)/Epic Games/4.14/Engine/Plugins/2D/Paper2D/Paper2D.uplugin
LogPluginManager: Loaded Plugin LightPropagationVolume, From E:/Program Files (x86)/Epic Games/4.14/Engine/Plugins/Blendables/LightPropagationVolume/LightPropagationVolume.uplugin
LogPluginManager: Loaded Plugin BlankPlugin, From E:/Program Files (x86)/Epic Games/4.14/Engine/Plugins/Developer/BlankPlugin/BlankPlugin.uplugin
LogPluginManager: Loaded Plugin CodeLiteSourceCodeAccess, From E:/Program Files (x86)/Epic Games/4.14/Engine/Plugins/Developer/CodeLiteSourceCodeAccess/CodeLiteSourceCodeAccess.uplugin
LogPluginManager: Loaded Plugin GitSourceControl, From E:/Program Files (x86)/Epic Games/4.14/Engine/Plugins/Developer/GitSourceControl/GitSourceControl.uplugin
LogPluginManager: Loaded Plugin KDevelopSourceCodeAccess, From E:/Program Files (x86)/Epic Games/4.14/Engine/Plugins/Developer/KDevelopSourceCodeAccess/KDevelopSourceCodeAccess.uplugin
LogPluginManager: Loaded Plugin NullSourceCodeAccess, From E:/Program Files (x86)/Epic Games/4.14/Engine/Plugins/Developer/NullSourceCodeAccess/NullSourceCodeAccess.uplugin
LogPluginManager: Loaded Plugin OneSkyLocalizationService, From E:/Program Files (x86)/Epic Games/4.14/Engine/Plugins/Developer/OneSkyLocalizationService/OneSkyLocalizationService.uplugin
LogPluginManager: Loaded Plugin PerforceSourceControl, From E:/Program Files (x86)/Epic Games/4.14/Engine/Plugins/Developer/PerforceSourceControl/PerforceSourceControl.uplugin
LogPluginManager: Loaded Plugin SubversionSourceControl, From E:/Program Files (x86)/Epic Games/4.14/Engine/Plugins/Developer/SubversionSourceControl/SubversionSourceControl.uplugin
LogPluginManager: Loaded Plugin UObjectPlugin, From E:/Program Files (x86)/Epic Games/4.14/Engine/Plugins/Developer/UObjectPlugin/UObjectPlugin.uplugin
LogPluginManager: Loaded Plugin VisualStudioSourceCodeAccess, From E:/Program Files (x86)/Epic Games/4.14/Engine/Plugins/Developer/VisualStudioSourceCodeAccess/VisualStudioSourceCodeAccess.uplugin
LogPluginManager: Loaded Plugin XCodeSourceCodeAccess, From E:/Program Files (x86)/Epic Games/4.14/Engine/Plugins/Developer/XCodeSourceCodeAccess/XCodeSourceCodeAccess.uplugin
LogPluginManager: Loaded Plugin AudioCapture, From E:/Program Files (x86)/Epic Games/4.14/Engine/Plugins/Editor/AudioCapture/AudioCapture.uplugin
LogPluginManager: Loaded Plugin EpicSurvey, From E:/Program Files (x86)/Epic Games/4.14/Engine/Plugins/Editor/EpicSurvey/EpicSurvey.uplugin
LogPluginManager: Loaded Plugin MacGraphicsSwitching, From E:/Program Files (x86)/Epic Games/4.14/Engine/Plugins/Editor/MacGraphicsSwitching/MacGraphicsSwitching.uplugin
LogPluginManager: Loaded Plugin MobileLauncherProfileWizard, From E:/Program Files (x86)/Epic Games/4.14/Engine/Plugins/Editor/MobileLauncherProfileWizard/MobileLauncherProfileWizard.uplugin
LogPluginManager: Loaded Plugin PluginBrowser, From E:/Program Files (x86)/Epic Games/4.14/Engine/Plugins/Editor/PluginBrowser/PluginBrowser.uplugin
LogPluginManager: Loaded Plugin SpeedTreeImporter, From E:/Program Files (x86)/Epic Games/4.14/Engine/Plugins/Editor/SpeedTreeImporter/SpeedTreeImporter.uplugin
LogPluginManager: Loaded Plugin SuperSearchEditor, From E:/Program Files (x86)/Epic Games/4.14/Engine/Plugins/Editor/SuperSearchEditor/SuperSearchEditor.uplugin
LogPluginManager: Loaded Plugin AlembicImporter, From E:/Program Files (x86)/Epic Games/4.14/Engine/Plugins/Experimental/AlembicImporter/AlembicImporter.uplugin
LogPluginManager: Loaded Plugin BlueprintStats, From E:/Program Files (x86)/Epic Games/4.14/Engine/Plugins/Experimental/BlueprintStats/BlueprintStats.uplugin
LogPluginManager: Loaded Plugin CharacterAI, From E:/Program Files (x86)/Epic Games/4.14/Engine/Plugins/Experimental/CharacterAI/CharacterAI.uplugin
LogPluginManager: Loaded Plugin CodeEditor, From E:/Program Files (x86)/Epic Games/4.14/Engine/Plugins/Experimental/CodeEditor/CodeEditor.uplugin
LogPluginManager: Loaded Plugin CodeView, From E:/Program Files (x86)/Epic Games/4.14/Engine/Plugins/Experimental/CodeView/CodeView.uplugin
LogPluginManager: Loaded Plugin HTML5Networking, From E:/Program Files (x86)/Epic Games/4.14/Engine/Plugins/Experimental/HTML5Networking/HTML5Networking.uplugin
LogPluginManager: Loaded Plugin OSVR, From E:/Program Files (x86)/Epic Games/4.14/Engine/Plugins/Experimental/OSVR/OSVR.uplugin
LogPluginManager: Loaded Plugin Phya, From E:/Program Files (x86)/Epic Games/4.14/Engine/Plugins/Experimental/Phya/Phya.uplugin
LogPluginManager: Loaded Plugin SignificanceManager, From E:/Program Files (x86)/Epic Games/4.14/Engine/Plugins/Experimental/SignificanceManager/SignificanceManager.uplugin
LogPluginManager: Loaded Plugin SimpleHMD, From E:/Program Files (x86)/Epic Games/4.14/Engine/Plugins/Experimental/SimpleHMD/SimpleHMD.uplugin
LogPluginManager: Loaded Plugin StereoPanorama, From E:/Program Files (x86)/Epic Games/4.14/Engine/Plugins/Experimental/StereoPanorama/StereoPanorama.uplugin
LogPluginManager: Loaded Plugin StructBox, From E:/Program Files (x86)/Epic Games/4.14/Engine/Plugins/Experimental/StructBox/StructBox.uplugin
LogPluginManager: Loaded Plugin AndroidMedia, From E:/Program Files (x86)/Epic Games/4.14/Engine/Plugins/Media/AndroidMedia/AndroidMedia.uplugin
LogPluginManager: Loaded Plugin AvfMedia, From E:/Program Files (x86)/Epic Games/4.14/Engine/Plugins/Media/AvfMedia/AvfMedia.uplugin
LogPluginManager: Loaded Plugin MediaPlayerEditor, From E:/Program Files (x86)/Epic Games/4.14/Engine/Plugins/Media/MediaPlayerEditor/MediaPlayerEditor.uplugin
LogPluginManager: Loaded Plugin WmfMedia, From E:/Program Files (x86)/Epic Games/4.14/Engine/Plugins/Media/WmfMedia/WmfMedia.uplugin
LogPluginManager: Loaded Plugin MessagingDebugger, From E:/Program Files (x86)/Epic Games/4.14/Engine/Plugins/Messaging/MessagingDebugger/MessagingDebugger.uplugin
LogPluginManager: Loaded Plugin TcpMessaging, From E:/Program Files (x86)/Epic Games/4.14/Engine/Plugins/Messaging/TcpMessaging/TcpMessaging.uplugin
LogPluginManager: Loaded Plugin UdpMessaging, From E:/Program Files (x86)/Epic Games/4.14/Engine/Plugins/Messaging/UdpMessaging/UdpMessaging.uplugin
LogPluginManager: Loaded Plugin LevelSequenceEditor, From E:/Program Files (x86)/Epic Games/4.14/Engine/Plugins/MovieScene/LevelSequenceEditor/LevelSequenceEditor.uplugin
LogPluginManager: Loaded Plugin MatineeToLevelSequence, From E:/Program Files (x86)/Epic Games/4.14/Engine/Plugins/MovieScene/MatineeToLevelSequence/MatineeToLevelSequence.uplugin
LogPluginManager: Loaded Plugin NetcodeUnitTest, From E:/Program Files (x86)/Epic Games/4.14/Engine/Plugins/NetcodeUnitTest/NetcodeUnitTest/NetcodeUnitTest.uplugin
LogPluginManager: Loaded Plugin NUTUnrealEngine4, From E:/Program Files (x86)/Epic Games/4.14/Engine/Plugins/NetcodeUnitTest/NUTUnrealEngine4/NUTUnrealEngine4.uplugin
LogPluginManager: Loaded Plugin OnlineSubsystemGameCircle, From E:/Program Files (x86)/Epic Games/4.14/Engine/Plugins/Online/Android/OnlineSubsystemGameCircle/OnlineSubsystemGameCircle.uplugin
LogPluginManager: Loaded Plugin OnlineSubsystemGooglePlay, From E:/Program Files (x86)/Epic Games/4.14/Engine/Plugins/Online/Android/OnlineSubsystemGooglePlay/OnlineSubsystemGooglePlay.uplugin
LogPluginManager: Loaded Plugin OnlineSubsystemIOS, From E:/Program Files (x86)/Epic Games/4.14/Engine/Plugins/Online/IOS/OnlineSubsystemIOS/OnlineSubsystemIOS.uplugin
LogPluginManager: Loaded Plugin OnlineFramework, From E:/Program Files (x86)/Epic Games/4.14/Engine/Plugins/Online/OnlineFramework/OnlineFramework.uplugin
LogPluginManager: Loaded Plugin OnlineSubsystem, From E:/Program Files (x86)/Epic Games/4.14/Engine/Plugins/Online/OnlineSubsystem/OnlineSubsystem.uplugin
LogPluginManager: Loaded Plugin OnlineSubsystemAmazon, From E:/Program Files (x86)/Epic Games/4.14/Engine/Plugins/Online/OnlineSubsystemAmazon/OnlineSubsystemAmazon.uplugin
LogPluginManager: Loaded Plugin OnlineSubsystemFacebook, From E:/Program Files (x86)/Epic Games/4.14/Engine/Plugins/Online/OnlineSubsystemFacebook/OnlineSubsystemFacebook.uplugin
LogPluginManager: Loaded Plugin OnlineSubsystemNull, From E:/Program Files (x86)/Epic Games/4.14/Engine/Plugins/Online/OnlineSubsystemNull/OnlineSubsystemNull.uplugin
LogPluginManager: Loaded Plugin OnlineSubsystemOculus, From E:/Program Files (x86)/Epic Games/4.14/Engine/Plugins/Online/OnlineSubsystemOculus/OnlineSubsystemOculus.uplugin
LogPluginManager: Loaded Plugin OnlineSubsystemSteam, From E:/Program Files (x86)/Epic Games/4.14/Engine/Plugins/Online/OnlineSubsystemSteam/OnlineSubsystemSteam.uplugin
LogPluginManager: Loaded Plugin OnlineSubsystemUtils, From E:/Program Files (x86)/Epic Games/4.14/Engine/Plugins/Online/OnlineSubsystemUtils/OnlineSubsystemUtils.uplugin
LogPluginManager: Loaded Plugin IOSTapJoy, From E:/Program Files (x86)/Epic Games/4.14/Engine/Plugins/Runtime/Advertising/IOSTapJoy/IOSTapJoy.uplugin
LogPluginManager: Loaded Plugin AnalyticsBlueprintLibrary, From E:/Program Files (x86)/Epic Games/4.14/Engine/Plugins/Runtime/Analytics/AnalyticsBlueprintLibrary/AnalyticsBlueprintLibrary.uplugin
LogPluginManager: Loaded Plugin AnalyticsMulticast, From E:/Program Files (x86)/Epic Games/4.14/Engine/Plugins/Runtime/Analytics/AnalyticsMulticast/AnalyticsMulticast.uplugin
LogPluginManager: Loaded Plugin Apsalar, From E:/Program Files (x86)/Epic Games/4.14/Engine/Plugins/Runtime/Analytics/Apsalar/Apsalar.uplugin
LogPluginManager: Loaded Plugin FileLogging, From E:/Program Files (x86)/Epic Games/4.14/Engine/Plugins/Runtime/Analytics/FileLogging/FileLogging.uplugin
LogPluginManager: Loaded Plugin Flurry, From E:/Program Files (x86)/Epic Games/4.14/Engine/Plugins/Runtime/Analytics/Flurry/Flurry.uplugin
LogPluginManager: Loaded Plugin AndroidDeviceProfileSelector, From E:/Program Files (x86)/Epic Games/4.14/Engine/Plugins/Runtime/AndroidDeviceProfileSelector/AndroidDeviceProfileSelector.uplugin
LogPluginManager: Loaded Plugin AndroidMoviePlayer, From E:/Program Files (x86)/Epic Games/4.14/Engine/Plugins/Runtime/AndroidMoviePlayer/AndroidMoviePlayer.uplugin
LogPluginManager: Loaded Plugin AppleMoviePlayer, From E:/Program Files (x86)/Epic Games/4.14/Engine/Plugins/Runtime/AppleMoviePlayer/AppleMoviePlayer.uplugin
LogPluginManager: Loaded Plugin ArchVisCharacter, From E:/Program Files (x86)/Epic Games/4.14/Engine/Plugins/Runtime/ArchVisCharacter/ArchVisCharacter.uplugin
LogPluginManager: Loaded Plugin CableComponent, From E:/Program Files (x86)/Epic Games/4.14/Engine/Plugins/Runtime/CableComponent/CableComponent.uplugin
LogPluginManager: Loaded Plugin CustomMeshComponent, From E:/Program Files (x86)/Epic Games/4.14/Engine/Plugins/Runtime/CustomMeshComponent/CustomMeshComponent.uplugin
LogPluginManager: Loaded Plugin ExampleDeviceProfileSelector, From E:/Program Files (x86)/Epic Games/4.14/Engine/Plugins/Runtime/ExampleDeviceProfileSelector/ExampleDeviceProfileSelector.uplugin
LogPluginManager: Loaded Plugin GearVR, From E:/Program Files (x86)/Epic Games/4.14/Engine/Plugins/Runtime/GearVR/GearVR.uplugin
LogPluginManager: Loaded Plugin GoogleVRController, From E:/Program Files (x86)/Epic Games/4.14/Engine/Plugins/Runtime/GoogleVR/GoogleVRController/GoogleVRController.uplugin
LogPluginManager: Loaded Plugin GoogleVRHMD, From E:/Program Files (x86)/Epic Games/4.14/Engine/Plugins/Runtime/GoogleVR/GoogleVRHMD/GoogleVRHMD.uplugin
LogPluginManager: Loaded Plugin IOSDeviceProfileSelector, From E:/Program Files (x86)/Epic Games/4.14/Engine/Plugins/Runtime/IOSDeviceProfileSelector/IOSDeviceProfileSelector.uplugin
LogPluginManager: Loaded Plugin LeapMotion, From E:/Program Files (x86)/Epic Games/4.14/Engine/Plugins/Runtime/LeapMotion/LeapMotion.uplugin
LogPluginManager: Loaded Plugin LinuxDeviceProfileSelector, From E:/Program Files (x86)/Epic Games/4.14/Engine/Plugins/Runtime/LinuxDeviceProfileSelector/LinuxDeviceProfileSelector.uplugin
LogPluginManager: Loaded Plugin MIDIDevice, From E:/Program Files (x86)/Epic Games/4.14/Engine/Plugins/Runtime/MIDIDevice/MIDIDevice.uplugin
LogPluginManager: Loaded Plugin MobilePatchingUtils, From E:/Program Files (x86)/Epic Games/4.14/Engine/Plugins/Runtime/MobilePatchingUtils/MobilePatchingUtils.uplugin
LogPluginManager: Loaded Plugin Ansel, From E:/Program Files (x86)/Epic Games/4.14/Engine/Plugins/Runtime/Nvidia/Ansel/Ansel.uplugin
LogPluginManager: Loaded Plugin OculusAudio, From E:/Program Files (x86)/Epic Games/4.14/Engine/Plugins/Runtime/OculusAudio/OculusAudio.uplugin
LogPluginManager: Loaded Plugin OculusInput, From E:/Program Files (x86)/Epic Games/4.14/Engine/Plugins/Runtime/OculusInput/OculusInput.uplugin
LogPluginManager: Loaded Plugin OculusLibrary, From E:/Program Files (x86)/Epic Games/4.14/Engine/Plugins/Runtime/OculusLibrary/OculusLibrary.uplugin
LogPluginManager: Loaded Plugin OculusRift, From E:/Program Files (x86)/Epic Games/4.14/Engine/Plugins/Runtime/OculusRift/OculusRift.uplugin
LogPluginManager: Loaded Plugin Oodle, From E:/Program Files (x86)/Epic Games/4.14/Engine/Plugins/Runtime/PacketHandlers/CompressionComponents/Oodle/Oodle.uplugin
LogPluginManager: Loaded Plugin ProceduralMeshComponent, From E:/Program Files (x86)/Epic Games/4.14/Engine/Plugins/Runtime/ProceduralMeshComponent/ProceduralMeshComponent.uplugin
LogPluginManager: Loaded Plugin SoundMod, From E:/Program Files (x86)/Epic Games/4.14/Engine/Plugins/Runtime/SoundMod/SoundMod.uplugin
LogPluginManager: Loaded Plugin SoundVisualizations, From E:/Program Files (x86)/Epic Games/4.14/Engine/Plugins/Runtime/SoundVisualizations/SoundVisualizations.uplugin
LogPluginManager: Loaded Plugin SteamController, From E:/Program Files (x86)/Epic Games/4.14/Engine/Plugins/Runtime/Steam/SteamController/SteamController.uplugin
LogPluginManager: Loaded Plugin SteamVR, From E:/Program Files (x86)/Epic Games/4.14/Engine/Plugins/Runtime/Steam/SteamVR/SteamVR.uplugin
LogPluginManager: Loaded Plugin WebBrowserWidget, From E:/Program Files (x86)/Epic Games/4.14/Engine/Plugins/Runtime/WebBrowserWidget/WebBrowserWidget.uplugin
LogPluginManager: Loaded Plugin WindowsDeviceProfileSelector, From E:/Program Files (x86)/Epic Games/4.14/Engine/Plugins/Runtime/WindowsDeviceProfileSelector/WindowsDeviceProfileSelector.uplugin
LogPluginManager: Loaded Plugin WindowsMoviePlayer, From E:/Program Files (x86)/Epic Games/4.14/Engine/Plugins/Runtime/WindowsMoviePlayer/WindowsMoviePlayer.uplugin
LogPluginManager: Loaded Plugin ScriptPlugin, From E:/Program Files (x86)/Epic Games/4.14/Engine/Plugins/ScriptPlugin/ScriptPlugin.uplugin
LogPluginManager: Loaded Plugin SlateRemote, From E:/Program Files (x86)/Epic Games/4.14/Engine/Plugins/Slate/SlateRemote/SlateRemote.uplugin
LogPluginManager: Loaded Plugin EditorTests, From E:/Program Files (x86)/Epic Games/4.14/Engine/Plugins/Tests/EditorTests/EditorTests.uplugin
LogPluginManager: Loaded Plugin FbxAutomationTestBuilder, From E:/Program Files (x86)/Epic Games/4.14/Engine/Plugins/Tests/FbxAutomationTestBuilder/FbxAutomationTestBuilder.uplugin
LogPluginManager: Loaded Plugin FunctionalTestingEditor, From E:/Program Files (x86)/Epic Games/4.14/Engine/Plugins/Tests/FunctionalTestingEditor/FunctionalTestingEditor.uplugin
LogPluginManager: Loaded Plugin RuntimeTests, From E:/Program Files (x86)/Epic Games/4.14/Engine/Plugins/Tests/RuntimeTests/RuntimeTests.uplugin
LogPluginManager: Loaded Plugin ScreenshotTools, From E:/Program Files (x86)/Epic Games/4.14/Engine/Plugins/Tests/ScreenshotTools/ScreenshotTools.uplugin
LogInit: Using libcurl 7.47.1
LogInit:  - built for x86_64-pc-win32
LogInit:  - supports SSL with OpenSSL/1.0.2g
LogInit:  - supports HTTP deflate (compression) using libz 1.2.8
LogInit:  - other features:
LogInit:      CURL_VERSION_SSL
LogInit:      CURL_VERSION_LIBZ
LogInit:      CURL_VERSION_IPV6
LogInit:      CURL_VERSION_ASYNCHDNS
LogInit:      CURL_VERSION_LARGEFILE
LogInit:      CURL_VERSION_IDN
LogInit:  CurlRequestOptions (configurable via config and command line):
LogInit:  - bVerifyPeer = false  - Libcurl will NOT verify peer certificate
LogInit:  - bUseHttpProxy = false  - Libcurl will NOT use HTTP proxy
LogInit:  - bDontReuseConnections = false  - Libcurl will reuse connections
LogInit:  - CertBundlePath = nullptr  - Libcurl will use whatever was configured at build time.
OCULUS: Info: [CAPI] LibOVR module is located at E:\Oculus\Support\oculus-runtime\LibOVRRT64_1.dll
OCULUS: Debug: Connected to the server running version (prod = 1).1.10.2(build = 321138) feature version = 0. Client runs version (prod = 1).1.10.2(build = 321138) feature version = 0
LogInit: Build: ++UE4+Release-4.14-CL-3249277
LogInit: Engine Version: 4.14.3-3249277+++UE4+Release-4.14
LogInit: Compatible Engine Version: 4.14.0-3195953+++UE4+Release-4.14
LogInit: Net CL: 3195953
LogDevObjectVersion: Number of dev versions registered: 13
LogDevObjectVersion:   Dev-Blueprints (B0D832E4-1F89-4F0D-ACCF-7EB736FD4AA2): 7
LogDevObjectVersion:   Dev-Build (E1C64328-A22C-4D53-A36C-8E866417BD8C): 0
LogDevObjectVersion:   Dev-Core (375EC13C-06E4-48FB-B500-84F0262A717E): 1
LogDevObjectVersion:   Dev-Editor (E4B068ED-F494-42E9-A231-DA0B2E46BB41): 8
LogDevObjectVersion:   Dev-Framework (CFFC743F-43B0-4480-9391-14DF171D2073): 17
LogDevObjectVersion:   Dev-Mobile (B02B49B5-BB20-44E9-A304-32B752E40360): 0
LogDevObjectVersion:   Dev-Networking (A4E4105C-59A1-49B5-A7C5-40C4547EDFEE): 0
LogDevObjectVersion:   Dev-Online (39C831C9-5AE6-47DC-9A44-9C173E1C8E7C): 0
LogDevObjectVersion:   Dev-Physics (78F01B33-EBEA-4F98-B9B4-84EACCB95AA2): 0
LogDevObjectVersion:   Dev-Platform (6631380F-2D4D-43E0-8009-CF276956A95A): 0
LogDevObjectVersion:   Dev-Rendering (12F88B9F-8875-4AFC-A67C-D90C383ABD29): 12
LogDevObjectVersion:   Dev-Sequencer (7B5AE74C-D270-4C10-A958-57980B212A5A): 1
LogDevObjectVersion:   Dev-VR (D7296918-1DD6-4BDD-9DE2-64A83CC13884): 0
LogInit: Compiled (64-bit): Jan  6 2017 10:49:43
LogInit: Compiled with Visual C++: 19.00.23026.00
LogInit: Build Configuration: Development
LogInit: Branch Name: ++UE4+Release-4.14
LogInit: Command line:  
LogInit: Base directory: E:/Program Files (x86)/Epic Games/4.14/Engine/Binaries/Win64/
LogInit: Installed Engine Build: 1
LogInit: Presizing for max 8388607 objects, including 0 objects not considered by GC, pre-allocating 0 bytes for permanent pool.
LogInit: Object subsystem initialized
[2017.01.10-19.39.21:336][  0]LogInit: Selected Device Profile: [Windows]
[2017.01.10-19.39.21:336][  0]LogInit: Applying CVar settings loaded from the selected device profile: [Windows]
[2017.01.10-19.39.21:363][  0]LogInit: Computer: GAMING-MASTER
[2017.01.10-19.39.21:363][  0]LogInit: User: Adri
[2017.01.10-19.39.21:363][  0]LogInit: CPU Page size=65536, Cores=4
[2017.01.10-19.39.21:363][  0]LogInit: High frequency timer resolution =3.326091 MHz
[2017.01.10-19.39.21:363][  0]LogMemory: Memory total: Physical=7.9GB (8GB approx)
[2017.01.10-19.39.21:363][  0]LogMemory: Platform Memory Stats for Windows
[2017.01.10-19.39.21:363][  0]LogMemory: Process Physical Memory: 279.27 MB used, 279.27 MB peak
[2017.01.10-19.39.21:363][  0]LogMemory: Process Virtual Memory: 277.66 MB used, 277.66 MB peak
[2017.01.10-19.39.21:363][  0]LogMemory: Physical Memory: 5716.63 MB used,  2413.85 MB free, 8130.48 MB total
[2017.01.10-19.39.21:363][  0]LogMemory: Virtual Memory: 724.70 MB used,  2413.85 MB free, 134217728.00 MB total
[2017.01.10-19.39.21:546][  0]LogTextLocalizationManager: No specific translations for ('es-ES') exist, so ('es') translations will be used.
[2017.01.10-19.39.28:020][  0]LogD3D11RHI: D3D11 adapters:
[2017.01.10-19.39.28:042][  0]LogD3D11RHI:    0. 'NVIDIA GeForce GTX 760' (Feature Level 11_0)
[2017.01.10-19.39.28:042][  0]LogD3D11RHI:       2017/0/4065 MB DedicatedVideo/DedicatedSystem/SharedSystem, Outputs:1, VendorId:0x10de
[2017.01.10-19.39.28:044][  0]LogD3D11RHI:    1. 'Microsoft Basic Render Driver' (Feature Level 11_0)
[2017.01.10-19.39.28:044][  0]LogD3D11RHI:       0/0/4065 MB DedicatedVideo/DedicatedSystem/SharedSystem, Outputs:0, VendorId:0x1414
[2017.01.10-19.39.28:044][  0]LogD3D11RHI: Chosen D3D11 Adapter: 0
[2017.01.10-19.39.28:048][  0]LogD3D11RHI: Creating new Direct3DDevice
[2017.01.10-19.39.28:048][  0]LogD3D11RHI:     GPU DeviceId: 0x1187 (for the marketing name, search the web for "GPU Device Id")
[2017.01.10-19.39.28:048][  0]LogWindows: EnumDisplayDevices:
[2017.01.10-19.39.28:048][  0]LogWindows:    0. 'NVIDIA GeForce GTX 760' (P:1 D:1)
[2017.01.10-19.39.28:048][  0]LogWindows:    1. 'NVIDIA GeForce GTX 760' (P:0 D:0)
[2017.01.10-19.39.28:048][  0]LogWindows:    2. 'NVIDIA GeForce GTX 760' (P:0 D:0)
[2017.01.10-19.39.28:048][  0]LogWindows:    3. 'NVIDIA GeForce GTX 760' (P:0 D:0)
[2017.01.10-19.39.28:048][  0]LogWindows: DebugString: FoundDriverCount:4 
[2017.01.10-19.39.28:048][  0]LogD3D11RHI:     Adapter Name: NVIDIA GeForce GTX 760
[2017.01.10-19.39.28:048][  0]LogD3D11RHI:   Driver Version: 376.33 (internal:21.21.13.7633, unified:376.33)
[2017.01.10-19.39.28:048][  0]LogD3D11RHI:      Driver Date: 12-11-2016
[2017.01.10-19.39.28:048][  0]LogRHI: Texture pool is 1361 MB (70% of 1945 MB)
[2017.01.10-19.39.28:059][  0]LogD3D11RHI:Warning: Timestamp queries are currently disabled on this hardware due to instability. Realtime GPU stats will not be available. You can override this behaviour by setting r.NVIDIATimestampWorkaround to 0
[2017.01.10-19.39.28:059][  0]LogD3D11RHI: Async texture creation enabled
[2017.01.10-19.39.28:069][  0]LogD3D11RHI: GPU Timing Frequency: 1000.000000 (Debug: 2 1)
[2017.01.10-19.39.28:069][  0]LogShaderCompilers: Guid format shader working directory is -26 characters bigger than the processId version (../../../../../../Adri/Projects/Unreal Projects/PGV_UGR/TheLastShelter/Intermediate/Shaders/WorkingDirectory/13948/).
[2017.01.10-19.39.28:070][  0]LogShaderCompilers: Cleaned the shader compiler working directory 'C:/Users/Adri/AppData/Local/Temp/UnrealShaderWorkingDir/EA6E701E49C7952743162E9AA9535A51/'.
[2017.01.10-19.39.28:070][  0]LogShaderCompilers:Display: Using Local Shader Compiler.
[2017.01.10-19.39.29:970][  0]LogTemp:Display: Loaded TP AllDesktopTargetPlatform
[2017.01.10-19.39.30:026][  0]LogTemp:Display: Loaded TP MacClientTargetPlatform
[2017.01.10-19.39.30:092][  0]LogTemp:Display: Loaded TP MacNoEditorTargetPlatform
[2017.01.10-19.39.30:131][  0]LogTemp:Display: Loaded TP MacServerTargetPlatform
[2017.01.10-19.39.30:232][  0]LogTemp:Display: Loaded TP MacTargetPlatform
[2017.01.10-19.39.30:293][  0]LogTemp:Display: Loaded TP WindowsClientTargetPlatform
[2017.01.10-19.39.30:335][  0]LogTemp:Display: Loaded TP WindowsNoEditorTargetPlatform
[2017.01.10-19.39.30:386][  0]LogTemp:Display: Loaded TP WindowsServerTargetPlatform
[2017.01.10-19.39.30:430][  0]LogTemp:Display: Loaded TP WindowsTargetPlatform
[2017.01.10-19.39.30:518][  0]LogTemp:Display: Loaded TP AndroidTargetPlatform
[2017.01.10-19.39.30:572][  0]LogTemp:Display: Loaded TP Android_ASTCTargetPlatform
[2017.01.10-19.39.30:621][  0]LogTemp:Display: Loaded TP Android_ATCTargetPlatform
[2017.01.10-19.39.30:667][  0]LogTemp:Display: Loaded TP Android_DXTTargetPlatform
[2017.01.10-19.39.30:717][  0]LogTemp:Display: Loaded TP Android_ETC1TargetPlatform
[2017.01.10-19.39.30:782][  0]LogTemp:Display: Loaded TP Android_ETC2TargetPlatform
[2017.01.10-19.39.30:884][  0]LogTemp:Display: Loaded TP Android_MultiTargetPlatform
[2017.01.10-19.39.30:884][  0]LogTemp:Display: Loaded TP Android_PVRTCTargetPlatform
[2017.01.10-19.39.30:921][  0]LogTemp:Display: Loaded TP HTML5TargetPlatform
[2017.01.10-19.39.31:076][  0]LogTemp:Display: Loaded TP IOSTargetPlatform
[2017.01.10-19.39.31:104][  0]LogTemp:Display: Loaded TP TVOSTargetPlatform
[2017.01.10-19.39.31:156][  0]LogTemp:Display: Loaded TP LinuxClientTargetPlatform
[2017.01.10-19.39.31:212][  0]LogTemp:Display: Loaded TP LinuxNoEditorTargetPlatform
[2017.01.10-19.39.31:265][  0]LogTemp:Display: Loaded TP LinuxServerTargetPlatform
[2017.01.10-19.39.31:327][  0]LogTemp:Display: Loaded TP LinuxTargetPlatform
[2017.01.10-19.39.31:327][  0]LogTargetPlatformManager:Display: Building Assets For Windows
[2017.01.10-19.39.32:055][  0]LogDerivedDataCache:Display: Max Cache Size: 512 MB
[2017.01.10-19.39.32:351][  0]LogDerivedDataCache: Loaded boot cache 0.30s 52MB C:/Users/Adri/AppData/Local/UnrealEngine/4.14/DerivedDataCache/Boot.ddc.
[2017.01.10-19.39.32:351][  0]LogDerivedDataCache:Display: Loaded Boot cache: C:/Users/Adri/AppData/Local/UnrealEngine/4.14/DerivedDataCache/Boot.ddc
[2017.01.10-19.39.32:351][  0]LogDerivedDataCache: FDerivedDataBackendGraph:  Pak pak cache file ../../../../../../Adri/Projects/Unreal Projects/PGV_UGR/TheLastShelter/DerivedDataCache/DDC.ddp not found, will not use a pak cache.
[2017.01.10-19.39.32:351][  0]LogDerivedDataCache: Unable to find inner node Pak for hierarchical cache Hierarchy.
[2017.01.10-19.39.32:351][  0]LogDerivedDataCache: FDerivedDataBackendGraph:  CompressedPak pak cache file ../../../../../../Adri/Projects/Unreal Projects/PGV_UGR/TheLastShelter/DerivedDataCache/Compressed.ddp not found, will not use a pak cache.
[2017.01.10-19.39.32:351][  0]LogDerivedDataCache: Unable to find inner node CompressedPak for hierarchical cache Hierarchy.
[2017.01.10-19.39.32:420][  0]LogDerivedDataCache:Display: Pak cache opened for reading ../../../Engine/DerivedDataCache/Compressed.ddp.
[2017.01.10-19.39.32:431][  0]LogDerivedDataCache: Using Local data cache path C:/Users/Adri/AppData/Local/UnrealEngine/Common/DerivedDataCache: Writable
[2017.01.10-19.39.36:666][  0]LogInit: Selected Device Profile: [Windows]
[2017.01.10-19.39.36:668][  0]LogContentStreaming: Texture pool size is 0.00 MB
[2017.01.10-19.39.36:934][  0]LogMeshUtilities: Using QuadricMeshReduction for automatic static mesh reduction
[2017.01.10-19.39.37:007][  0]LogSimplygon: Simplygon DLL not present - disabling.
[2017.01.10-19.39.37:052][  0]LogMeshUtilities: Using SimplygonSwarm for distributed automatic mesh merging
[2017.01.10-19.39.37:052][  0]LogMeshUtilities: No automatic skeletal mesh reduction module available
[2017.01.10-19.39.37:052][  0]LogMeshUtilities: No automatic mesh merging module available
[2017.01.10-19.39.37:934][  0]LogNetVersion: GetLocalNetworkVersion: CL: 3195953, ProjectName: thelastshelter, ProjectVersion: , EngineNetworkVersion: 2, GameNetworkVersion: 0, NetworkChecksum: 306971164
[2017.01.10-19.39.38:035][  0]LogAssetRegistry: FAssetRegistry took 0.0218 seconds to start up
[2017.01.10-19.39.38:126][  0]LogPackageLocalizationCache: Processed 3 localized package path(s) for 2 prioritized culture(s) in 0.077980 seconds
[2017.01.10-19.39.38:130][  0]LogUObjectArray: 31946 objects as part of root set at end of initial load.
[2017.01.10-19.39.38:130][  0]LogUObjectAllocator: 6935840 out of 0 bytes used by permanent object pool.
[2017.01.10-19.39.38:130][  0]LogUObjectArray: CloseDisregardForGC: 0/0 objects in disregard for GC pool
[2017.01.10-19.39.38:220][  0]LogInit: WinSock: version 1.1 (2.2), MaxSocks=32767, MaxUdp=65467
[2017.01.10-19.39.39:917][  0]LogSlate: Using Freetype 2.6.0
[2017.01.10-19.39.40:006][  0]LogSlate: SlateFontCache - WITH_FREETYPE: 1, WITH_HARFBUZZ: 1
[2017.01.10-19.39.40:006][  0]LogSlate: SlateFontCache - WITH_FREETYPE: 1, WITH_HARFBUZZ: 1
[2017.01.10-19.40.03:217][  0]OCULUS: Info: [HMDState] Requested to SetForegroundWindow(1505e6ll)
[2017.01.10-19.40.03:412][  0]LogTcpMessaging: Initializing TcpMessaging bridge
[2017.01.10-19.40.03:461][  0]LogUdpMessaging: Initializing bridge on interface 0.0.0.0:0 to multicast group 230.0.0.1:6666.
[2017.01.10-19.40.04:096][  0]LogMaterial: Uniform references updated for custom material expression Custom.
[2017.01.10-19.40.04:510][  0]SourceControl: Información El control de código fuente está desactivado
[2017.01.10-19.40.04:511][  0]SourceControl: Información El control de código fuente está desactivado
[2017.01.10-19.40.04:576][  0]SourceControl: Información El control de código fuente está desactivado
[2017.01.10-19.40.04:675][  0]SourceControl: Información El control de código fuente está desactivado
[2017.01.10-19.40.06:642][  0]LogEngine: Initializing Engine...
[2017.01.10-19.40.07:795][  0]LogHMD: Oculus plugin initialized. Version: 4.14.3-3249277+++UE4+Release-4.14, LibOVR: 1.10.2, SDK: 1.8.0, built Jan  6 2017, 10:50:26
[2017.01.10-19.40.08:052][  0]LogAIModule: Creating AISystem for world Untitled
[2017.01.10-19.40.08:067][  0]LogInit: XAudio2 using 'Altavoces (Realtek High Definition Audio)' : 6 channels at 48 kHz using 32 bits per sample (channel mask 0x60f)
[2017.01.10-19.40.08:126][  0]LogInit: FAudioDevice initialized.
[2017.01.10-19.40.08:150][  0]LogDerivedDataCache: Saved boot cache 0.02s 52MB C:/Users/Adri/AppData/Local/UnrealEngine/4.14/DerivedDataCache/Boot.ddc.
[2017.01.10-19.40.08:157][  0]LogInit: Texture streaming: Enabled
[2017.01.10-19.40.08:424][  0]LogInit: Transaction tracking system initialized
[2017.01.10-19.40.08:752][  0]BlueprintLog: New page: Cargar el editor
[2017.01.10-19.40.10:248][  0]LocalizationService: Información Localization service is disabled
[2017.01.10-19.40.11:078][  0]LogConsoleResponse:Display: 
[2017.01.10-19.40.12:003][  0]LogCook:Display: Max memory allowance for cook 16384mb min free memory 0mb
[2017.01.10-19.40.12:003][  0]LogCook:Display: Mobile HDR setting 1
[2017.01.10-19.40.12:193][  0]LogFileCache: Scanning file cache for directory 'E:/Adri/Projects/Unreal Projects/PGV_UGR/TheLastShelter/Content/' took 0.01s
[2017.01.10-19.40.14:502][  0]SourceControl: Información El control de código fuente está desactivado
[2017.01.10-19.40.14:502][  0]Cmd: MAP LOAD FILE="../../../../../../Adri/Projects/Unreal Projects/PGV_UGR/TheLastShelter/Content/TopDownBP/Maps/TopDownExampleMap.umap" TEMPLATE=0 SHOWPROGRESS=1 FEATURELEVEL=3
[2017.01.10-19.40.14:503][  0]LightingResults: New page: Diseñar la iluminación
[2017.01.10-19.40.14:532][  0]MapCheck: New page: Revisión del mapa
[2017.01.10-19.40.14:532][  0]LightingResults: New page: Diseñar la iluminación
[2017.01.10-19.40.15:900][  0]LogAIModule: Creating AISystem for world TopDownExampleMap
[2017.01.10-19.40.16:013][  0]LogEditorServer: Finished looking for orphan Actors (0.000 secs)
[2017.01.10-19.40.16:014][  0]Cmd: MAP CHECKDEP NOCLEARLOG
[2017.01.10-19.40.16:046][  0]MapCheck: Información Map check complete: 0 Error(s), 0 Warning(s), took 31,896ms to complete.
[2017.01.10-19.40.16:046][  0]LogFileHelpers: Loading map 'TopDownExampleMap' took 1.544
[2017.01.10-19.40.16:480][  0]LogCollectionManager: Loaded 0 collections in 0.001851 seconds
[2017.01.10-19.40.16:545][  0]LogFileCache: Scanning file cache for directory 'E:/Adri/Projects/Unreal Projects/PGV_UGR/TheLastShelter/Saved/Collections/' took 0.01s
[2017.01.10-19.40.16:545][  0]LogFileCache: Scanning file cache for directory 'E:/Adri/Projects/Unreal Projects/PGV_UGR/TheLastShelter/Content/Developers/Adri/Collections/' took 0.01s
[2017.01.10-19.40.16:545][  0]LogFileCache: Scanning file cache for directory 'E:/Adri/Projects/Unreal Projects/PGV_UGR/TheLastShelter/Content/Collections/' took 0.01s
[2017.01.10-19.40.16:545][  0]LogCollectionManager: Rebuilt the GUID cache for 0 collections in 0.000002 seconds
[2017.01.10-19.40.16:552][  0]LogContentBrowser: Native class hierarchy populated in 0.0076 seconds. Added 2190 classes and 428 folders.
[2017.01.10-19.40.16:580][  0]LogStats: UGameplayTagsManager::ConstructGameplayTagTree: Construct from data asset -  0.000 s
[2017.01.10-19.40.16:580][  0]LogStats: UGameplayTagsManager::ConstructGameplayTagTree: GameplayTagTreeChangedEvent.Broadcast -  0.000 s
[2017.01.10-19.40.16:580][  0]LogContentBrowser: Native class hierarchy updated for 'GameplayTags' in 0.0004 seconds. Added 13 classes and 0 folders.
[2017.01.10-19.40.16:619][  0]LogContentBrowser: Native class hierarchy updated for 'WidgetCarousel' in 0.0005 seconds. Added 0 classes and 0 folders.
[2017.01.10-19.40.19:375][  0]LogContentBrowser: Native class hierarchy updated for 'AddContentDialog' in 0.0004 seconds. Added 0 classes and 0 folders.
[2017.01.10-19.40.19:428][  0]LogContentBrowser: Native class hierarchy updated for 'SceneOutliner' in 0.0004 seconds. Added 1 classes and 2 folders.
[2017.01.10-19.40.19:476][  0]LogCrashTracker: Crashtracker disabled due to settings.
[2017.01.10-19.40.19:481][  0]LogUObjectGlobals:Warning: Error al encontrar el objeto 'Class Ninguno.'
[2017.01.10-19.40.19:562][  0]LogContentBrowser: Native class hierarchy updated for 'HierarchicalLODOutliner' in 0.0004 seconds. Added 1 classes and 2 folders.
[2017.01.10-19.40.19:562][  0]LogLoad: (Engine Initialization) Total time: 62.03 seconds
[2017.01.10-19.40.19:562][  0]LogLoad: (Engine Initialization) Total Blueprint compile time: 0.40 seconds
[2017.01.10-19.40.19:562][  0]LogExternalProfiler: Found external profiler: VSPerf
[2017.01.10-19.40.19:562][  0]LogExternalProfiler: Using external profiler: VSPerf
[2017.01.10-19.40.19:902][  0]LogOcInput: OculusInput pre-init called
[2017.01.10-19.40.19:912][  0]LogOcInput: OculusInput is initialized. Init status 0. Runtime version: 1.10.2
[2017.01.10-19.40.19:927][  0]LogAssetRegistry: Asset discovery search completed in 41.9139 seconds
[2017.01.10-19.40.19:927][  0]LogCollectionManager: Rebuilt the object cache for 0 collections in 0.000000 seconds (found 0 objects)
[2017.01.10-19.40.19:927][  0]LogCollectionManager: Fixed up redirectors for 0 collections in 0.000015 seconds (updated 0 objects)
[2017.01.10-19.40.19:929][  0]LogContentStreaming: Texture pool size now 1000 MB
[2017.01.10-19.40.20:224][  0]LogRenderer: Reallocating scene render targets to support 1208x576 NumSamples 1 (Frame:2).
[2017.01.10-19.40.29:117][226]LogEditorViewport: Clicking on Actor (LMB): Casilla_C (Casilla2)
[2017.01.10-19.40.29:613][275]OCULUS: Info: [HMDState] Requested to SetForegroundWindow(190602ll)
[2017.01.10-19.40.34:687][804]LogContentBrowser: Native class hierarchy updated for 'BlueprintGraph' in 0.0007 seconds. Added 111 classes and 0 folders.
[2017.01.10-19.40.40:305][180]LogRenderer: Reallocating scene render targets to support 1208x700 NumSamples 1 (Frame:797).
[2017.01.10-19.40.46:319][580]LogRenderer: Reallocating scene render targets to support 1208x784 NumSamples 1 (Frame:1154).
[2017.01.10-19.40.54:623][428]LogLinker:Warning: No puede encontrar el archivo '/Game/M_Orzelek_Assets/Materials/Free/Glass/M_Glass_Master'
[2017.01.10-19.40.54:623][428]LogLinker:Warning: No puede encontrar el archivo para el activo '/Game/M_Orzelek_Assets/Materials/Free/Glass/M_Glass_Master' mientras carga ../../../../../../Adri/Projects/Unreal Projects/PGV_UGR/TheLastShelter/Content/Casilla/Materials/Free/Glass/M_Glass_Blue.uasset.
[2017.01.10-19.40.54:623][428]LoadErrors:Error: Error /Game/Casilla/Materials/Free/Glass/M_Glass_Blue : No puede encontrar el archivo para el activo. /Game/M_Orzelek_Assets/Materials/Free/Glass/M_Glass_Master
[2017.01.10-19.40.54:623][428]LogLinker:Warning: No puede encontrar el archivo '/Game/M_Orzelek_Assets/Materials/Free/Glass/M_Glass_Master'
[2017.01.10-19.40.54:623][428]LogLinker:Warning: No puede encontrar el archivo para el activo '/Game/M_Orzelek_Assets/Materials/Free/Glass/M_Glass_Master' mientras carga ../../../../../../Adri/Projects/Unreal Projects/PGV_UGR/TheLastShelter/Content/Casilla/Materials/Free/Glass/M_Glass_Blue.uasset.
[2017.01.10-19.40.54:624][428]LogLinker:Warning: No puede encontrar el archivo '/Game/M_Orzelek_Assets/Materials/Free/Glass/M_Glass_Master'
[2017.01.10-19.40.54:624][428]LoadErrors: Información Error al cargar /Game/M_Orzelek_Assets/Materials/Free/Glass/M_Glass_Master.M_Glass_Master Referenciado por M_Glass_Blue
[2017.01.10-19.40.54:624][428]LogLinker:Warning: No puede encontrar el archivo para el activo '/Game/M_Orzelek_Assets/Materials/Free/Glass/M_Glass_Master' mientras carga NULL.
[2017.01.10-19.41.00:687][109]Cmd: OBJ SAVEPACKAGE PACKAGE="/Game/Casilla/Malla_Casilla" FILE="../../../../../../Adri/Projects/Unreal Projects/PGV_UGR/TheLastShelter/Content/Casilla/Malla_Casilla.uasset" SILENT=true
[2017.01.10-19.41.00:780][109]LogSavePackage: Save=34.92ms
[2017.01.10-19.41.00:780][109]LogSavePackage: Moving '../../../../../../Adri/Projects/Unreal Projects/PGV_UGR/TheLastShelter/Saved/Malla_CasillaE9F82EB444BB05E7D11D0A81A01AE72B.tmp' to '../../../../../../Adri/Projects/Unreal Projects/PGV_UGR/TheLastShelter/Content/Casilla/Malla_Casilla.uasset'
[2017.01.10-19.41.00:781][109]LogSavePackage:Display: Finished SavePackage ../../../../../../Adri/Projects/Unreal Projects/PGV_UGR/TheLastShelter/Content/Casilla/Malla_Casilla.uasset
[2017.01.10-19.41.27:114][903]LogLinker:Warning: No puede encontrar el archivo '/Game/M_Orzelek_Assets/Materials/Free/Glass/M_Glass_Master'
[2017.01.10-19.41.27:114][903]LogLinker:Warning: No puede encontrar el archivo para el activo '/Game/M_Orzelek_Assets/Materials/Free/Glass/M_Glass_Master' mientras carga ../../../../../../Adri/Projects/Unreal Projects/PGV_UGR/TheLastShelter/Content/Casilla/Materials/Free/Glass/M_Glass_Clean.uasset.
[2017.01.10-19.41.27:114][903]LoadErrors:Error: Error /Game/Casilla/Materials/Free/Glass/M_Glass_Clean : No puede encontrar el archivo para el activo. /Game/M_Orzelek_Assets/Materials/Free/Glass/M_Glass_Master
[2017.01.10-19.41.27:114][903]LogLinker:Warning: No puede encontrar el archivo '/Game/M_Orzelek_Assets/Materials/Free/Glass/M_Glass_Master'
[2017.01.10-19.41.27:114][903]LogLinker:Warning: No puede encontrar el archivo para el activo '/Game/M_Orzelek_Assets/Materials/Free/Glass/M_Glass_Master' mientras carga ../../../../../../Adri/Projects/Unreal Projects/PGV_UGR/TheLastShelter/Content/Casilla/Materials/Free/Glass/M_Glass_Clean.uasset.
[2017.01.10-19.41.27:114][903]LogLinker:Warning: No puede encontrar el archivo '/Game/M_Orzelek_Assets/Materials/Free/Glass/M_Glass_Master'
[2017.01.10-19.41.27:115][903]LoadErrors: Información Error al cargar /Game/M_Orzelek_Assets/Materials/Free/Glass/M_Glass_Master.M_Glass_Master Referenciado por M_Glass_Clean
[2017.01.10-19.41.27:115][903]LogLinker:Warning: No puede encontrar el archivo para el activo '/Game/M_Orzelek_Assets/Materials/Free/Glass/M_Glass_Master' mientras carga NULL.
[2017.01.10-19.41.33:530][531]LogLinker:Warning: No puede encontrar el archivo '/Game/M_Orzelek_Assets/Materials/Free/Glass/M_Glass_Master'
[2017.01.10-19.41.33:530][531]LogLinker:Warning: No puede encontrar el archivo para el activo '/Game/M_Orzelek_Assets/Materials/Free/Glass/M_Glass_Master' mientras carga ../../../../../../Adri/Projects/Unreal Projects/PGV_UGR/TheLastShelter/Content/Casilla/Materials/Free/Glass/M_Glass_Dirty.uasset.
[2017.01.10-19.41.33:530][531]LoadErrors:Error: Error /Game/Casilla/Materials/Free/Glass/M_Glass_Dirty : No puede encontrar el archivo para el activo. /Game/M_Orzelek_Assets/Materials/Free/Glass/M_Glass_Master
[2017.01.10-19.41.33:531][531]LogLinker:Warning: No puede encontrar el archivo '/Game/M_Orzelek_Assets/Materials/Free/Glass/M_Glass_Master'
[2017.01.10-19.41.33:531][531]LogLinker:Warning: No puede encontrar el archivo para el activo '/Game/M_Orzelek_Assets/Materials/Free/Glass/M_Glass_Master' mientras carga ../../../../../../Adri/Projects/Unreal Projects/PGV_UGR/TheLastShelter/Content/Casilla/Materials/Free/Glass/M_Glass_Dirty.uasset.
[2017.01.10-19.41.33:531][531]LogLinker:Warning: No puede encontrar el archivo '/Game/M_Orzelek_Assets/Materials/Free/Glass/M_Glass_Master'
[2017.01.10-19.41.33:531][531]LoadErrors: Información Error al cargar /Game/M_Orzelek_Assets/Materials/Free/Glass/M_Glass_Master.M_Glass_Master Referenciado por M_Glass_Dirty
[2017.01.10-19.41.33:531][531]LogLinker:Warning: No puede encontrar el archivo para el activo '/Game/M_Orzelek_Assets/Materials/Free/Glass/M_Glass_Master' mientras carga NULL.
[2017.01.10-19.41.33:766][531]LogMaterial: 0.00 seconds spent updating 1 materials, 1 interfaces, 0 instances, 0 with static permutations.
[2017.01.10-19.41.50:478][400]LogLinker:Warning: No puede encontrar el archivo '/Game/M_Orzelek_Assets/Textures/Free/Glass/T_Glass_dirtMask'
[2017.01.10-19.41.50:478][400]LogLinker:Warning: No puede encontrar el archivo para el activo '/Game/M_Orzelek_Assets/Textures/Free/Glass/T_Glass_dirtMask' mientras carga ../../../../../../Adri/Projects/Unreal Projects/PGV_UGR/TheLastShelter/Content/Casilla/Materials/Free/Glass/M_Glass_Master.uasset.
[2017.01.10-19.41.50:478][400]LoadErrors:Error: Error /Game/Casilla/Materials/Free/Glass/M_Glass_Master : No puede encontrar el archivo para el activo. /Game/M_Orzelek_Assets/Textures/Free/Glass/T_Glass_dirtMask
[2017.01.10-19.41.50:478][400]LogLinker:Warning: No puede encontrar el archivo '/Game/M_Orzelek_Assets/Textures/Free/Other/T_SmallBump_N'
[2017.01.10-19.41.50:478][400]LogLinker:Warning: No puede encontrar el archivo para el activo '/Game/M_Orzelek_Assets/Textures/Free/Other/T_SmallBump_N' mientras carga ../../../../../../Adri/Projects/Unreal Projects/PGV_UGR/TheLastShelter/Content/Casilla/Materials/Free/Glass/M_Glass_Master.uasset.
[2017.01.10-19.41.50:478][400]LoadErrors:Error: Error /Game/Casilla/Materials/Free/Glass/M_Glass_Master : No puede encontrar el archivo para el activo. /Game/M_Orzelek_Assets/Textures/Free/Other/T_SmallBump_N
[2017.01.10-19.41.50:478][400]LogLinker:Warning: No puede encontrar el archivo '/Game/M_Orzelek_Assets/Textures/Free/Glass/T_Glass_dirtMask'
[2017.01.10-19.41.50:478][400]LogLinker:Warning: No puede encontrar el archivo para el activo '/Game/M_Orzelek_Assets/Textures/Free/Glass/T_Glass_dirtMask' mientras carga ../../../../../../Adri/Projects/Unreal Projects/PGV_UGR/TheLastShelter/Content/Casilla/Materials/Free/Glass/M_Glass_Master.uasset.
[2017.01.10-19.41.50:478][400]LogLinker:Warning: No puede encontrar el archivo '/Game/M_Orzelek_Assets/Textures/Free/Other/T_SmallBump_N'
[2017.01.10-19.41.50:478][400]LogLinker:Warning: No puede encontrar el archivo para el activo '/Game/M_Orzelek_Assets/Textures/Free/Other/T_SmallBump_N' mientras carga ../../../../../../Adri/Projects/Unreal Projects/PGV_UGR/TheLastShelter/Content/Casilla/Materials/Free/Glass/M_Glass_Master.uasset.
[2017.01.10-19.41.50:480][400]LogLinker:Warning: No puede encontrar el archivo '/Game/M_Orzelek_Assets/Textures/Free/Glass/T_Glass_dirtMask'
[2017.01.10-19.41.50:480][400]LoadErrors: Información Error al cargar /Game/M_Orzelek_Assets/Textures/Free/Glass/T_Glass_dirtMask.T_Glass_dirtMask Referenciado por MaterialExpressionTextureSample_9
[2017.01.10-19.41.50:480][400]LogLinker:Warning: No puede encontrar el archivo para el activo '/Game/M_Orzelek_Assets/Textures/Free/Glass/T_Glass_dirtMask' mientras carga NULL.
[2017.01.10-19.41.50:480][400]LogLinker:Warning: No puede encontrar el archivo '/Game/M_Orzelek_Assets/Textures/Free/Glass/T_Glass_dirtMask'
[2017.01.10-19.41.50:480][400]LoadErrors: Información Error al cargar /Game/M_Orzelek_Assets/Textures/Free/Glass/T_Glass_dirtMask.T_Glass_dirtMask Referenciado por MaterialExpressionTextureSampleParameter2D_0
[2017.01.10-19.41.50:480][400]LogLinker:Warning: No puede encontrar el archivo para el activo '/Game/M_Orzelek_Assets/Textures/Free/Glass/T_Glass_dirtMask' mientras carga NULL.
[2017.01.10-19.41.50:480][400]LogLinker:Warning: No puede encontrar el archivo '/Game/M_Orzelek_Assets/Textures/Free/Other/T_SmallBump_N'
[2017.01.10-19.41.50:480][400]LoadErrors: Información Error al cargar /Game/M_Orzelek_Assets/Textures/Free/Other/T_SmallBump_N.T_SmallBump_N Referenciado por MaterialExpressionTextureSampleParameter2D_5
[2017.01.10-19.41.50:480][400]LogLinker:Warning: No puede encontrar el archivo para el activo '/Game/M_Orzelek_Assets/Textures/Free/Other/T_SmallBump_N' mientras carga NULL.
[2017.01.10-19.41.50:482][400]LogMaterial: Missing cached shader map for material M_Glass_Master, compiling. 
[2017.01.10-19.41.50:529][400]LogMaterial:Warning: Failed to compile Material /Game/Casilla/Materials/Free/Glass/M_Glass_Master.M_Glass_Master for platform PCD3D_SM5, Default Material will be used in game.
[2017.01.10-19.41.50:529][400]LogMaterial:Warning: 	(Node TextureSampleParameter2D) Param2D> Requires Texture2D
[2017.01.10-19.41.50:529][400]LogMaterial:Warning: 	(Node TextureSample) TextureSample> Missing input texture
[2017.01.10-19.41.50:538][400]LogMaterial: Missing cached shader map for material M_Glass_Master, compiling. 
[2017.01.10-19.41.50:538][400]LogMaterial:Warning: Failed to compile Material /Engine/Transient.M_Glass_Master for platform PCD3D_SM5, Default Material will be used in game.
[2017.01.10-19.41.50:539][400]LogMaterial:Warning: 	(Node TextureSampleParameter2D) Param2D> Requires Texture2D
[2017.01.10-19.41.50:539][400]LogMaterial:Warning: 	(Node TextureSample) TextureSample> Missing input texture
[2017.01.10-19.41.50:629][400]LogMaterial: Missing cached shader map for material M_Glass_Master, compiling. 
[2017.01.10-19.41.50:629][400]LogMaterial:Warning: Failed to compile Material /Engine/Transient.M_Glass_Master for platform PCD3D_SM5, Default Material will be used in game.
[2017.01.10-19.41.50:629][400]LogMaterial:Warning: 	(Node TextureSampleParameter2D) Param2D> Requires Texture2D
[2017.01.10-19.41.50:629][400]LogMaterial:Warning: 	(Node TextureSample) TextureSample> Missing input texture
[2017.01.10-19.41.50:629][400]LogMaterial: 0.00 seconds spent updating 1 materials, 1 interfaces, 0 instances, 0 with static permutations.
[2017.01.10-19.41.50:656][400]LogMaterial: Missing cached shader map for material FMatExpressionPreview MaterialExpressionVectorParameter_0, compiling. 
[2017.01.10-19.41.50:703][400]LogMaterial: Missing cached shader map for material FMatExpressionPreview MaterialExpressionTextureSample_9, compiling. 
[2017.01.10-19.41.50:704][400]LogMaterial: Missing cached shader map for material FMatExpressionPreview MaterialExpressionClamp_0, compiling. 
[2017.01.10-19.41.50:706][400]LogMaterial: Missing cached shader map for material FMatExpressionPreview MaterialExpressionVectorParameter_1, compiling. 
[2017.01.10-19.41.50:709][400]LogMaterial: Missing cached shader map for material FMatExpressionPreview MaterialExpressionTextureSampleParameter2D_0, compiling. 
[2017.01.10-19.41.50:711][400]LogMaterial: Missing cached shader map for material FMatExpressionPreview MaterialExpressionTextureSampleParameter2D_5, compiling. 
[2017.01.10-19.41.55:886][892]LogLinker:Warning: No puede encontrar el archivo '/Game/M_Orzelek_Assets/Materials/Free/Glass/M_Glass_Master'
[2017.01.10-19.41.55:886][892]LogLinker:Warning: No puede encontrar el archivo para el activo '/Game/M_Orzelek_Assets/Materials/Free/Glass/M_Glass_Master' mientras carga ../../../../../../Adri/Projects/Unreal Projects/PGV_UGR/TheLastShelter/Content/Casilla/Materials/Free/Glass/M_Glass_Milky.uasset.
[2017.01.10-19.41.55:886][892]LoadErrors:Error: Error /Game/Casilla/Materials/Free/Glass/M_Glass_Milky : No puede encontrar el archivo para el activo. /Game/M_Orzelek_Assets/Materials/Free/Glass/M_Glass_Master
[2017.01.10-19.41.55:886][892]LogLinker:Warning: No puede encontrar el archivo '/Game/M_Orzelek_Assets/Materials/Free/Glass/M_Glass_Master'
[2017.01.10-19.41.55:886][892]LogLinker:Warning: No puede encontrar el archivo para el activo '/Game/M_Orzelek_Assets/Materials/Free/Glass/M_Glass_Master' mientras carga ../../../../../../Adri/Projects/Unreal Projects/PGV_UGR/TheLastShelter/Content/Casilla/Materials/Free/Glass/M_Glass_Milky.uasset.
[2017.01.10-19.41.55:886][892]LogLinker:Warning: No puede encontrar el archivo '/Game/M_Orzelek_Assets/Materials/Free/Glass/M_Glass_Master'
[2017.01.10-19.41.55:886][892]LoadErrors: Información Error al cargar /Game/M_Orzelek_Assets/Materials/Free/Glass/M_Glass_Master.M_Glass_Master Referenciado por M_Glass_Milky
[2017.01.10-19.41.55:886][892]LogLinker:Warning: No puede encontrar el archivo para el activo '/Game/M_Orzelek_Assets/Materials/Free/Glass/M_Glass_Master' mientras carga NULL.
[2017.01.10-19.41.55:896][892]LogMaterial: 0.00 seconds spent updating 1 materials, 1 interfaces, 0 instances, 0 with static permutations.
[2017.01.10-19.41.58:674][206]LogLinker:Warning: No puede encontrar el archivo '/Game/M_Orzelek_Assets/Materials/Free/Glass/M_Glass_Master'
[2017.01.10-19.41.58:674][206]LogLinker:Warning: No puede encontrar el archivo para el activo '/Game/M_Orzelek_Assets/Materials/Free/Glass/M_Glass_Master' mientras carga ../../../../../../Adri/Projects/Unreal Projects/PGV_UGR/TheLastShelter/Content/Casilla/Materials/Free/Glass/M_Glass_Red.uasset.
[2017.01.10-19.41.58:674][206]LoadErrors:Error: Error /Game/Casilla/Materials/Free/Glass/M_Glass_Red : No puede encontrar el archivo para el activo. /Game/M_Orzelek_Assets/Materials/Free/Glass/M_Glass_Master
[2017.01.10-19.41.58:674][206]LogLinker:Warning: No puede encontrar el archivo '/Game/M_Orzelek_Assets/Materials/Free/Glass/M_Glass_Master'
[2017.01.10-19.41.58:674][206]LogLinker:Warning: No puede encontrar el archivo para el activo '/Game/M_Orzelek_Assets/Materials/Free/Glass/M_Glass_Master' mientras carga ../../../../../../Adri/Projects/Unreal Projects/PGV_UGR/TheLastShelter/Content/Casilla/Materials/Free/Glass/M_Glass_Red.uasset.
[2017.01.10-19.41.58:674][206]LogLinker:Warning: No puede encontrar el archivo '/Game/M_Orzelek_Assets/Materials/Free/Glass/M_Glass_Master'
[2017.01.10-19.41.58:674][206]LoadErrors: Información Error al cargar /Game/M_Orzelek_Assets/Materials/Free/Glass/M_Glass_Master.M_Glass_Master Referenciado por M_Glass_Red
[2017.01.10-19.41.58:674][206]LogLinker:Warning: No puede encontrar el archivo para el activo '/Game/M_Orzelek_Assets/Materials/Free/Glass/M_Glass_Master' mientras carga NULL.
[2017.01.10-19.42.00:560][414]LogLinker:Warning: No puede encontrar el archivo '/Game/M_Orzelek_Assets/Materials/Free/Glass/M_GlassShattered_Master'
[2017.01.10-19.42.00:560][414]LogLinker:Warning: No puede encontrar el archivo para el activo '/Game/M_Orzelek_Assets/Materials/Free/Glass/M_GlassShattered_Master' mientras carga ../../../../../../Adri/Projects/Unreal Projects/PGV_UGR/TheLastShelter/Content/Casilla/Materials/Free/Glass/M_GlassShattered_1.uasset.
[2017.01.10-19.42.00:560][414]LoadErrors:Error: Error /Game/Casilla/Materials/Free/Glass/M_GlassShattered_1 : No puede encontrar el archivo para el activo. /Game/M_Orzelek_Assets/Materials/Free/Glass/M_GlassShattered_Master
[2017.01.10-19.42.00:560][414]LogLinker:Warning: No puede encontrar el archivo '/Game/M_Orzelek_Assets/Materials/Free/Glass/M_GlassShattered_Master'
[2017.01.10-19.42.00:560][414]LogLinker:Warning: No puede encontrar el archivo para el activo '/Game/M_Orzelek_Assets/Materials/Free/Glass/M_GlassShattered_Master' mientras carga ../../../../../../Adri/Projects/Unreal Projects/PGV_UGR/TheLastShelter/Content/Casilla/Materials/Free/Glass/M_GlassShattered_1.uasset.
[2017.01.10-19.42.00:561][414]LogLinker:Warning: No puede encontrar el archivo '/Game/M_Orzelek_Assets/Materials/Free/Glass/M_GlassShattered_Master'
[2017.01.10-19.42.00:561][414]LoadErrors: Información Error al cargar /Game/M_Orzelek_Assets/Materials/Free/Glass/M_GlassShattered_Master.M_GlassShattered_Master Referenciado por M_GlassShattered_1
[2017.01.10-19.42.00:561][414]LogLinker:Warning: No puede encontrar el archivo para el activo '/Game/M_Orzelek_Assets/Materials/Free/Glass/M_GlassShattered_Master' mientras carga NULL.
[2017.01.10-19.42.02:712][654]LogLinker:Warning: No puede encontrar el archivo '/Game/M_Orzelek_Assets/Materials/Free/Glass/M_GlassShattered_Master'
[2017.01.10-19.42.02:712][654]LogLinker:Warning: No puede encontrar el archivo para el activo '/Game/M_Orzelek_Assets/Materials/Free/Glass/M_GlassShattered_Master' mientras carga ../../../../../../Adri/Projects/Unreal Projects/PGV_UGR/TheLastShelter/Content/Casilla/Materials/Free/Glass/M_GlassShattered_2.uasset.
[2017.01.10-19.42.02:712][654]LoadErrors:Error: Error /Game/Casilla/Materials/Free/Glass/M_GlassShattered_2 : No puede encontrar el archivo para el activo. /Game/M_Orzelek_Assets/Materials/Free/Glass/M_GlassShattered_Master
[2017.01.10-19.42.02:712][654]LogLinker:Warning: No puede encontrar el archivo '/Game/M_Orzelek_Assets/Materials/Free/Glass/M_GlassShattered_Master'
[2017.01.10-19.42.02:712][654]LogLinker:Warning: No puede encontrar el archivo para el activo '/Game/M_Orzelek_Assets/Materials/Free/Glass/M_GlassShattered_Master' mientras carga ../../../../../../Adri/Projects/Unreal Projects/PGV_UGR/TheLastShelter/Content/Casilla/Materials/Free/Glass/M_GlassShattered_2.uasset.
[2017.01.10-19.42.02:712][654]LogLinker:Warning: No puede encontrar el archivo '/Game/M_Orzelek_Assets/Textures/Free/Glass/T_Glass_shattered2_mask'
[2017.01.10-19.42.02:712][654]LogLinker:Warning: No puede encontrar el archivo para el activo '/Game/M_Orzelek_Assets/Textures/Free/Glass/T_Glass_shattered2_mask' mientras carga ../../../../../../Adri/Projects/Unreal Projects/PGV_UGR/TheLastShelter/Content/Casilla/Materials/Free/Glass/M_GlassShattered_2.uasset.
[2017.01.10-19.42.02:712][654]LoadErrors:Error: Error /Game/Casilla/Materials/Free/Glass/M_GlassShattered_2 : No puede encontrar el archivo para el activo. /Game/M_Orzelek_Assets/Textures/Free/Glass/T_Glass_shattered2_mask
[2017.01.10-19.42.02:713][654]LogLinker:Warning: No puede encontrar el archivo '/Game/M_Orzelek_Assets/Textures/Free/Glass/T_Glass_shattered2_norm'
[2017.01.10-19.42.02:713][654]LogLinker:Warning: No puede encontrar el archivo para el activo '/Game/M_Orzelek_Assets/Textures/Free/Glass/T_Glass_shattered2_norm' mientras carga ../../../../../../Adri/Projects/Unreal Projects/PGV_UGR/TheLastShelter/Content/Casilla/Materials/Free/Glass/M_GlassShattered_2.uasset.
[2017.01.10-19.42.02:713][654]LoadErrors:Error: Error /Game/Casilla/Materials/Free/Glass/M_GlassShattered_2 : No puede encontrar el archivo para el activo. /Game/M_Orzelek_Assets/Textures/Free/Glass/T_Glass_shattered2_norm
[2017.01.10-19.42.02:713][654]LogLinker:Warning: No puede encontrar el archivo '/Game/M_Orzelek_Assets/Textures/Free/Glass/T_Glass_shattered2_mask'
[2017.01.10-19.42.02:713][654]LogLinker:Warning: No puede encontrar el archivo para el activo '/Game/M_Orzelek_Assets/Textures/Free/Glass/T_Glass_shattered2_mask' mientras carga ../../../../../../Adri/Projects/Unreal Projects/PGV_UGR/TheLastShelter/Content/Casilla/Materials/Free/Glass/M_GlassShattered_2.uasset.
[2017.01.10-19.42.02:713][654]LogLinker:Warning: No puede encontrar el archivo '/Game/M_Orzelek_Assets/Textures/Free/Glass/T_Glass_shattered2_norm'
[2017.01.10-19.42.02:713][654]LogLinker:Warning: No puede encontrar el archivo para el activo '/Game/M_Orzelek_Assets/Textures/Free/Glass/T_Glass_shattered2_norm' mientras carga ../../../../../../Adri/Projects/Unreal Projects/PGV_UGR/TheLastShelter/Content/Casilla/Materials/Free/Glass/M_GlassShattered_2.uasset.
[2017.01.10-19.42.02:713][654]LogLinker:Warning: No puede encontrar el archivo '/Game/M_Orzelek_Assets/Materials/Free/Glass/M_GlassShattered_Master'
[2017.01.10-19.42.02:713][654]LoadErrors: Información Error al cargar /Game/M_Orzelek_Assets/Materials/Free/Glass/M_GlassShattered_Master.M_GlassShattered_Master Referenciado por M_GlassShattered_2
[2017.01.10-19.42.02:713][654]LogLinker:Warning: No puede encontrar el archivo para el activo '/Game/M_Orzelek_Assets/Materials/Free/Glass/M_GlassShattered_Master' mientras carga NULL.
[2017.01.10-19.42.02:713][654]LogLinker:Warning: No puede encontrar el archivo '/Game/M_Orzelek_Assets/Textures/Free/Glass/T_Glass_shattered2_mask'
[2017.01.10-19.42.02:713][654]LoadErrors: Información Error al cargar /Game/M_Orzelek_Assets/Textures/Free/Glass/T_Glass_shattered2_mask.T_Glass_shattered2_mask Referenciado por M_GlassShattered_2
[2017.01.10-19.42.02:714][654]LogLinker:Warning: No puede encontrar el archivo para el activo '/Game/M_Orzelek_Assets/Textures/Free/Glass/T_Glass_shattered2_mask' mientras carga NULL.
[2017.01.10-19.42.02:714][654]LogLinker:Warning: No puede encontrar el archivo '/Game/M_Orzelek_Assets/Textures/Free/Glass/T_Glass_shattered2_norm'
[2017.01.10-19.42.02:714][654]LoadErrors: Información Error al cargar /Game/M_Orzelek_Assets/Textures/Free/Glass/T_Glass_shattered2_norm.T_Glass_shattered2_norm Referenciado por M_GlassShattered_2
[2017.01.10-19.42.02:714][654]LogLinker:Warning: No puede encontrar el archivo para el activo '/Game/M_Orzelek_Assets/Textures/Free/Glass/T_Glass_shattered2_norm' mientras carga NULL.
[2017.01.10-19.42.02:724][654]LogMaterial: 0.00 seconds spent updating 1 materials, 1 interfaces, 0 instances, 0 with static permutations.
[2017.01.10-19.42.04:666][871]LogLinker:Warning: No puede encontrar el archivo '/Game/M_Orzelek_Assets/Textures/Free/Glass/T_Glass_shattered_mask'
[2017.01.10-19.42.04:666][871]LogLinker:Warning: No puede encontrar el archivo para el activo '/Game/M_Orzelek_Assets/Textures/Free/Glass/T_Glass_shattered_mask' mientras carga ../../../../../../Adri/Projects/Unreal Projects/PGV_UGR/TheLastShelter/Content/Casilla/Materials/Free/Glass/M_GlassShattered_Master.uasset.
[2017.01.10-19.42.04:666][871]LoadErrors:Error: Error /Game/Casilla/Materials/Free/Glass/M_GlassShattered_Master : No puede encontrar el archivo para el activo. /Game/M_Orzelek_Assets/Textures/Free/Glass/T_Glass_shattered_mask
[2017.01.10-19.42.04:666][871]LogLinker:Warning: No puede encontrar el archivo '/Game/M_Orzelek_Assets/Textures/Free/Glass/T_Glass_shattered_N'
[2017.01.10-19.42.04:666][871]LogLinker:Warning: No puede encontrar el archivo para el activo '/Game/M_Orzelek_Assets/Textures/Free/Glass/T_Glass_shattered_N' mientras carga ../../../../../../Adri/Projects/Unreal Projects/PGV_UGR/TheLastShelter/Content/Casilla/Materials/Free/Glass/M_GlassShattered_Master.uasset.
[2017.01.10-19.42.04:666][871]LoadErrors:Error: Error /Game/Casilla/Materials/Free/Glass/M_GlassShattered_Master : No puede encontrar el archivo para el activo. /Game/M_Orzelek_Assets/Textures/Free/Glass/T_Glass_shattered_N
[2017.01.10-19.42.04:666][871]LogLinker:Warning: No puede encontrar el archivo '/Game/M_Orzelek_Assets/Textures/Free/Glass/T_Glass_shattered_mask'
[2017.01.10-19.42.04:666][871]LogLinker:Warning: No puede encontrar el archivo para el activo '/Game/M_Orzelek_Assets/Textures/Free/Glass/T_Glass_shattered_mask' mientras carga ../../../../../../Adri/Projects/Unreal Projects/PGV_UGR/TheLastShelter/Content/Casilla/Materials/Free/Glass/M_GlassShattered_Master.uasset.
[2017.01.10-19.42.04:667][871]LogLinker:Warning: No puede encontrar el archivo '/Game/M_Orzelek_Assets/Textures/Free/Glass/T_Glass_shattered_N'
[2017.01.10-19.42.04:667][871]LogLinker:Warning: No puede encontrar el archivo para el activo '/Game/M_Orzelek_Assets/Textures/Free/Glass/T_Glass_shattered_N' mientras carga ../../../../../../Adri/Projects/Unreal Projects/PGV_UGR/TheLastShelter/Content/Casilla/Materials/Free/Glass/M_GlassShattered_Master.uasset.
[2017.01.10-19.42.04:668][871]LogLinker:Warning: No puede encontrar el archivo '/Game/M_Orzelek_Assets/Textures/Free/Glass/T_Glass_shattered_N'
[2017.01.10-19.42.04:668][871]LoadErrors: Información Error al cargar /Game/M_Orzelek_Assets/Textures/Free/Glass/T_Glass_shattered_N.T_Glass_shattered_N Referenciado por MaterialExpressionTextureSampleParameter2D_2
[2017.01.10-19.42.04:668][871]LogLinker:Warning: No puede encontrar el archivo para el activo '/Game/M_Orzelek_Assets/Textures/Free/Glass/T_Glass_shattered_N' mientras carga NULL.
[2017.01.10-19.42.04:668][871]LogLinker:Warning: No puede encontrar el archivo '/Game/M_Orzelek_Assets/Textures/Free/Glass/T_Glass_shattered_mask'
[2017.01.10-19.42.04:668][871]LoadErrors: Información Error al cargar /Game/M_Orzelek_Assets/Textures/Free/Glass/T_Glass_shattered_mask.T_Glass_shattered_mask Referenciado por MaterialExpressionTextureSampleParameter2D_3
[2017.01.10-19.42.04:668][871]LogLinker:Warning: No puede encontrar el archivo para el activo '/Game/M_Orzelek_Assets/Textures/Free/Glass/T_Glass_shattered_mask' mientras carga NULL.
[2017.01.10-19.42.04:668][871]LogLinker:Warning: No puede encontrar el archivo '/Game/M_Orzelek_Assets/Textures/Free/Glass/T_Glass_shattered_mask'
[2017.01.10-19.42.04:668][871]LoadErrors: Información Error al cargar /Game/M_Orzelek_Assets/Textures/Free/Glass/T_Glass_shattered_mask.T_Glass_shattered_mask Referenciado por MaterialExpressionTextureSampleParameter2D_4
[2017.01.10-19.42.04:668][871]LogLinker:Warning: No puede encontrar el archivo para el activo '/Game/M_Orzelek_Assets/Textures/Free/Glass/T_Glass_shattered_mask' mientras carga NULL.
[2017.01.10-19.42.04:671][871]LogMaterial: Missing cached shader map for material M_GlassShattered_Master, compiling. 
[2017.01.10-19.42.04:671][871]LogMaterial:Warning: Failed to compile Material /Game/Casilla/Materials/Free/Glass/M_GlassShattered_Master.M_GlassShattered_Master for platform PCD3D_SM5, Default Material will be used in game.
[2017.01.10-19.42.04:671][871]LogMaterial:Warning: 	(Node TextureSampleParameter2D) Param2D> Requires Texture2D
[2017.01.10-19.42.04:680][871]LogMaterial: Missing cached shader map for material M_GlassShattered_Master, compiling. 
[2017.01.10-19.42.04:681][871]LogMaterial:Warning: Failed to compile Material /Engine/Transient.M_GlassShattered_Master for platform PCD3D_SM5, Default Material will be used in game.
[2017.01.10-19.42.04:681][871]LogMaterial:Warning: 	(Node TextureSampleParameter2D) Param2D> Requires Texture2D
[2017.01.10-19.42.04:743][871]LogMaterial: Missing cached shader map for material M_GlassShattered_Master, compiling. 
[2017.01.10-19.42.04:744][871]LogMaterial:Warning: Failed to compile Material /Engine/Transient.M_GlassShattered_Master for platform PCD3D_SM5, Default Material will be used in game.
[2017.01.10-19.42.04:744][871]LogMaterial:Warning: 	(Node TextureSampleParameter2D) Param2D> Requires Texture2D
[2017.01.10-19.42.04:744][871]LogMaterial: 0.00 seconds spent updating 1 materials, 1 interfaces, 0 instances, 0 with static permutations.
[2017.01.10-19.42.04:768][871]LogMaterial: Missing cached shader map for material FMatExpressionPreview MaterialExpressionVectorParameter_0, compiling. 
[2017.01.10-19.42.04:772][871]LogMaterial: Missing cached shader map for material FMatExpressionPreview MaterialExpressionBumpOffset_0, compiling. 
[2017.01.10-19.42.04:774][871]LogMaterial: Missing cached shader map for material FMatExpressionPreview MaterialExpressionTextureSampleParameter2D_3, compiling. 
[2017.01.10-19.42.04:775][871]LogMaterial: Missing cached shader map for material FMatExpressionPreview MaterialExpressionTextureSampleParameter2D_2, compiling. 
[2017.01.10-19.42.04:777][871]LogMaterial: Missing cached shader map for material FMatExpressionPreview MaterialExpressionTextureSampleParameter2D_4, compiling. 
[2017.01.10-19.42.08:883][292]LogMaterial: Missing cached shader map for material PreviewMaterial_0, compiling. 
[2017.01.10-19.42.08:883][292]LogMaterial:Warning: Failed to compile Material /Engine/Transient.PreviewMaterial_0 for platform PCD3D_SM5, Default Material will be used in game.
[2017.01.10-19.42.08:883][292]LogMaterial:Warning: 	(Node TextureSampleParameter2D) Param2D> Requires Texture2D
[2017.01.10-19.42.08:883][292]LogMaterial:Warning: 	(Node TextureSample) TextureSample> Missing input texture
[2017.01.10-19.42.08:934][292]LogMaterial: Missing cached shader map for material PreviewMaterial_0, compiling. 
[2017.01.10-19.42.08:935][292]LogMaterial:Warning: Failed to compile Material /Engine/Transient.PreviewMaterial_0 for platform PCD3D_SM5, Default Material will be used in game.
[2017.01.10-19.42.08:935][292]LogMaterial:Warning: 	(Node TextureSampleParameter2D) Param2D> Requires Texture2D
[2017.01.10-19.42.08:935][292]LogMaterial:Warning: 	(Node TextureSample) TextureSample> Missing input texture
[2017.01.10-19.42.08:935][292]LogMaterial: 0.00 seconds spent updating 1 materials, 1 interfaces, 0 instances, 0 with static permutations.
[2017.01.10-19.42.08:963][292]LogMaterial: Missing cached shader map for material FMatExpressionPreview MaterialExpressionVectorParameter_0, compiling. 
[2017.01.10-19.42.08:966][292]LogMaterial: Missing cached shader map for material FMatExpressionPreview MaterialExpressionTextureSample_9, compiling. 
[2017.01.10-19.42.08:968][292]LogMaterial: Missing cached shader map for material FMatExpressionPreview MaterialExpressionClamp_0, compiling. 
[2017.01.10-19.42.08:969][292]LogMaterial: Missing cached shader map for material FMatExpressionPreview MaterialExpressionVectorParameter_1, compiling. 
[2017.01.10-19.42.08:973][292]LogMaterial: Missing cached shader map for material FMatExpressionPreview MaterialExpressionTextureSampleParameter2D_0, compiling. 
[2017.01.10-19.42.08:975][292]LogMaterial: Missing cached shader map for material FMatExpressionPreview MaterialExpressionTextureSampleParameter2D_5, compiling. 
[2017.01.10-19.42.22:304][600]LogMaterialEditor: Saving and Compiling material M_Glass_Master
[2017.01.10-19.42.22:347][600]LogSavePackage: Save=15.09ms
[2017.01.10-19.42.22:347][600]LogSavePackage: Moving '../../../../../../Adri/Projects/Unreal Projects/PGV_UGR/TheLastShelter/Saved/M_Glass_Master430F7D29481B83ABBED3B79E21F3D4DE.tmp' to '../../../../../../Adri/Projects/Unreal Projects/PGV_UGR/TheLastShelter/Content/Casilla/Materials/Free/Glass/M_Glass_Master.uasset'
[2017.01.10-19.42.22:347][600]LogSavePackage:Display: Finished SavePackage ../../../../../../Adri/Projects/Unreal Projects/PGV_UGR/TheLastShelter/Content/Casilla/Materials/Free/Glass/M_Glass_Master.uasset
[2017.01.10-19.42.34:831][964]LogTexture:Display: Generando texturas: T_Glass_dirtMask (AutoDXT)
[2017.01.10-19.42.35:223][964]LogContentBrowser: Native class hierarchy updated for 'TextureEditor' in 0.0005 seconds. Added 1 classes and 2 folders.
[2017.01.10-19.44.41:736][209]LogSavePackage: Save=11.82ms
[2017.01.10-19.44.41:736][209]LogSavePackage: Moving '../../../../../../Adri/Projects/Unreal Projects/PGV_UGR/TheLastShelter/Saved/M_Glass_Blue000C4A6F489150A0AE7EB7A213F7A77D.tmp' to '../../../../../../Adri/Projects/Unreal Projects/PGV_UGR/TheLastShelter/Content/Casilla/Materials/Free/Glass/M_Glass_Blue.uasset'
[2017.01.10-19.44.41:737][209]LogSavePackage:Display: Finished SavePackage ../../../../../../Adri/Projects/Unreal Projects/PGV_UGR/TheLastShelter/Content/Casilla/Materials/Free/Glass/M_Glass_Blue.uasset
[2017.01.10-19.44.52:921][194]LogEditorViewport: Clicking on Actor (LMB): StaticMeshActor (Floor)
[2017.01.10-19.44.53:598][266]LogEditorViewport: Clicking on Actor (LMB): Casilla_C (Casilla4)
[2017.01.10-19.44.54:365][354]LogEditorViewport: Clicking on Actor (LMB): StaticMeshActor (Floor)
[2017.01.10-19.44.57:467][716]LogMaterial: Missing cached shader map for material M_Glass_Master, compiling. 
[2017.01.10-19.44.57:467][716]LogMaterial:Warning: Failed to compile Material /Engine/Transient.M_Glass_Master for platform PCD3D_SM5, Default Material will be used in game.
[2017.01.10-19.44.57:467][716]LogMaterial:Warning: 	(Node TextureSampleParameter2D) Param2D> Requires Texture2D
[2017.01.10-19.44.57:467][716]LogMaterial:Warning: 	(Node TextureSample) TextureSample> Missing input texture
[2017.01.10-19.44.57:520][716]LogMaterial: Missing cached shader map for material M_Glass_Master, compiling. 
[2017.01.10-19.44.57:521][716]LogMaterial:Warning: Failed to compile Material /Engine/Transient.M_Glass_Master for platform PCD3D_SM5, Default Material will be used in game.
[2017.01.10-19.44.57:521][716]LogMaterial:Warning: 	(Node TextureSampleParameter2D) Param2D> Requires Texture2D
[2017.01.10-19.44.57:521][716]LogMaterial:Warning: 	(Node TextureSample) TextureSample> Missing input texture
[2017.01.10-19.44.57:521][716]LogMaterial: 0.00 seconds spent updating 1 materials, 1 interfaces, 0 instances, 0 with static permutations.
[2017.01.10-19.44.57:547][716]LogMaterial: Missing cached shader map for material FMatExpressionPreview MaterialExpressionVectorParameter_0, compiling. 
[2017.01.10-19.44.57:551][716]LogMaterial: Missing cached shader map for material FMatExpressionPreview MaterialExpressionTextureSample_9, compiling. 
[2017.01.10-19.44.57:552][716]LogMaterial: Missing cached shader map for material FMatExpressionPreview MaterialExpressionClamp_0, compiling. 
[2017.01.10-19.44.57:553][716]LogMaterial: Missing cached shader map for material FMatExpressionPreview MaterialExpressionVectorParameter_1, compiling. 
[2017.01.10-19.44.57:556][716]LogMaterial: Missing cached shader map for material FMatExpressionPreview MaterialExpressionTextureSampleParameter2D_0, compiling. 
[2017.01.10-19.44.57:558][716]LogMaterial: Missing cached shader map for material FMatExpressionPreview MaterialExpressionTextureSampleParameter2D_5, compiling. 
[2017.01.10-19.45.21:316][284]LogEditorViewport: Clicking on Actor (context menu): StaticMeshActor (Floor)
[2017.01.10-19.45.22:443][415]LogEditorViewport: Clicking on Actor (LMB): StaticMeshActor (Floor)
[2017.01.10-19.45.22:735][447]Cmd: TRANSACTION UNDO
[2017.01.10-19.45.22:735][447]LogEditorTransaction: Undo Pinchar en los actores
[2017.01.10-19.45.24:360][639]Cmd: TRANSACTION UNDO
[2017.01.10-19.45.24:360][639]LogEditorTransaction: Undo Pinchar en los actores (menú contextual)
[2017.01.10-19.45.25:885][820]Cmd: TRANSACTION UNDO
[2017.01.10-19.45.25:885][820]LogEditorTransaction: Undo Reemplazar material 
[2017.01.10-19.48.21:766][865]LogEditorViewport: Clicking on Actor (LMB): Casilla_C (Casilla4)
[2017.01.10-19.48.22:363][932]Cmd: DELETE
[2017.01.10-19.48.22:363][932]Cmd: ACTOR DELETE
[2017.01.10-19.48.22:454][932]LogEditorActor: Deleted Actor: Casilla_C
[2017.01.10-19.48.22:470][932]LogEditorActor: Deleted 1 Actors (0.016 secs)
[2017.01.10-19.48.22:800][971]LogEditorViewport: Clicking on Actor (LMB): Casilla_C (Casilla3)
[2017.01.10-19.48.22:947][985]Cmd: DELETE
[2017.01.10-19.48.22:947][985]Cmd: ACTOR DELETE
[2017.01.10-19.48.22:948][985]LogEditorActor: Deleted Actor: Casilla_C
[2017.01.10-19.48.22:960][985]LogEditorActor: Deleted 1 Actors (0.012 secs)
[2017.01.10-19.48.23:247][ 19]LogEditorViewport: Clicking on Actor (LMB): Casilla_C (Casilla2)
[2017.01.10-19.48.23:419][ 35]Cmd: DELETE
[2017.01.10-19.48.23:419][ 35]Cmd: ACTOR DELETE
[2017.01.10-19.48.23:420][ 35]LogEditorActor: Deleted Actor: Casilla_C
[2017.01.10-19.48.23:430][ 35]LogEditorActor: Deleted 1 Actors (0.011 secs)
[2017.01.10-19.48.23:668][ 63]LogEditorViewport: Clicking on Actor (LMB): Casilla_C (Casilla)
[2017.01.10-19.48.23:847][ 81]Cmd: DELETE
[2017.01.10-19.48.23:847][ 81]Cmd: ACTOR DELETE
[2017.01.10-19.48.23:848][ 81]LogEditorActor: Deleted Actor: Casilla_C
[2017.01.10-19.48.23:860][ 81]LogEditorActor: Deleted 1 Actors (0.013 secs)
[2017.01.10-19.48.25:098][229]Cmd: TRANSACTION UNDO
[2017.01.10-19.48.25:098][229]LogEditorTransaction: Undo Eliminar actores
[2017.01.10-19.48.25:346][253]Cmd: TRANSACTION UNDO
[2017.01.10-19.48.25:346][253]LogEditorTransaction: Undo Pinchar en los actores
[2017.01.10-19.48.25:592][281]Cmd: TRANSACTION UNDO
[2017.01.10-19.48.25:592][281]LogEditorTransaction: Undo Eliminar actores
[2017.01.10-19.48.25:861][310]Cmd: TRANSACTION UNDO
[2017.01.10-19.48.25:861][310]LogEditorTransaction: Undo Pinchar en los actores
[2017.01.10-19.48.26:211][351]Cmd: TRANSACTION UNDO
[2017.01.10-19.48.26:211][351]LogEditorTransaction: Undo Eliminar actores
[2017.01.10-19.48.26:488][381]Cmd: TRANSACTION UNDO
[2017.01.10-19.48.26:488][381]LogEditorTransaction: Undo Pinchar en los actores
[2017.01.10-19.48.26:788][416]Cmd: TRANSACTION UNDO
[2017.01.10-19.48.26:788][416]LogEditorTransaction: Undo Eliminar actores
[2017.01.10-19.48.27:684][520]LogEditorViewport: Clicking on Actor (LMB): StaticMeshActor (Floor)
[2017.01.10-19.48.31:670][961]LogSavePackage: Save=145.17ms
[2017.01.10-19.48.31:670][961]LogSavePackage: Moving '../../../../../../Adri/Projects/Unreal Projects/PGV_UGR/TheLastShelter/Saved/TopDownExampleMapEC0E2D3546D2F79A802031B3EFAD1C13.tmp' to '../../../../../../Adri/Projects/Unreal Projects/PGV_UGR/TheLastShelter/Content/TopDownBP/Maps/TopDownExampleMap.umap'
[2017.01.10-19.48.31:671][961]LogSavePackage:Display: Finished SavePackage ../../../../../../Adri/Projects/Unreal Projects/PGV_UGR/TheLastShelter/Content/TopDownBP/Maps/TopDownExampleMap.umap
[2017.01.10-19.48.31:853][961]LogSavePackage: Save=131.68ms
[2017.01.10-19.48.31:853][961]LogSavePackage: Moving '../../../../../../Adri/Projects/Unreal Projects/PGV_UGR/TheLastShelter/Saved/TopDownExampleMap_BuiltData36B347954ADEABA76A18E59EF990F2F4.tmp' to '../../../../../../Adri/Projects/Unreal Projects/PGV_UGR/TheLastShelter/Content/TopDownBP/Maps/TopDownExampleMap_BuiltData.uasset'
[2017.01.10-19.48.31:854][961]LogSavePackage:Display: Finished SavePackage ../../../../../../Adri/Projects/Unreal Projects/PGV_UGR/TheLastShelter/Content/TopDownBP/Maps/TopDownExampleMap_BuiltData.uasset
[2017.01.10-19.50.23:910][548]LogMaterial: 0.00 seconds spent updating 1 materials, 1 interfaces, 0 instances, 0 with static permutations.
[2017.01.10-19.52.25:095][786]LogMaterial: Missing cached shader map for material M_Glass_Master, compiling. 
[2017.01.10-19.52.25:095][786]LogMaterial:Warning: Failed to compile Material Instance /Game/Casilla/Materials/Free/Glass/M_Glass_Red.M_Glass_Red with Base M_Glass_Master for platform PCD3D_SM5, Default Material will be used in game.
[2017.01.10-19.52.25:095][786]LogMaterial:Warning: 	(Node TextureSampleParameter2D) Param2D> Requires Texture2D
[2017.01.10-19.52.25:095][786]LogMaterial:Warning: 	(Node TextureSample) TextureSample> Missing input texture
[2017.01.10-19.52.25:097][786]LogMaterial: Missing cached shader map for material M_Glass_Master, compiling. 
[2017.01.10-19.52.25:097][786]LogMaterial:Warning: Failed to compile Material Instance /Game/Casilla/Materials/Free/Glass/M_Glass_Red.M_Glass_Red with Base M_Glass_Master for platform PCD3D_SM5, Default Material will be used in game.
[2017.01.10-19.52.25:097][786]LogMaterial:Warning: 	(Node TextureSampleParameter2D) Param2D> Requires Texture2D
[2017.01.10-19.52.25:097][786]LogMaterial:Warning: 	(Node TextureSample) TextureSample> Missing input texture
[2017.01.10-19.52.25:098][786]LogMaterial: 0.00 seconds spent updating 1 materials, 1 interfaces, 0 instances, 1 with static permutations.
[2017.01.10-19.52.25:511][833]LogMaterial: 0.00 seconds spent updating 1 materials, 1 interfaces, 0 instances, 0 with static permutations.
[2017.01.10-19.53.19:317][107]LogMaterial: Missing cached shader map for material M_Glass_Master, compiling. 
[2017.01.10-19.53.19:317][107]LogMaterial:Warning: Failed to compile Material /Engine/Transient.M_Glass_Master for platform PCD3D_SM5, Default Material will be used in game.
[2017.01.10-19.53.19:317][107]LogMaterial:Warning: 	(Node TextureSampleParameter2D) Param2D> Requires Texture2D
[2017.01.10-19.53.19:317][107]LogMaterial:Warning: 	(Node TextureSample) TextureSample> Missing input texture
[2017.01.10-19.53.19:367][107]LogMaterial: Missing cached shader map for material M_Glass_Master, compiling. 
[2017.01.10-19.53.19:367][107]LogMaterial:Warning: Failed to compile Material /Engine/Transient.M_Glass_Master for platform PCD3D_SM5, Default Material will be used in game.
[2017.01.10-19.53.19:367][107]LogMaterial:Warning: 	(Node TextureSampleParameter2D) Param2D> Requires Texture2D
[2017.01.10-19.53.19:367][107]LogMaterial:Warning: 	(Node TextureSample) TextureSample> Missing input texture
[2017.01.10-19.53.19:367][107]LogMaterial: 0.00 seconds spent updating 1 materials, 1 interfaces, 0 instances, 0 with static permutations.
[2017.01.10-19.53.19:394][107]LogMaterial: Missing cached shader map for material FMatExpressionPreview MaterialExpressionVectorParameter_0, compiling. 
[2017.01.10-19.53.19:397][107]LogMaterial: Missing cached shader map for material FMatExpressionPreview MaterialExpressionTextureSample_9, compiling. 
[2017.01.10-19.53.19:399][107]LogMaterial: Missing cached shader map for material FMatExpressionPreview MaterialExpressionClamp_0, compiling. 
[2017.01.10-19.53.19:400][107]LogMaterial: Missing cached shader map for material FMatExpressionPreview MaterialExpressionVectorParameter_1, compiling. 
[2017.01.10-19.53.19:404][107]LogMaterial: Missing cached shader map for material FMatExpressionPreview MaterialExpressionTextureSampleParameter2D_0, compiling. 
[2017.01.10-19.53.19:405][107]LogMaterial: Missing cached shader map for material FMatExpressionPreview MaterialExpressionTextureSampleParameter2D_5, compiling. 
[2017.01.10-19.53.50:398][965]LogMaterial: Missing cached shader map for material M_Glass_Master, compiling. 
[2017.01.10-19.53.50:398][965]LogMaterial:Warning: Failed to compile Material /Engine/Transient.M_Glass_Master for platform PCD3D_SM5, Default Material will be used in game.
[2017.01.10-19.53.50:398][965]LogMaterial:Warning: 	(Node TextureSample) TextureSample> Missing input texture
[2017.01.10-19.53.50:398][965]LogMaterial: 0.00 seconds spent updating 1 materials, 1 interfaces, 0 instances, 0 with static permutations.
[2017.01.10-19.53.50:429][965]LogMaterial: Missing cached shader map for material FMatExpressionPreview MaterialExpressionTextureSampleParameter2D_0, compiling. 
[2017.01.10-19.54.22:982][ 33]LogTexture:Display: Generando texturas: T_Glass_shattered_N (BC5)
[2017.01.10-19.54.23:125][ 33]LogMaterial: Missing cached shader map for material M_Glass_Master, compiling. 
[2017.01.10-19.54.23:125][ 33]LogMaterial:Warning: Failed to compile Material /Engine/Transient.M_Glass_Master for platform PCD3D_SM5, Default Material will be used in game.
[2017.01.10-19.54.23:125][ 33]LogMaterial:Warning: 	(Node TextureSample) TextureSample> Missing input texture
[2017.01.10-19.54.23:126][ 33]LogMaterial: 0.00 seconds spent updating 1 materials, 1 interfaces, 0 instances, 0 with static permutations.
[2017.01.10-19.54.23:151][ 33]LogMaterial: Missing cached shader map for material FMatExpressionPreview MaterialExpressionTextureSampleParameter2D_5, compiling. 
[2017.01.10-19.54.26:999][410]LogMaterialEditor: Applying material M_Glass_Master
[2017.01.10-19.54.29:930][410]LogMaterial: Missing cached shader map for material M_Glass_Master, compiling. 
[2017.01.10-19.54.29:930][410]LogMaterial:Warning: Failed to compile Material /Engine/Transient.M_Glass_Master for platform PCD3D_SM5, Default Material will be used in game.
[2017.01.10-19.54.29:930][410]LogMaterial:Warning: 	(Node TextureSample) TextureSample> Missing input texture
[2017.01.10-19.54.29:931][410]LogMaterial: 0.00 seconds spent updating 1 materials, 1 interfaces, 0 instances, 0 with static permutations.
[2017.01.10-19.54.29:942][410]LogMaterial: Missing cached shader map for material M_Glass_Master, compiling. 
[2017.01.10-19.54.29:943][410]LogMaterial:Warning: Failed to compile Material /Game/Casilla/Materials/Free/Glass/M_Glass_Master.M_Glass_Master for platform PCD3D_SM5, Default Material will be used in game.
[2017.01.10-19.54.29:943][410]LogMaterial:Warning: 	(Node TextureSample) TextureSample> Missing input texture
[2017.01.10-19.54.29:946][410]LogMaterial: Missing cached shader map for material M_Glass_Master, compiling. 
[2017.01.10-19.54.29:946][410]LogMaterial:Warning: Failed to compile Material /Game/Casilla/Materials/Free/Glass/M_Glass_Master.M_Glass_Master for platform PCD3D_SM5, Default Material will be used in game.
[2017.01.10-19.54.29:946][410]LogMaterial:Warning: 	(Node TextureSample) TextureSample> Missing input texture
[2017.01.10-19.54.29:947][410]LogMaterial: 0.00 seconds spent updating 1 materials, 1 interfaces, 0 instances, 0 with static permutations.
[2017.01.10-19.55.06:967][126]LogMaterial: Missing cached shader map for material M_Glass_Master, compiling. 
[2017.01.10-19.55.06:992][126]LogMaterial: 0.00 seconds spent updating 1 materials, 1 interfaces, 0 instances, 0 with static permutations.
[2017.01.10-19.55.07:021][126]LogMaterial: Missing cached shader map for material FMatExpressionPreview MaterialExpressionTextureSample_9, compiling. 
[2017.01.10-19.55.11:688][552]LogMaterialEditor: Applying material M_Glass_Master
[2017.01.10-19.55.12:075][552]LogMaterial: Missing cached shader map for material M_Glass_Master, compiling. 
[2017.01.10-19.55.12:102][552]LogMaterial: 0.00 seconds spent updating 1 materials, 1 interfaces, 0 instances, 0 with static permutations.
[2017.01.10-19.55.12:114][552]LogMaterial: Missing cached shader map for material M_Glass_Master, compiling. 
[2017.01.10-19.55.12:145][552]LogMaterial: Missing cached shader map for material M_Glass_Master, compiling. 
[2017.01.10-19.55.12:166][552]LogMaterial: 0.00 seconds spent updating 1 materials, 1 interfaces, 0 instances, 0 with static permutations.
[2017.01.10-19.55.23:155][597]LogMaterialEditor: Saving and Compiling material M_Glass_Master
[2017.01.10-19.55.37:411][597]LogSavePackage: Save=14.58ms
[2017.01.10-19.55.37:411][597]LogSavePackage: Moving '../../../../../../Adri/Projects/Unreal Projects/PGV_UGR/TheLastShelter/Saved/M_Glass_Master54788B61490FE8478B08418B1A05CA7A.tmp' to '../../../../../../Adri/Projects/Unreal Projects/PGV_UGR/TheLastShelter/Content/Casilla/Materials/Free/Glass/M_Glass_Master.uasset'
[2017.01.10-19.55.37:413][597]LogSavePackage:Display: Finished SavePackage ../../../../../../Adri/Projects/Unreal Projects/PGV_UGR/TheLastShelter/Content/Casilla/Materials/Free/Glass/M_Glass_Master.uasset
[2017.01.10-19.56.09:280][179]LogEditorViewport: Clicking on Actor (context menu): StaticMeshActor (Floor)
[2017.01.10-19.56.09:936][243]LogEditorViewport: Clicking on Actor (context menu): StaticMeshActor (Floor)
[2017.01.10-19.56.41:230][671]LogMaterial: 0.00 seconds spent updating 1 materials, 1 interfaces, 0 instances, 0 with static permutations.
[2017.01.10-19.56.42:762][810]LogSavePackage: Save=11.03ms
[2017.01.10-19.56.42:762][810]LogSavePackage: Moving '../../../../../../Adri/Projects/Unreal Projects/PGV_UGR/TheLastShelter/Saved/M_Glass_Milky6B5E272F443149C498CDDFA4EFC099F8.tmp' to '../../../../../../Adri/Projects/Unreal Projects/PGV_UGR/TheLastShelter/Content/Casilla/Materials/Free/Glass/M_Glass_Milky.uasset'
[2017.01.10-19.56.42:763][810]LogSavePackage:Display: Finished SavePackage ../../../../../../Adri/Projects/Unreal Projects/PGV_UGR/TheLastShelter/Content/Casilla/Materials/Free/Glass/M_Glass_Milky.uasset
[2017.01.10-19.57.18:279][408]LogMaterial: 0.00 seconds spent updating 1 materials, 1 interfaces, 0 instances, 0 with static permutations.
[2017.01.10-19.57.29:150][672]LogSavePackage: Save=10.56ms
[2017.01.10-19.57.29:150][672]LogSavePackage: Moving '../../../../../../Adri/Projects/Unreal Projects/PGV_UGR/TheLastShelter/Saved/M_Glass_Blue2CEDF2FB422B39D93874639EC012302D.tmp' to '../../../../../../Adri/Projects/Unreal Projects/PGV_UGR/TheLastShelter/Content/Casilla/Materials/Free/Glass/M_Glass_Blue.uasset'
[2017.01.10-19.57.29:152][672]LogSavePackage:Display: Finished SavePackage ../../../../../../Adri/Projects/Unreal Projects/PGV_UGR/TheLastShelter/Content/Casilla/Materials/Free/Glass/M_Glass_Blue.uasset
[2017.01.10-19.57.42:421][ 23]LogMaterial: 0.00 seconds spent updating 1 materials, 1 interfaces, 0 instances, 0 with static permutations.
[2017.01.10-19.57.52:148][ 66]LogMaterial: 0.00 seconds spent updating 1 materials, 1 interfaces, 0 instances, 0 with static permutations.
[2017.01.10-19.58.07:570][812]LogSavePackage: Save=93.38ms
[2017.01.10-19.58.07:570][812]LogSavePackage: Moving '../../../../../../Adri/Projects/Unreal Projects/PGV_UGR/TheLastShelter/Saved/TopDownExampleMap1712DCF74DA7458D2274C9B9521EBA63.tmp' to '../../../../../../Adri/Projects/Unreal Projects/PGV_UGR/TheLastShelter/Content/TopDownBP/Maps/TopDownExampleMap.umap'
[2017.01.10-19.58.07:571][812]LogSavePackage:Display: Finished SavePackage ../../../../../../Adri/Projects/Unreal Projects/PGV_UGR/TheLastShelter/Content/TopDownBP/Maps/TopDownExampleMap.umap
