Log file open, 01/13/17 21:48:10
LogInit:Display: Running engine for game: TheLastShelter
LogPlatformFile: Not using cached read wrapper
LogInit:Display: RandInit(49163129) SRandInit(49163129).
LogTaskGraph: Started task graph with 5 named threads and 8 total threads with 1 sets of task threads.
LogStats: Stats thread started at 0.075694
LogPluginManager: Loaded Plugin Paper2D, From E:/Program Files (x86)/Epic Games/4.14/Engine/Plugins/2D/Paper2D/Paper2D.uplugin
LogPluginManager: Loaded Plugin LightPropagationVolume, From E:/Program Files (x86)/Epic Games/4.14/Engine/Plugins/Blendables/LightPropagationVolume/LightPropagationVolume.uplugin
LogPluginManager: Loaded Plugin BlankPlugin, From E:/Program Files (x86)/Epic Games/4.14/Engine/Plugins/Developer/BlankPlugin/BlankPlugin.uplugin
LogPluginManager: Loaded Plugin CodeLiteSourceCodeAccess, From E:/Program Files (x86)/Epic Games/4.14/Engine/Plugins/Developer/CodeLiteSourceCodeAccess/CodeLiteSourceCodeAccess.uplugin
LogPluginManager: Loaded Plugin GitSourceControl, From E:/Program Files (x86)/Epic Games/4.14/Engine/Plugins/Developer/GitSourceControl/GitSourceControl.uplugin
LogPluginManager: Loaded Plugin KDevelopSourceCodeAccess, From E:/Program Files (x86)/Epic Games/4.14/Engine/Plugins/Developer/KDevelopSourceCodeAccess/KDevelopSourceCodeAccess.uplugin
LogPluginManager: Loaded Plugin NullSourceCodeAccess, From E:/Program Files (x86)/Epic Games/4.14/Engine/Plugins/Developer/NullSourceCodeAccess/NullSourceCodeAccess.uplugin
LogPluginManager: Loaded Plugin OneSkyLocalizationService, From E:/Program Files (x86)/Epic Games/4.14/Engine/Plugins/Developer/OneSkyLocalizationService/OneSkyLocalizationService.uplugin
LogPluginManager: Loaded Plugin PerforceSourceControl, From E:/Program Files (x86)/Epic Games/4.14/Engine/Plugins/Developer/PerforceSourceControl/PerforceSourceControl.uplugin
LogPluginManager: Loaded Plugin SubversionSourceControl, From E:/Program Files (x86)/Epic Games/4.14/Engine/Plugins/Developer/SubversionSourceControl/SubversionSourceControl.uplugin
LogPluginManager: Loaded Plugin UObjectPlugin, From E:/Program Files (x86)/Epic Games/4.14/Engine/Plugins/Developer/UObjectPlugin/UObjectPlugin.uplugin
LogPluginManager: Loaded Plugin VisualStudioSourceCodeAccess, From E:/Program Files (x86)/Epic Games/4.14/Engine/Plugins/Developer/VisualStudioSourceCodeAccess/VisualStudioSourceCodeAccess.uplugin
LogPluginManager: Loaded Plugin XCodeSourceCodeAccess, From E:/Program Files (x86)/Epic Games/4.14/Engine/Plugins/Developer/XCodeSourceCodeAccess/XCodeSourceCodeAccess.uplugin
LogPluginManager: Loaded Plugin AudioCapture, From E:/Program Files (x86)/Epic Games/4.14/Engine/Plugins/Editor/AudioCapture/AudioCapture.uplugin
LogPluginManager: Loaded Plugin EpicSurvey, From E:/Program Files (x86)/Epic Games/4.14/Engine/Plugins/Editor/EpicSurvey/EpicSurvey.uplugin
LogPluginManager: Loaded Plugin MacGraphicsSwitching, From E:/Program Files (x86)/Epic Games/4.14/Engine/Plugins/Editor/MacGraphicsSwitching/MacGraphicsSwitching.uplugin
LogPluginManager: Loaded Plugin MobileLauncherProfileWizard, From E:/Program Files (x86)/Epic Games/4.14/Engine/Plugins/Editor/MobileLauncherProfileWizard/MobileLauncherProfileWizard.uplugin
LogPluginManager: Loaded Plugin PluginBrowser, From E:/Program Files (x86)/Epic Games/4.14/Engine/Plugins/Editor/PluginBrowser/PluginBrowser.uplugin
LogPluginManager: Loaded Plugin SpeedTreeImporter, From E:/Program Files (x86)/Epic Games/4.14/Engine/Plugins/Editor/SpeedTreeImporter/SpeedTreeImporter.uplugin
LogPluginManager: Loaded Plugin SuperSearchEditor, From E:/Program Files (x86)/Epic Games/4.14/Engine/Plugins/Editor/SuperSearchEditor/SuperSearchEditor.uplugin
LogPluginManager: Loaded Plugin AlembicImporter, From E:/Program Files (x86)/Epic Games/4.14/Engine/Plugins/Experimental/AlembicImporter/AlembicImporter.uplugin
LogPluginManager: Loaded Plugin BlueprintStats, From E:/Program Files (x86)/Epic Games/4.14/Engine/Plugins/Experimental/BlueprintStats/BlueprintStats.uplugin
LogPluginManager: Loaded Plugin CharacterAI, From E:/Program Files (x86)/Epic Games/4.14/Engine/Plugins/Experimental/CharacterAI/CharacterAI.uplugin
LogPluginManager: Loaded Plugin CodeEditor, From E:/Program Files (x86)/Epic Games/4.14/Engine/Plugins/Experimental/CodeEditor/CodeEditor.uplugin
LogPluginManager: Loaded Plugin CodeView, From E:/Program Files (x86)/Epic Games/4.14/Engine/Plugins/Experimental/CodeView/CodeView.uplugin
LogPluginManager: Loaded Plugin HTML5Networking, From E:/Program Files (x86)/Epic Games/4.14/Engine/Plugins/Experimental/HTML5Networking/HTML5Networking.uplugin
LogPluginManager: Loaded Plugin OSVR, From E:/Program Files (x86)/Epic Games/4.14/Engine/Plugins/Experimental/OSVR/OSVR.uplugin
LogPluginManager: Loaded Plugin Phya, From E:/Program Files (x86)/Epic Games/4.14/Engine/Plugins/Experimental/Phya/Phya.uplugin
LogPluginManager: Loaded Plugin SignificanceManager, From E:/Program Files (x86)/Epic Games/4.14/Engine/Plugins/Experimental/SignificanceManager/SignificanceManager.uplugin
LogPluginManager: Loaded Plugin SimpleHMD, From E:/Program Files (x86)/Epic Games/4.14/Engine/Plugins/Experimental/SimpleHMD/SimpleHMD.uplugin
LogPluginManager: Loaded Plugin StereoPanorama, From E:/Program Files (x86)/Epic Games/4.14/Engine/Plugins/Experimental/StereoPanorama/StereoPanorama.uplugin
LogPluginManager: Loaded Plugin StructBox, From E:/Program Files (x86)/Epic Games/4.14/Engine/Plugins/Experimental/StructBox/StructBox.uplugin
LogPluginManager: Loaded Plugin AndroidMedia, From E:/Program Files (x86)/Epic Games/4.14/Engine/Plugins/Media/AndroidMedia/AndroidMedia.uplugin
LogPluginManager: Loaded Plugin AvfMedia, From E:/Program Files (x86)/Epic Games/4.14/Engine/Plugins/Media/AvfMedia/AvfMedia.uplugin
LogPluginManager: Loaded Plugin MediaPlayerEditor, From E:/Program Files (x86)/Epic Games/4.14/Engine/Plugins/Media/MediaPlayerEditor/MediaPlayerEditor.uplugin
LogPluginManager: Loaded Plugin WmfMedia, From E:/Program Files (x86)/Epic Games/4.14/Engine/Plugins/Media/WmfMedia/WmfMedia.uplugin
LogPluginManager: Loaded Plugin MessagingDebugger, From E:/Program Files (x86)/Epic Games/4.14/Engine/Plugins/Messaging/MessagingDebugger/MessagingDebugger.uplugin
LogPluginManager: Loaded Plugin TcpMessaging, From E:/Program Files (x86)/Epic Games/4.14/Engine/Plugins/Messaging/TcpMessaging/TcpMessaging.uplugin
LogPluginManager: Loaded Plugin UdpMessaging, From E:/Program Files (x86)/Epic Games/4.14/Engine/Plugins/Messaging/UdpMessaging/UdpMessaging.uplugin
LogPluginManager: Loaded Plugin LevelSequenceEditor, From E:/Program Files (x86)/Epic Games/4.14/Engine/Plugins/MovieScene/LevelSequenceEditor/LevelSequenceEditor.uplugin
LogPluginManager: Loaded Plugin MatineeToLevelSequence, From E:/Program Files (x86)/Epic Games/4.14/Engine/Plugins/MovieScene/MatineeToLevelSequence/MatineeToLevelSequence.uplugin
LogPluginManager: Loaded Plugin NetcodeUnitTest, From E:/Program Files (x86)/Epic Games/4.14/Engine/Plugins/NetcodeUnitTest/NetcodeUnitTest/NetcodeUnitTest.uplugin
LogPluginManager: Loaded Plugin NUTUnrealEngine4, From E:/Program Files (x86)/Epic Games/4.14/Engine/Plugins/NetcodeUnitTest/NUTUnrealEngine4/NUTUnrealEngine4.uplugin
LogPluginManager: Loaded Plugin OnlineSubsystemGameCircle, From E:/Program Files (x86)/Epic Games/4.14/Engine/Plugins/Online/Android/OnlineSubsystemGameCircle/OnlineSubsystemGameCircle.uplugin
LogPluginManager: Loaded Plugin OnlineSubsystemGooglePlay, From E:/Program Files (x86)/Epic Games/4.14/Engine/Plugins/Online/Android/OnlineSubsystemGooglePlay/OnlineSubsystemGooglePlay.uplugin
LogPluginManager: Loaded Plugin OnlineSubsystemIOS, From E:/Program Files (x86)/Epic Games/4.14/Engine/Plugins/Online/IOS/OnlineSubsystemIOS/OnlineSubsystemIOS.uplugin
LogPluginManager: Loaded Plugin OnlineFramework, From E:/Program Files (x86)/Epic Games/4.14/Engine/Plugins/Online/OnlineFramework/OnlineFramework.uplugin
LogPluginManager: Loaded Plugin OnlineSubsystem, From E:/Program Files (x86)/Epic Games/4.14/Engine/Plugins/Online/OnlineSubsystem/OnlineSubsystem.uplugin
LogPluginManager: Loaded Plugin OnlineSubsystemAmazon, From E:/Program Files (x86)/Epic Games/4.14/Engine/Plugins/Online/OnlineSubsystemAmazon/OnlineSubsystemAmazon.uplugin
LogPluginManager: Loaded Plugin OnlineSubsystemFacebook, From E:/Program Files (x86)/Epic Games/4.14/Engine/Plugins/Online/OnlineSubsystemFacebook/OnlineSubsystemFacebook.uplugin
LogPluginManager: Loaded Plugin OnlineSubsystemNull, From E:/Program Files (x86)/Epic Games/4.14/Engine/Plugins/Online/OnlineSubsystemNull/OnlineSubsystemNull.uplugin
LogPluginManager: Loaded Plugin OnlineSubsystemOculus, From E:/Program Files (x86)/Epic Games/4.14/Engine/Plugins/Online/OnlineSubsystemOculus/OnlineSubsystemOculus.uplugin
LogPluginManager: Loaded Plugin OnlineSubsystemSteam, From E:/Program Files (x86)/Epic Games/4.14/Engine/Plugins/Online/OnlineSubsystemSteam/OnlineSubsystemSteam.uplugin
LogPluginManager: Loaded Plugin OnlineSubsystemUtils, From E:/Program Files (x86)/Epic Games/4.14/Engine/Plugins/Online/OnlineSubsystemUtils/OnlineSubsystemUtils.uplugin
LogPluginManager: Loaded Plugin IOSTapJoy, From E:/Program Files (x86)/Epic Games/4.14/Engine/Plugins/Runtime/Advertising/IOSTapJoy/IOSTapJoy.uplugin
LogPluginManager: Loaded Plugin AnalyticsBlueprintLibrary, From E:/Program Files (x86)/Epic Games/4.14/Engine/Plugins/Runtime/Analytics/AnalyticsBlueprintLibrary/AnalyticsBlueprintLibrary.uplugin
LogPluginManager: Loaded Plugin AnalyticsMulticast, From E:/Program Files (x86)/Epic Games/4.14/Engine/Plugins/Runtime/Analytics/AnalyticsMulticast/AnalyticsMulticast.uplugin
LogPluginManager: Loaded Plugin Apsalar, From E:/Program Files (x86)/Epic Games/4.14/Engine/Plugins/Runtime/Analytics/Apsalar/Apsalar.uplugin
LogPluginManager: Loaded Plugin FileLogging, From E:/Program Files (x86)/Epic Games/4.14/Engine/Plugins/Runtime/Analytics/FileLogging/FileLogging.uplugin
LogPluginManager: Loaded Plugin Flurry, From E:/Program Files (x86)/Epic Games/4.14/Engine/Plugins/Runtime/Analytics/Flurry/Flurry.uplugin
LogPluginManager: Loaded Plugin AndroidDeviceProfileSelector, From E:/Program Files (x86)/Epic Games/4.14/Engine/Plugins/Runtime/AndroidDeviceProfileSelector/AndroidDeviceProfileSelector.uplugin
LogPluginManager: Loaded Plugin AndroidMoviePlayer, From E:/Program Files (x86)/Epic Games/4.14/Engine/Plugins/Runtime/AndroidMoviePlayer/AndroidMoviePlayer.uplugin
LogPluginManager: Loaded Plugin AppleMoviePlayer, From E:/Program Files (x86)/Epic Games/4.14/Engine/Plugins/Runtime/AppleMoviePlayer/AppleMoviePlayer.uplugin
LogPluginManager: Loaded Plugin ArchVisCharacter, From E:/Program Files (x86)/Epic Games/4.14/Engine/Plugins/Runtime/ArchVisCharacter/ArchVisCharacter.uplugin
LogPluginManager: Loaded Plugin CableComponent, From E:/Program Files (x86)/Epic Games/4.14/Engine/Plugins/Runtime/CableComponent/CableComponent.uplugin
LogPluginManager: Loaded Plugin CustomMeshComponent, From E:/Program Files (x86)/Epic Games/4.14/Engine/Plugins/Runtime/CustomMeshComponent/CustomMeshComponent.uplugin
LogPluginManager: Loaded Plugin ExampleDeviceProfileSelector, From E:/Program Files (x86)/Epic Games/4.14/Engine/Plugins/Runtime/ExampleDeviceProfileSelector/ExampleDeviceProfileSelector.uplugin
LogPluginManager: Loaded Plugin GearVR, From E:/Program Files (x86)/Epic Games/4.14/Engine/Plugins/Runtime/GearVR/GearVR.uplugin
LogPluginManager: Loaded Plugin GoogleVRController, From E:/Program Files (x86)/Epic Games/4.14/Engine/Plugins/Runtime/GoogleVR/GoogleVRController/GoogleVRController.uplugin
LogPluginManager: Loaded Plugin GoogleVRHMD, From E:/Program Files (x86)/Epic Games/4.14/Engine/Plugins/Runtime/GoogleVR/GoogleVRHMD/GoogleVRHMD.uplugin
LogPluginManager: Loaded Plugin IOSDeviceProfileSelector, From E:/Program Files (x86)/Epic Games/4.14/Engine/Plugins/Runtime/IOSDeviceProfileSelector/IOSDeviceProfileSelector.uplugin
LogPluginManager: Loaded Plugin LeapMotion, From E:/Program Files (x86)/Epic Games/4.14/Engine/Plugins/Runtime/LeapMotion/LeapMotion.uplugin
LogPluginManager: Loaded Plugin LinuxDeviceProfileSelector, From E:/Program Files (x86)/Epic Games/4.14/Engine/Plugins/Runtime/LinuxDeviceProfileSelector/LinuxDeviceProfileSelector.uplugin
LogPluginManager: Loaded Plugin MIDIDevice, From E:/Program Files (x86)/Epic Games/4.14/Engine/Plugins/Runtime/MIDIDevice/MIDIDevice.uplugin
LogPluginManager: Loaded Plugin MobilePatchingUtils, From E:/Program Files (x86)/Epic Games/4.14/Engine/Plugins/Runtime/MobilePatchingUtils/MobilePatchingUtils.uplugin
LogPluginManager: Loaded Plugin Ansel, From E:/Program Files (x86)/Epic Games/4.14/Engine/Plugins/Runtime/Nvidia/Ansel/Ansel.uplugin
LogPluginManager: Loaded Plugin OculusAudio, From E:/Program Files (x86)/Epic Games/4.14/Engine/Plugins/Runtime/OculusAudio/OculusAudio.uplugin
LogPluginManager: Loaded Plugin OculusInput, From E:/Program Files (x86)/Epic Games/4.14/Engine/Plugins/Runtime/OculusInput/OculusInput.uplugin
LogPluginManager: Loaded Plugin OculusLibrary, From E:/Program Files (x86)/Epic Games/4.14/Engine/Plugins/Runtime/OculusLibrary/OculusLibrary.uplugin
LogPluginManager: Loaded Plugin OculusRift, From E:/Program Files (x86)/Epic Games/4.14/Engine/Plugins/Runtime/OculusRift/OculusRift.uplugin
LogPluginManager: Loaded Plugin Oodle, From E:/Program Files (x86)/Epic Games/4.14/Engine/Plugins/Runtime/PacketHandlers/CompressionComponents/Oodle/Oodle.uplugin
LogPluginManager: Loaded Plugin ProceduralMeshComponent, From E:/Program Files (x86)/Epic Games/4.14/Engine/Plugins/Runtime/ProceduralMeshComponent/ProceduralMeshComponent.uplugin
LogPluginManager: Loaded Plugin SoundMod, From E:/Program Files (x86)/Epic Games/4.14/Engine/Plugins/Runtime/SoundMod/SoundMod.uplugin
LogPluginManager: Loaded Plugin SoundVisualizations, From E:/Program Files (x86)/Epic Games/4.14/Engine/Plugins/Runtime/SoundVisualizations/SoundVisualizations.uplugin
LogPluginManager: Loaded Plugin SteamController, From E:/Program Files (x86)/Epic Games/4.14/Engine/Plugins/Runtime/Steam/SteamController/SteamController.uplugin
LogPluginManager: Loaded Plugin SteamVR, From E:/Program Files (x86)/Epic Games/4.14/Engine/Plugins/Runtime/Steam/SteamVR/SteamVR.uplugin
LogPluginManager: Loaded Plugin WebBrowserWidget, From E:/Program Files (x86)/Epic Games/4.14/Engine/Plugins/Runtime/WebBrowserWidget/WebBrowserWidget.uplugin
LogPluginManager: Loaded Plugin WindowsDeviceProfileSelector, From E:/Program Files (x86)/Epic Games/4.14/Engine/Plugins/Runtime/WindowsDeviceProfileSelector/WindowsDeviceProfileSelector.uplugin
LogPluginManager: Loaded Plugin WindowsMoviePlayer, From E:/Program Files (x86)/Epic Games/4.14/Engine/Plugins/Runtime/WindowsMoviePlayer/WindowsMoviePlayer.uplugin
LogPluginManager: Loaded Plugin ScriptPlugin, From E:/Program Files (x86)/Epic Games/4.14/Engine/Plugins/ScriptPlugin/ScriptPlugin.uplugin
LogPluginManager: Loaded Plugin SlateRemote, From E:/Program Files (x86)/Epic Games/4.14/Engine/Plugins/Slate/SlateRemote/SlateRemote.uplugin
LogPluginManager: Loaded Plugin EditorTests, From E:/Program Files (x86)/Epic Games/4.14/Engine/Plugins/Tests/EditorTests/EditorTests.uplugin
LogPluginManager: Loaded Plugin FbxAutomationTestBuilder, From E:/Program Files (x86)/Epic Games/4.14/Engine/Plugins/Tests/FbxAutomationTestBuilder/FbxAutomationTestBuilder.uplugin
LogPluginManager: Loaded Plugin FunctionalTestingEditor, From E:/Program Files (x86)/Epic Games/4.14/Engine/Plugins/Tests/FunctionalTestingEditor/FunctionalTestingEditor.uplugin
LogPluginManager: Loaded Plugin RuntimeTests, From E:/Program Files (x86)/Epic Games/4.14/Engine/Plugins/Tests/RuntimeTests/RuntimeTests.uplugin
LogPluginManager: Loaded Plugin ScreenshotTools, From E:/Program Files (x86)/Epic Games/4.14/Engine/Plugins/Tests/ScreenshotTools/ScreenshotTools.uplugin
LogInit: Using libcurl 7.47.1
LogInit:  - built for x86_64-pc-win32
LogInit:  - supports SSL with OpenSSL/1.0.2g
LogInit:  - supports HTTP deflate (compression) using libz 1.2.8
LogInit:  - other features:
LogInit:      CURL_VERSION_SSL
LogInit:      CURL_VERSION_LIBZ
LogInit:      CURL_VERSION_IPV6
LogInit:      CURL_VERSION_ASYNCHDNS
LogInit:      CURL_VERSION_LARGEFILE
LogInit:      CURL_VERSION_IDN
LogInit:  CurlRequestOptions (configurable via config and command line):
LogInit:  - bVerifyPeer = false  - Libcurl will NOT verify peer certificate
LogInit:  - bUseHttpProxy = false  - Libcurl will NOT use HTTP proxy
LogInit:  - bDontReuseConnections = false  - Libcurl will reuse connections
LogInit:  - CertBundlePath = nullptr  - Libcurl will use whatever was configured at build time.
LogInit: Build: ++UE4+Release-4.14-CL-3249277
LogInit: Engine Version: 4.14.3-3249277+++UE4+Release-4.14
LogInit: Compatible Engine Version: 4.14.0-3195953+++UE4+Release-4.14
LogInit: Net CL: 3195953
LogDevObjectVersion: Number of dev versions registered: 13
LogDevObjectVersion:   Dev-Blueprints (B0D832E4-1F89-4F0D-ACCF-7EB736FD4AA2): 7
LogDevObjectVersion:   Dev-Build (E1C64328-A22C-4D53-A36C-8E866417BD8C): 0
LogDevObjectVersion:   Dev-Core (375EC13C-06E4-48FB-B500-84F0262A717E): 1
LogDevObjectVersion:   Dev-Editor (E4B068ED-F494-42E9-A231-DA0B2E46BB41): 8
LogDevObjectVersion:   Dev-Framework (CFFC743F-43B0-4480-9391-14DF171D2073): 17
LogDevObjectVersion:   Dev-Mobile (B02B49B5-BB20-44E9-A304-32B752E40360): 0
LogDevObjectVersion:   Dev-Networking (A4E4105C-59A1-49B5-A7C5-40C4547EDFEE): 0
LogDevObjectVersion:   Dev-Online (39C831C9-5AE6-47DC-9A44-9C173E1C8E7C): 0
LogDevObjectVersion:   Dev-Physics (78F01B33-EBEA-4F98-B9B4-84EACCB95AA2): 0
LogDevObjectVersion:   Dev-Platform (6631380F-2D4D-43E0-8009-CF276956A95A): 0
LogDevObjectVersion:   Dev-Rendering (12F88B9F-8875-4AFC-A67C-D90C383ABD29): 12
LogDevObjectVersion:   Dev-Sequencer (7B5AE74C-D270-4C10-A958-57980B212A5A): 1
LogDevObjectVersion:   Dev-VR (D7296918-1DD6-4BDD-9DE2-64A83CC13884): 0
LogInit: Compiled (64-bit): Jan  6 2017 10:49:43
LogInit: Compiled with Visual C++: 19.00.23026.00
LogInit: Build Configuration: Development
LogInit: Branch Name: ++UE4+Release-4.14
LogInit: Command line:  
LogInit: Base directory: E:/Program Files (x86)/Epic Games/4.14/Engine/Binaries/Win64/
LogInit: Installed Engine Build: 1
LogInit: Presizing for max 8388607 objects, including 0 objects not considered by GC, pre-allocating 0 bytes for permanent pool.
LogInit: Object subsystem initialized
[2017.01.13-20.48.10:706][  0]LogInit: Selected Device Profile: [Windows]
[2017.01.13-20.48.10:706][  0]LogInit: Applying CVar settings loaded from the selected device profile: [Windows]
[2017.01.13-20.48.10:716][  0]LogInit: Computer: GAMING-MASTER
[2017.01.13-20.48.10:716][  0]LogInit: User: Adri
[2017.01.13-20.48.10:716][  0]LogInit: CPU Page size=65536, Cores=4
[2017.01.13-20.48.10:716][  0]LogInit: High frequency timer resolution =3.326086 MHz
[2017.01.13-20.48.10:716][  0]LogMemory: Memory total: Physical=7.9GB (8GB approx)
[2017.01.13-20.48.10:716][  0]LogMemory: Platform Memory Stats for Windows
[2017.01.13-20.48.10:716][  0]LogMemory: Process Physical Memory: 262.74 MB used, 262.74 MB peak
[2017.01.13-20.48.10:717][  0]LogMemory: Process Virtual Memory: 262.64 MB used, 262.64 MB peak
[2017.01.13-20.48.10:717][  0]LogMemory: Physical Memory: 3817.93 MB used,  4312.54 MB free, 8130.48 MB total
[2017.01.13-20.48.10:717][  0]LogMemory: Virtual Memory: 675.65 MB used,  4312.54 MB free, 134217728.00 MB total
[2017.01.13-20.48.10:737][  0]LogTextLocalizationManager: No specific translations for ('es-ES') exist, so ('es') translations will be used.
[2017.01.13-20.48.11:045][  0]LogD3D11RHI: D3D11 adapters:
[2017.01.13-20.48.11:068][  0]LogD3D11RHI:    0. 'NVIDIA GeForce GTX 760' (Feature Level 11_0)
[2017.01.13-20.48.11:068][  0]LogD3D11RHI:       2017/0/4065 MB DedicatedVideo/DedicatedSystem/SharedSystem, Outputs:1, VendorId:0x10de
[2017.01.13-20.48.11:069][  0]LogD3D11RHI:    1. 'Microsoft Basic Render Driver' (Feature Level 11_0)
[2017.01.13-20.48.11:069][  0]LogD3D11RHI:       0/0/4065 MB DedicatedVideo/DedicatedSystem/SharedSystem, Outputs:0, VendorId:0x1414
[2017.01.13-20.48.11:069][  0]LogD3D11RHI: Chosen D3D11 Adapter: 0
[2017.01.13-20.48.11:072][  0]LogD3D11RHI: Creating new Direct3DDevice
[2017.01.13-20.48.11:072][  0]LogD3D11RHI:     GPU DeviceId: 0x1187 (for the marketing name, search the web for "GPU Device Id")
[2017.01.13-20.48.11:072][  0]LogWindows: EnumDisplayDevices:
[2017.01.13-20.48.11:072][  0]LogWindows:    0. 'NVIDIA GeForce GTX 760' (P:1 D:1)
[2017.01.13-20.48.11:073][  0]LogWindows:    1. 'NVIDIA GeForce GTX 760' (P:0 D:0)
[2017.01.13-20.48.11:073][  0]LogWindows:    2. 'NVIDIA GeForce GTX 760' (P:0 D:0)
[2017.01.13-20.48.11:073][  0]LogWindows:    3. 'NVIDIA GeForce GTX 760' (P:0 D:0)
[2017.01.13-20.48.11:073][  0]LogWindows: DebugString: FoundDriverCount:4 
[2017.01.13-20.48.11:073][  0]LogD3D11RHI:     Adapter Name: NVIDIA GeForce GTX 760
[2017.01.13-20.48.11:073][  0]LogD3D11RHI:   Driver Version: 372.90 (internal:21.21.13.7290, unified:372.90)
[2017.01.13-20.48.11:073][  0]LogD3D11RHI:      Driver Date: 9-16-2016
[2017.01.13-20.48.11:073][  0]LogRHI: Texture pool is 1361 MB (70% of 1945 MB)
[2017.01.13-20.48.11:085][  0]LogD3D11RHI:Warning: Timestamp queries are currently disabled on this hardware due to instability. Realtime GPU stats will not be available. You can override this behaviour by setting r.NVIDIATimestampWorkaround to 0
[2017.01.13-20.48.11:085][  0]LogD3D11RHI: Async texture creation enabled
[2017.01.13-20.48.11:100][  0]LogD3D11RHI: GPU Timing Frequency: 1000.000000 (Debug: 2 2)
[2017.01.13-20.48.11:100][  0]LogShaderCompilers: Guid format shader working directory is -28 characters bigger than the processId version (../../../../../../Adri/Projects/GithubRepositories/PGV_UGR/TheLastShelter/Intermediate/Shaders/WorkingDirectory/8440/).
[2017.01.13-20.48.11:101][  0]LogShaderCompilers: Cleaned the shader compiler working directory 'C:/Users/Adri/AppData/Local/Temp/UnrealShaderWorkingDir/56E0ABF145B2FD4F2FCE2DBAFFE6C6B3/'.
[2017.01.13-20.48.11:101][  0]LogShaderCompilers:Display: Using Local Shader Compiler.
[2017.01.13-20.48.11:937][  0]LogTemp:Display: Loaded TP AllDesktopTargetPlatform
[2017.01.13-20.48.11:972][  0]LogTemp:Display: Loaded TP MacClientTargetPlatform
[2017.01.13-20.48.12:007][  0]LogTemp:Display: Loaded TP MacNoEditorTargetPlatform
[2017.01.13-20.48.12:042][  0]LogTemp:Display: Loaded TP MacServerTargetPlatform
[2017.01.13-20.48.12:077][  0]LogTemp:Display: Loaded TP MacTargetPlatform
[2017.01.13-20.48.12:112][  0]LogTemp:Display: Loaded TP WindowsClientTargetPlatform
[2017.01.13-20.48.12:148][  0]LogTemp:Display: Loaded TP WindowsNoEditorTargetPlatform
[2017.01.13-20.48.12:185][  0]LogTemp:Display: Loaded TP WindowsServerTargetPlatform
[2017.01.13-20.48.12:212][  0]LogTemp:Display: Loaded TP WindowsTargetPlatform
[2017.01.13-20.48.12:246][  0]LogTemp:Display: Loaded TP AndroidTargetPlatform
[2017.01.13-20.48.12:281][  0]LogTemp:Display: Loaded TP Android_ASTCTargetPlatform
[2017.01.13-20.48.12:315][  0]LogTemp:Display: Loaded TP Android_ATCTargetPlatform
[2017.01.13-20.48.12:349][  0]LogTemp:Display: Loaded TP Android_DXTTargetPlatform
[2017.01.13-20.48.12:384][  0]LogTemp:Display: Loaded TP Android_ETC1TargetPlatform
[2017.01.13-20.48.12:417][  0]LogTemp:Display: Loaded TP Android_ETC2TargetPlatform
[2017.01.13-20.48.12:488][  0]LogTemp:Display: Loaded TP Android_MultiTargetPlatform
[2017.01.13-20.48.12:488][  0]LogTemp:Display: Loaded TP Android_PVRTCTargetPlatform
[2017.01.13-20.48.12:509][  0]LogTemp:Display: Loaded TP HTML5TargetPlatform
[2017.01.13-20.48.12:567][  0]LogTemp:Display: Loaded TP IOSTargetPlatform
[2017.01.13-20.48.12:590][  0]LogTemp:Display: Loaded TP TVOSTargetPlatform
[2017.01.13-20.48.12:625][  0]LogTemp:Display: Loaded TP LinuxClientTargetPlatform
[2017.01.13-20.48.12:659][  0]LogTemp:Display: Loaded TP LinuxNoEditorTargetPlatform
[2017.01.13-20.48.12:693][  0]LogTemp:Display: Loaded TP LinuxServerTargetPlatform
[2017.01.13-20.48.12:727][  0]LogTemp:Display: Loaded TP LinuxTargetPlatform
[2017.01.13-20.48.12:727][  0]LogTargetPlatformManager:Display: Building Assets For Windows
[2017.01.13-20.48.12:973][  0]LogDerivedDataCache:Display: Max Cache Size: 512 MB
[2017.01.13-20.48.13:014][  0]LogDerivedDataCache: Loaded boot cache 0.04s 50MB C:/Users/Adri/AppData/Local/UnrealEngine/4.14/DerivedDataCache/Boot.ddc.
[2017.01.13-20.48.13:014][  0]LogDerivedDataCache:Display: Loaded Boot cache: C:/Users/Adri/AppData/Local/UnrealEngine/4.14/DerivedDataCache/Boot.ddc
[2017.01.13-20.48.13:014][  0]LogDerivedDataCache: FDerivedDataBackendGraph:  Pak pak cache file ../../../../../../Adri/Projects/GithubRepositories/PGV_UGR/TheLastShelter/DerivedDataCache/DDC.ddp not found, will not use a pak cache.
[2017.01.13-20.48.13:014][  0]LogDerivedDataCache: Unable to find inner node Pak for hierarchical cache Hierarchy.
[2017.01.13-20.48.13:014][  0]LogDerivedDataCache: FDerivedDataBackendGraph:  CompressedPak pak cache file ../../../../../../Adri/Projects/GithubRepositories/PGV_UGR/TheLastShelter/DerivedDataCache/Compressed.ddp not found, will not use a pak cache.
[2017.01.13-20.48.13:014][  0]LogDerivedDataCache: Unable to find inner node CompressedPak for hierarchical cache Hierarchy.
[2017.01.13-20.48.13:029][  0]LogDerivedDataCache:Display: Pak cache opened for reading ../../../Engine/DerivedDataCache/Compressed.ddp.
[2017.01.13-20.48.13:040][  0]LogDerivedDataCache: Using Local data cache path C:/Users/Adri/AppData/Local/UnrealEngine/Common/DerivedDataCache: Writable
[2017.01.13-20.48.13:194][  0]LogInit: Selected Device Profile: [Windows]
[2017.01.13-20.48.13:196][  0]LogContentStreaming: Texture pool size is 0.00 MB
[2017.01.13-20.48.13:338][  0]LogMeshUtilities: Using QuadricMeshReduction for automatic static mesh reduction
[2017.01.13-20.48.13:364][  0]LogSimplygon: Simplygon DLL not present - disabling.
[2017.01.13-20.48.13:393][  0]LogMeshUtilities: Using SimplygonSwarm for distributed automatic mesh merging
[2017.01.13-20.48.13:393][  0]LogMeshUtilities: No automatic skeletal mesh reduction module available
[2017.01.13-20.48.13:393][  0]LogMeshUtilities: No automatic mesh merging module available
[2017.01.13-20.48.13:762][  0]LogNetVersion: GetLocalNetworkVersion: CL: 3195953, ProjectName: thelastshelter, ProjectVersion: , EngineNetworkVersion: 2, GameNetworkVersion: 0, NetworkChecksum: 306971164
[2017.01.13-20.48.13:807][  0]LogAssetRegistry: FAssetRegistry took 0.0214 seconds to start up
[2017.01.13-20.48.13:837][  0]LogPackageLocalizationCache: Processed 3 localized package path(s) for 2 prioritized culture(s) in 0.017707 seconds
[2017.01.13-20.48.13:842][  0]LogUObjectArray: 31946 objects as part of root set at end of initial load.
[2017.01.13-20.48.13:842][  0]LogUObjectAllocator: 6935840 out of 0 bytes used by permanent object pool.
[2017.01.13-20.48.13:842][  0]LogUObjectArray: CloseDisregardForGC: 0/0 objects in disregard for GC pool
[2017.01.13-20.48.13:879][  0]LogInit: WinSock: version 1.1 (2.2), MaxSocks=32767, MaxUdp=65467
[2017.01.13-20.48.14:341][  0]LogSlate: Using Freetype 2.6.0
[2017.01.13-20.48.14:341][  0]LogSlate: SlateFontCache - WITH_FREETYPE: 1, WITH_HARFBUZZ: 1
[2017.01.13-20.48.14:341][  0]LogSlate: SlateFontCache - WITH_FREETYPE: 1, WITH_HARFBUZZ: 1
[2017.01.13-20.48.14:955][  0]LogTcpMessaging: Initializing TcpMessaging bridge
[2017.01.13-20.48.14:986][  0]LogUdpMessaging: Initializing bridge on interface 0.0.0.0:0 to multicast group 230.0.0.1:6666.
[2017.01.13-20.48.15:235][  0]LogMaterial: Uniform references updated for custom material expression Custom.
[2017.01.13-20.48.15:478][  0]SourceControl: Información El control de código fuente está desactivado
[2017.01.13-20.48.15:479][  0]SourceControl: Información El control de código fuente está desactivado
[2017.01.13-20.48.15:507][  0]SourceControl: Información El control de código fuente está desactivado
[2017.01.13-20.48.15:534][  0]SourceControl: Información El control de código fuente está desactivado
[2017.01.13-20.48.16:337][  0]LogEngine: Initializing Engine...
[2017.01.13-20.48.16:385][  0]LogHMD: Failed to initialize OpenVR with code 126
[2017.01.13-20.48.16:563][  0]LogAIModule: Creating AISystem for world Untitled
[2017.01.13-20.48.16:574][  0]LogInit: XAudio2 using 'Altavoces (Realtek High Definition Audio)' : 2 channels at 48 kHz using 32 bits per sample (channel mask 0x3)
[2017.01.13-20.48.16:585][  0]LogInit: FAudioDevice initialized.
[2017.01.13-20.48.16:607][  0]LogDerivedDataCache: Saved boot cache 0.02s 50MB C:/Users/Adri/AppData/Local/UnrealEngine/4.14/DerivedDataCache/Boot.ddc.
[2017.01.13-20.48.16:615][  0]LogInit: Texture streaming: Enabled
[2017.01.13-20.48.16:732][  0]LogInit: Transaction tracking system initialized
[2017.01.13-20.48.16:961][  0]BlueprintLog: New page: Cargar el editor
[2017.01.13-20.48.17:518][  0]LocalizationService: Información Localization service is disabled
[2017.01.13-20.48.17:933][  0]LogConsoleResponse:Display: 
[2017.01.13-20.48.18:054][  0]LogCook:Display: Max memory allowance for cook 16384mb min free memory 0mb
[2017.01.13-20.48.18:054][  0]LogCook:Display: Mobile HDR setting 1
[2017.01.13-20.48.18:694][  0]LogFileCache: Scanning file cache for directory 'E:/Adri/Projects/GithubRepositories/PGV_UGR/TheLastShelter/Content/' took 0.02s
[2017.01.13-20.48.18:694][  0]SourceControl: Información El control de código fuente está desactivado
[2017.01.13-20.48.18:694][  0]Cmd: MAP LOAD FILE="../../../../../../Adri/Projects/GithubRepositories/PGV_UGR/TheLastShelter/Content/TopDownBP/Maps/TopDownExampleMap.umap" TEMPLATE=0 SHOWPROGRESS=1 FEATURELEVEL=3
[2017.01.13-20.48.18:695][  0]LightingResults: New page: Diseñar la iluminación
[2017.01.13-20.48.18:721][  0]MapCheck: New page: Revisión del mapa
[2017.01.13-20.48.18:721][  0]LightingResults: New page: Diseñar la iluminación
[2017.01.13-20.48.19:243][  0]LogAIModule: Creating AISystem for world TopDownExampleMap
[2017.01.13-20.48.19:253][  0]LogEditorServer: Finished looking for orphan Actors (0.000 secs)
[2017.01.13-20.48.19:253][  0]Cmd: MAP CHECKDEP NOCLEARLOG
[2017.01.13-20.48.19:283][  0]MapCheck: Información Map check complete: 0 Error(s), 0 Warning(s), took 29,798ms to complete.
[2017.01.13-20.48.19:283][  0]LogFileHelpers: Loading map 'TopDownExampleMap' took 0.589
[2017.01.13-20.48.19:399][  0]LogCollectionManager: Loaded 0 collections in 0.002829 seconds
[2017.01.13-20.48.19:459][  0]LogFileCache: Scanning file cache for directory 'E:/Adri/Projects/GithubRepositories/PGV_UGR/TheLastShelter/Saved/Collections/' took 0.01s
[2017.01.13-20.48.19:459][  0]LogFileCache: Scanning file cache for directory 'E:/Adri/Projects/GithubRepositories/PGV_UGR/TheLastShelter/Content/Developers/Adri/Collections/' took 0.01s
[2017.01.13-20.48.19:459][  0]LogFileCache: Scanning file cache for directory 'E:/Adri/Projects/GithubRepositories/PGV_UGR/TheLastShelter/Content/Collections/' took 0.01s
[2017.01.13-20.48.19:459][  0]LogCollectionManager: Rebuilt the GUID cache for 0 collections in 0.000001 seconds
[2017.01.13-20.48.19:467][  0]LogContentBrowser: Native class hierarchy populated in 0.0079 seconds. Added 2190 classes and 428 folders.
[2017.01.13-20.48.19:492][  0]LogStats: UGameplayTagsManager::ConstructGameplayTagTree: Construct from data asset -  0.000 s
[2017.01.13-20.48.19:492][  0]LogStats: UGameplayTagsManager::ConstructGameplayTagTree: GameplayTagTreeChangedEvent.Broadcast -  0.000 s
[2017.01.13-20.48.19:493][  0]LogContentBrowser: Native class hierarchy updated for 'GameplayTags' in 0.0004 seconds. Added 13 classes and 0 folders.
[2017.01.13-20.48.19:530][  0]LogContentBrowser: Native class hierarchy updated for 'WidgetCarousel' in 0.0003 seconds. Added 0 classes and 0 folders.
[2017.01.13-20.48.19:557][  0]LogContentBrowser: Native class hierarchy updated for 'AddContentDialog' in 0.0004 seconds. Added 0 classes and 0 folders.
[2017.01.13-20.48.19:583][  0]LogContentBrowser: Native class hierarchy updated for 'SceneOutliner' in 0.0004 seconds. Added 1 classes and 2 folders.
[2017.01.13-20.48.19:650][  0]LogCrashTracker: Crashtracker disabled due to settings.
[2017.01.13-20.48.19:656][  0]LogUObjectGlobals:Warning: Error al encontrar el objeto 'Class Ninguno.'
[2017.01.13-20.48.19:706][  0]LogContentBrowser: Native class hierarchy updated for 'HierarchicalLODOutliner' in 0.0004 seconds. Added 1 classes and 2 folders.
[2017.01.13-20.48.19:706][  0]LogLoad: (Engine Initialization) Total time: 10.08 seconds
[2017.01.13-20.48.19:706][  0]LogLoad: (Engine Initialization) Total Blueprint compile time: 0.17 seconds
[2017.01.13-20.48.19:706][  0]LogExternalProfiler: Found external profiler: VSPerf
[2017.01.13-20.48.19:706][  0]LogExternalProfiler: Using external profiler: VSPerf
[2017.01.13-20.48.20:046][  0]LogOcInput: OculusInput pre-init called
[2017.01.13-20.48.20:061][  0]LogAssetRegistry: Asset discovery search completed in 6.2762 seconds
[2017.01.13-20.48.20:061][  0]LogCollectionManager: Rebuilt the object cache for 0 collections in 0.000001 seconds (found 0 objects)
[2017.01.13-20.48.20:061][  0]LogCollectionManager: Fixed up redirectors for 0 collections in 0.000011 seconds (updated 0 objects)
[2017.01.13-20.48.20:063][  0]LogContentStreaming: Texture pool size now 1000 MB
[2017.01.13-20.48.20:182][  0]LogRenderer: Reallocating scene render targets to support 1208x568 NumSamples 1 (Frame:2).
[2017.01.13-20.48.32:321][302]LogMaterial: Uniform references updated for custom material expression TemporalAA SampleID.
[2017.01.13-20.48.32:322][302]LogMaterial: Uniform references updated for custom material expression Custom.
[2017.01.13-20.48.32:636][302]LogAIModule: Creating AISystem for world ShelterLevel1
[2017.01.13-20.48.32:637][302]LogMaterial:Warning: Material /Game/KiteDemo/Environments/Trees/ScotsPine_01/ScotsPine_01_Branches_Mat.ScotsPine_01_Branches_Mat needed to have new flag set bUsedWithStaticLighting !
[2017.01.13-20.48.32:640][302]LogMaterial: Missing cached shader map for material ScotsPine_01_Branches_Mat, compiling. 
[2017.01.13-20.48.32:691][302]MapCheck:Warning: Aviso ScotsPine_01_Branches_Mat Material /Game/KiteDemo/Environments/Trees/ScotsPine_01/ScotsPine_01_Branches_Mat.ScotsPine_01_Branches_Mat was missing the usage flag bUsedWithStaticLighting. If the material asset is not re-saved, it may not render correctly when run outside the editor. Fix
[2017.01.13-20.48.32:697][302]LogMaterial: 0.00 seconds spent updating 1 materials, 1 interfaces, 0 instances, 0 with static permutations.
[2017.01.13-20.48.32:697][302]LogMaterial:Warning: Material /Game/KiteDemo/Environments/Trees/ScotsPine_01/ScotsPine_01_Branches_2_Mat.ScotsPine_01_Branches_2_Mat needed to have new flag set bUsedWithStaticLighting !
[2017.01.13-20.48.32:700][302]LogMaterial: Missing cached shader map for material ScotsPine_01_Branches_2_Mat, compiling. 
[2017.01.13-20.48.32:726][302]MapCheck:Warning: Aviso ScotsPine_01_Branches_2_Mat Material /Game/KiteDemo/Environments/Trees/ScotsPine_01/ScotsPine_01_Branches_2_Mat.ScotsPine_01_Branches_2_Mat was missing the usage flag bUsedWithStaticLighting. If the material asset is not re-saved, it may not render correctly when run outside the editor. Fix
[2017.01.13-20.48.32:727][302]LogMaterial: 0.00 seconds spent updating 1 materials, 1 interfaces, 0 instances, 0 with static permutations.
[2017.01.13-20.48.32:727][302]LogMaterial:Warning: Material /Game/KiteDemo/Environments/Trees/ScotsPine_01/ScotsPine_01_Leaves_Mat.ScotsPine_01_Leaves_Mat needed to have new flag set bUsedWithStaticLighting !
[2017.01.13-20.48.32:729][302]LogMaterial: Missing cached shader map for material ScotsPine_01_Leaves_Mat, compiling. 
[2017.01.13-20.48.32:759][302]MapCheck:Warning: Aviso ScotsPine_01_Leaves_Mat Material /Game/KiteDemo/Environments/Trees/ScotsPine_01/ScotsPine_01_Leaves_Mat.ScotsPine_01_Leaves_Mat was missing the usage flag bUsedWithStaticLighting. If the material asset is not re-saved, it may not render correctly when run outside the editor. Fix
[2017.01.13-20.48.32:760][302]LogMaterial: 0.00 seconds spent updating 1 materials, 1 interfaces, 0 instances, 0 with static permutations.
[2017.01.13-20.48.32:760][302]LogMaterial:Warning: Material /Game/KiteDemo/Environments/Trees/ScotsPine_01/ScotsPine_01_Fronds_Mat.ScotsPine_01_Fronds_Mat needed to have new flag set bUsedWithStaticLighting !
[2017.01.13-20.48.32:763][302]LogMaterial: Missing cached shader map for material ScotsPine_01_Fronds_Mat, compiling. 
[2017.01.13-20.48.32:788][302]MapCheck:Warning: Aviso ScotsPine_01_Fronds_Mat Material /Game/KiteDemo/Environments/Trees/ScotsPine_01/ScotsPine_01_Fronds_Mat.ScotsPine_01_Fronds_Mat was missing the usage flag bUsedWithStaticLighting. If the material asset is not re-saved, it may not render correctly when run outside the editor. Fix
[2017.01.13-20.48.32:789][302]LogMaterial: 0.00 seconds spent updating 1 materials, 1 interfaces, 0 instances, 0 with static permutations.
[2017.01.13-20.48.32:811][302]Cmd: MAP LOAD FILE="../../../../../../Adri/Projects/GithubRepositories/PGV_UGR/TheLastShelter/Content/ShelterLevel1.umap" TEMPLATE=0 SHOWPROGRESS=1 FEATURELEVEL=3
[2017.01.13-20.48.32:811][302]LightingResults: New page: Diseñar la iluminación
[2017.01.13-20.48.32:812][302]LoadErrors: New page: Cargando mapa: ShelterLevel1.umap
[2017.01.13-20.48.32:812][302]MapCheck: New page: Revisión del mapa
[2017.01.13-20.48.32:812][302]LightingResults: New page: Diseñar la iluminación
[2017.01.13-20.48.32:859][302]LogEditorServer: Finished looking for orphan Actors (0.000 secs)
[2017.01.13-20.48.32:876][302]Cmd: MAP CHECKDEP NOCLEARLOG
[2017.01.13-20.48.32:915][302]MapCheck: Información Map check complete: 0 Error(s), 0 Warning(s), took 39,048ms to complete.
[2017.01.13-20.48.32:915][302]LogFileHelpers: Loading map 'ShelterLevel1' took 0.105
[2017.01.13-20.50.04:864][239]SourceControl: Información On branch master
[2017.01.13-20.50.04:864][239]SourceControl: Información Your branch is up-to-date with 'origin/master'.
[2017.01.13-20.50.04:864][239]SourceControl: Información Changes to be committed:
[2017.01.13-20.50.04:864][239]SourceControl: Información   (use "git reset HEAD <file>..." to unstage)
[2017.01.13-20.50.04:864][239]SourceControl: Información 	new file:   TheLastShelter/Content/KiteDemo/Environments/Cliffs/Cliff01/MI_Cliff01.uasset
[2017.01.13-20.50.04:864][239]SourceControl: Información 	new file:   TheLastShelter/Content/KiteDemo/Environments/Cliffs/Cliff01/SM_Cliff01.uasset
[2017.01.13-20.50.04:864][239]SourceControl: Información 	new file:   TheLastShelter/Content/KiteDemo/Environments/Cliffs/Cliff01/T_Cliff01_D_CC_R.uasset
[2017.01.13-20.50.04:864][239]SourceControl: Información 	new file:   TheLastShelter/Content/KiteDemo/Environments/Cliffs/Cliff01/T_Cliff01_N.uasset
[2017.01.13-20.50.04:864][239]SourceControl: Información Changes not staged for commit:
[2017.01.13-20.50.04:864][239]SourceControl: Información   (use "git add/rm <file>..." to update what will be committed)
[2017.01.13-20.50.04:864][239]SourceControl: Información   (use "git checkout -- <file>..." to discard changes in working directory)
[2017.01.13-20.50.04:864][239]SourceControl: Información 	modified:   TheLastShelter/Intermediate/CachedAssetRegistry.bin
[2017.01.13-20.50.04:864][239]SourceControl: Información 	modified:   TheLastShelter/Intermediate/Config/CoalescedSourceConfigs/Compat.ini
[2017.01.13-20.50.04:864][239]SourceControl: Información 	modified:   TheLastShelter/Intermediate/Config/CoalescedSourceConfigs/DeviceProfiles.ini
[2017.01.13-20.50.04:864][239]SourceControl: Información 	modified:   TheLastShelter/Intermediate/Config/CoalescedSourceConfigs/Editor.ini
[2017.01.13-20.50.04:864][239]SourceControl: Información 	modified:   TheLastShelter/Intermediate/Config/CoalescedSourceConfigs/EditorKeyBindings.ini
[2017.01.13-20.50.04:864][239]SourceControl: Información 	modified:   TheLastShelter/Intermediate/Config/CoalescedSourceConfigs/EditorPerProjectUserSettings.ini
[2017.01.13-20.50.04:864][239]SourceControl: Información 	modified:   TheLastShelter/Intermediate/Config/CoalescedSourceConfigs/EditorSettings.ini
[2017.01.13-20.50.04:864][239]SourceControl: Información 	modified:   TheLastShelter/Intermediate/Config/CoalescedSourceConfigs/Engine.ini
[2017.01.13-20.50.04:864][239]SourceControl: Información 	modified:   TheLastShelter/Intermediate/Config/CoalescedSourceConfigs/Game.ini
[2017.01.13-20.50.04:864][239]SourceControl: Información 	modified:   TheLastShelter/Intermediate/Config/CoalescedSourceConfigs/Hardware.ini
[2017.01.13-20.50.04:864][239]SourceControl: Información 	modified:   TheLastShelter/Intermediate/Config/CoalescedSourceConfigs/Input.ini
[2017.01.13-20.50.04:864][239]SourceControl: Información 	modified:   TheLastShelter/Intermediate/Config/CoalescedSourceConfigs/Lightmass.ini
[2017.01.13-20.50.04:864][239]SourceControl: Información 	modified:   TheLastShelter/Intermediate/Config/CoalescedSourceConfigs/Scalability.ini
[2017.01.13-20.50.04:864][239]SourceControl: Información 	modified:   TheLastShelter/Saved/AutoScreenshot.png
[2017.01.13-20.50.04:864][239]SourceControl: Información 	modified:   TheLastShelter/Saved/Autosaves/PackageRestoreData.json
[2017.01.13-20.50.04:864][239]SourceControl: Información 	modified:   TheLastShelter/Saved/Config/Windows/Compat.ini
[2017.01.13-20.50.04:864][239]SourceControl: Información 	modified:   TheLastShelter/Saved/Config/Windows/DeviceProfiles.ini
[2017.01.13-20.50.04:864][239]SourceControl: Información 	modified:   TheLastShelter/Saved/Config/Windows/Editor.ini
[2017.01.13-20.50.04:864][239]SourceControl: Información 	modified:   TheLastShelter/Saved/Config/Windows/EditorPerProjectUserSettings.ini
[2017.01.13-20.50.04:864][239]SourceControl: Información 	modified:   TheLastShelter/Saved/Config/Windows/Engine.ini
[2017.01.13-20.50.04:864][239]SourceControl: Información 	modified:   TheLastShelter/Saved/Config/Windows/Game.ini
[2017.01.13-20.50.04:864][239]SourceControl: Información 	modified:   TheLastShelter/Saved/Config/Windows/GameUserSettings.ini
[2017.01.13-20.50.04:864][239]SourceControl: Información 	modified:   TheLastShelter/Saved/Config/Windows/GameplayTags.ini
[2017.01.13-20.50.04:864][239]SourceControl: Información 	modified:   TheLastShelter/Saved/Config/Windows/Hardware.ini
[2017.01.13-20.50.04:864][239]SourceControl: Información 	modified:   TheLastShelter/Saved/Config/Windows/Input.ini
[2017.01.13-20.50.04:864][239]SourceControl: Información 	modified:   TheLastShelter/Saved/Config/Windows/InternationalizationExport.ini
[2017.01.13-20.50.04:864][239]SourceControl: Información 	modified:   TheLastShelter/Saved/Config/Windows/Lightmass.ini
[2017.01.13-20.50.04:864][239]SourceControl: Información 	modified:   TheLastShelter/Saved/Config/Windows/LocalizationServiceSettings.ini
[2017.01.13-20.50.04:864][239]SourceControl: Información 	modified:   TheLastShelter/Saved/Config/Windows/Scalability.ini
[2017.01.13-20.50.04:864][239]SourceControl: Información 	modified:   TheLastShelter/Saved/Config/Windows/SourceControlSettings.ini
[2017.01.13-20.50.04:864][239]SourceControl: Información 	modified:   TheLastShelter/Saved/Config/Windows/TemplateDefs.ini
[2017.01.13-20.50.04:864][239]SourceControl: Información 	modified:   TheLastShelter/Saved/Config/Windows/TranslationPickerSettings.ini
[2017.01.13-20.50.04:864][239]SourceControl: Información 	deleted:    TheLastShelter/Saved/Logs/TheLastShelter-backup-2017.01.10-15.59.48.log
[2017.01.13-20.50.04:864][239]SourceControl: Información 	deleted:    TheLastShelter/Saved/Logs/TheLastShelter-backup-2017.01.10-17.49.06.log
[2017.01.13-20.50.04:864][239]SourceControl: Información 	deleted:    TheLastShelter/Saved/Logs/TheLastShelter-backup-2017.01.10-20.39.19.log
[2017.01.13-20.50.04:864][239]SourceControl: Información 	modified:   TheLastShelter/Saved/Logs/TheLastShelter.log
[2017.01.13-20.50.04:864][239]SourceControl: Información 	modified:   TheLastShelter/Saved/Logs/TheLastShelter_2.log
[2017.01.13-20.50.04:864][239]SourceControl: Información Untracked files:
[2017.01.13-20.50.04:864][239]SourceControl: Información   (use "git add <file>..." to include in what will be committed)
[2017.01.13-20.50.04:864][239]SourceControl: Información 	TheLastShelter/Content/KiteDemo/Environments/Foliage/
[2017.01.13-20.50.04:864][239]SourceControl: Información 	TheLastShelter/Content/KiteDemo/Environments/Rocks/
[2017.01.13-20.50.04:864][239]SourceControl: Información 	TheLastShelter/Content/KiteDemo/Environments/Textures/
[2017.01.13-20.50.04:864][239]SourceControl: Información 	TheLastShelter/Content/KiteDemo/Environments/Trees/
[2017.01.13-20.50.04:864][239]SourceControl: Información 	TheLastShelter/Content/KiteDemo/Material/
[2017.01.13-20.50.04:864][239]SourceControl: Información 	TheLastShelter/Content/KiteDemo/Textures/
[2017.01.13-20.50.04:864][239]SourceControl: Información 	TheLastShelter/Content/ShelterLevel1.umap
[2017.01.13-20.50.04:864][239]SourceControl: Información 	TheLastShelter/Content/ShelterLevel1_BuiltData.uasset
[2017.01.13-20.50.04:864][239]SourceControl: Información 	TheLastShelter/Content/StarterContent/Materials/
[2017.01.13-20.50.04:864][239]SourceControl: Información 	TheLastShelter/Content/StarterContent/Props/
[2017.01.13-20.50.04:864][239]SourceControl: Información 	TheLastShelter/Content/StarterContent/Textures/T_Ground_Moss_N.uasset
[2017.01.13-20.50.04:864][239]SourceControl: Información 	TheLastShelter/Content/StarterContent/Textures/T_MacroVariation.uasset
[2017.01.13-20.50.04:864][239]SourceControl: Información 	TheLastShelter/Content/StarterContent/Textures/T_Perlin_Noise_M.uasset
[2017.01.13-20.50.04:864][239]SourceControl: Información 	TheLastShelter/Content/StarterContent/Textures/T_ground_Moss_D.uasset
[2017.01.13-20.50.04:864][239]SourceControl: Información 	TheLastShelter/Saved/Logs/TheLastShelter-backup-2017.01.13-21.36.13.log
[2017.01.13-20.50.04:864][239]SourceControl: Información 	TheLastShelter/Saved/Logs/TheLastShelter-backup-2017.01.13-21.48.10.log
[2017.01.13-20.50.04:864][239]SourceControl: Información 	TheLastShelter/Saved/Logs/TheLastShelter_2-backup-2017.01.13-21.36.59.log
[2017.01.13-20.50.04:864][239]SourceControl: Información 	TheLastShelter/Saved/Logs/UE4CC-Windows-A52D76C24DAEE4BD124CC3A685FD2CDD/
[2017.01.13-20.50.04:864][239]SourceControl: Información 	TheLastShelter/Saved/Logs/UE4CC-Windows-C1A4CD134CF5073966BAF39B4654AA68/
[2017.01.13-20.50.04:864][239]SourceControl: Información 	TheLastShelter/Saved/Logs/UE4CC-Windows-FE2A7ED749B753D32341389045081D79/
[2017.01.13-20.50.16:951][658]SourceControl: Información On branch master
[2017.01.13-20.50.16:952][658]SourceControl: Información Your branch is up-to-date with 'origin/master'.
[2017.01.13-20.50.16:952][658]SourceControl: Información Changes to be committed:
[2017.01.13-20.50.16:952][658]SourceControl: Información   (use "git reset HEAD <file>..." to unstage)
[2017.01.13-20.50.16:952][658]SourceControl: Información 	new file:   TheLastShelter/Content/KiteDemo/Environments/Cliffs/Cliff01/MI_Cliff01.uasset
[2017.01.13-20.50.16:952][658]SourceControl: Información 	new file:   TheLastShelter/Content/KiteDemo/Environments/Cliffs/Cliff01/SM_Cliff01.uasset
[2017.01.13-20.50.16:952][658]SourceControl: Información 	new file:   TheLastShelter/Content/KiteDemo/Environments/Cliffs/Cliff01/T_Cliff01_D_CC_R.uasset
[2017.01.13-20.50.16:952][658]SourceControl: Información 	new file:   TheLastShelter/Content/KiteDemo/Environments/Cliffs/Cliff01/T_Cliff01_N.uasset
[2017.01.13-20.50.16:952][658]SourceControl: Información Changes not staged for commit:
[2017.01.13-20.50.16:952][658]SourceControl: Información   (use "git add/rm <file>..." to update what will be committed)
[2017.01.13-20.50.16:952][658]SourceControl: Información   (use "git checkout -- <file>..." to discard changes in working directory)
[2017.01.13-20.50.16:952][658]SourceControl: Información 	modified:   TheLastShelter/Intermediate/CachedAssetRegistry.bin
[2017.01.13-20.50.16:952][658]SourceControl: Información 	modified:   TheLastShelter/Intermediate/Config/CoalescedSourceConfigs/Compat.ini
[2017.01.13-20.50.16:952][658]SourceControl: Información 	modified:   TheLastShelter/Intermediate/Config/CoalescedSourceConfigs/DeviceProfiles.ini
[2017.01.13-20.50.16:952][658]SourceControl: Información 	modified:   TheLastShelter/Intermediate/Config/CoalescedSourceConfigs/Editor.ini
[2017.01.13-20.50.16:952][658]SourceControl: Información 	modified:   TheLastShelter/Intermediate/Config/CoalescedSourceConfigs/EditorKeyBindings.ini
[2017.01.13-20.50.16:952][658]SourceControl: Información 	modified:   TheLastShelter/Intermediate/Config/CoalescedSourceConfigs/EditorPerProjectUserSettings.ini
[2017.01.13-20.50.16:952][658]SourceControl: Información 	modified:   TheLastShelter/Intermediate/Config/CoalescedSourceConfigs/EditorSettings.ini
[2017.01.13-20.50.16:952][658]SourceControl: Información 	modified:   TheLastShelter/Intermediate/Config/CoalescedSourceConfigs/Engine.ini
[2017.01.13-20.50.16:952][658]SourceControl: Información 	modified:   TheLastShelter/Intermediate/Config/CoalescedSourceConfigs/Game.ini
[2017.01.13-20.50.16:952][658]SourceControl: Información 	modified:   TheLastShelter/Intermediate/Config/CoalescedSourceConfigs/Hardware.ini
[2017.01.13-20.50.16:952][658]SourceControl: Información 	modified:   TheLastShelter/Intermediate/Config/CoalescedSourceConfigs/Input.ini
[2017.01.13-20.50.16:952][658]SourceControl: Información 	modified:   TheLastShelter/Intermediate/Config/CoalescedSourceConfigs/Lightmass.ini
[2017.01.13-20.50.16:952][658]SourceControl: Información 	modified:   TheLastShelter/Intermediate/Config/CoalescedSourceConfigs/Scalability.ini
[2017.01.13-20.50.16:952][658]SourceControl: Información 	modified:   TheLastShelter/Saved/AutoScreenshot.png
[2017.01.13-20.50.16:952][658]SourceControl: Información 	modified:   TheLastShelter/Saved/Autosaves/PackageRestoreData.json
[2017.01.13-20.50.16:952][658]SourceControl: Información 	modified:   TheLastShelter/Saved/Config/Windows/Compat.ini
[2017.01.13-20.50.16:952][658]SourceControl: Información 	modified:   TheLastShelter/Saved/Config/Windows/DeviceProfiles.ini
[2017.01.13-20.50.16:952][658]SourceControl: Información 	modified:   TheLastShelter/Saved/Config/Windows/Editor.ini
[2017.01.13-20.50.16:952][658]SourceControl: Información 	modified:   TheLastShelter/Saved/Config/Windows/EditorPerProjectUserSettings.ini
[2017.01.13-20.50.16:952][658]SourceControl: Información 	modified:   TheLastShelter/Saved/Config/Windows/Engine.ini
[2017.01.13-20.50.16:952][658]SourceControl: Información 	modified:   TheLastShelter/Saved/Config/Windows/Game.ini
[2017.01.13-20.50.16:952][658]SourceControl: Información 	modified:   TheLastShelter/Saved/Config/Windows/GameUserSettings.ini
[2017.01.13-20.50.16:952][658]SourceControl: Información 	modified:   TheLastShelter/Saved/Config/Windows/GameplayTags.ini
[2017.01.13-20.50.16:952][658]SourceControl: Información 	modified:   TheLastShelter/Saved/Config/Windows/Hardware.ini
[2017.01.13-20.50.16:952][658]SourceControl: Información 	modified:   TheLastShelter/Saved/Config/Windows/Input.ini
[2017.01.13-20.50.16:952][658]SourceControl: Información 	modified:   TheLastShelter/Saved/Config/Windows/InternationalizationExport.ini
[2017.01.13-20.50.16:952][658]SourceControl: Información 	modified:   TheLastShelter/Saved/Config/Windows/Lightmass.ini
[2017.01.13-20.50.16:952][658]SourceControl: Información 	modified:   TheLastShelter/Saved/Config/Windows/LocalizationServiceSettings.ini
[2017.01.13-20.50.16:952][658]SourceControl: Información 	modified:   TheLastShelter/Saved/Config/Windows/Scalability.ini
[2017.01.13-20.50.16:952][658]SourceControl: Información 	modified:   TheLastShelter/Saved/Config/Windows/SourceControlSettings.ini
[2017.01.13-20.50.16:952][658]SourceControl: Información 	modified:   TheLastShelter/Saved/Config/Windows/TemplateDefs.ini
[2017.01.13-20.50.16:952][658]SourceControl: Información 	modified:   TheLastShelter/Saved/Config/Windows/TranslationPickerSettings.ini
[2017.01.13-20.50.16:952][658]SourceControl: Información 	deleted:    TheLastShelter/Saved/Logs/TheLastShelter-backup-2017.01.10-15.59.48.log
[2017.01.13-20.50.16:952][658]SourceControl: Información 	deleted:    TheLastShelter/Saved/Logs/TheLastShelter-backup-2017.01.10-17.49.06.log
[2017.01.13-20.50.16:952][658]SourceControl: Información 	deleted:    TheLastShelter/Saved/Logs/TheLastShelter-backup-2017.01.10-20.39.19.log
[2017.01.13-20.50.16:952][658]SourceControl: Información 	modified:   TheLastShelter/Saved/Logs/TheLastShelter.log
[2017.01.13-20.50.16:952][658]SourceControl: Información 	modified:   TheLastShelter/Saved/Logs/TheLastShelter_2.log
[2017.01.13-20.50.16:952][658]SourceControl: Información Untracked files:
[2017.01.13-20.50.16:952][658]SourceControl: Información   (use "git add <file>..." to include in what will be committed)
[2017.01.13-20.50.16:952][658]SourceControl: Información 	TheLastShelter/Content/KiteDemo/Environments/Foliage/
[2017.01.13-20.50.16:952][658]SourceControl: Información 	TheLastShelter/Content/KiteDemo/Environments/Rocks/
[2017.01.13-20.50.16:952][658]SourceControl: Información 	TheLastShelter/Content/KiteDemo/Environments/Textures/
[2017.01.13-20.50.16:952][658]SourceControl: Información 	TheLastShelter/Content/KiteDemo/Environments/Trees/
[2017.01.13-20.50.16:952][658]SourceControl: Información 	TheLastShelter/Content/KiteDemo/Material/
[2017.01.13-20.50.16:952][658]SourceControl: Información 	TheLastShelter/Content/KiteDemo/Textures/
[2017.01.13-20.50.16:952][658]SourceControl: Información 	TheLastShelter/Content/ShelterLevel1.umap
[2017.01.13-20.50.16:952][658]SourceControl: Información 	TheLastShelter/Content/ShelterLevel1_BuiltData.uasset
[2017.01.13-20.50.16:952][658]SourceControl: Información 	TheLastShelter/Content/StarterContent/Materials/
[2017.01.13-20.50.16:952][658]SourceControl: Información 	TheLastShelter/Content/StarterContent/Props/
[2017.01.13-20.50.16:952][658]SourceControl: Información 	TheLastShelter/Content/StarterContent/Textures/T_Ground_Moss_N.uasset
[2017.01.13-20.50.16:952][658]SourceControl: Información 	TheLastShelter/Content/StarterContent/Textures/T_MacroVariation.uasset
[2017.01.13-20.50.16:952][658]SourceControl: Información 	TheLastShelter/Content/StarterContent/Textures/T_Perlin_Noise_M.uasset
[2017.01.13-20.50.16:952][658]SourceControl: Información 	TheLastShelter/Content/StarterContent/Textures/T_ground_Moss_D.uasset
[2017.01.13-20.50.16:952][658]SourceControl: Información 	TheLastShelter/Saved/Logs/TheLastShelter-backup-2017.01.13-21.36.13.log
[2017.01.13-20.50.16:952][658]SourceControl: Información 	TheLastShelter/Saved/Logs/TheLastShelter-backup-2017.01.13-21.48.10.log
[2017.01.13-20.50.16:952][658]SourceControl: Información 	TheLastShelter/Saved/Logs/TheLastShelter_2-backup-2017.01.13-21.36.59.log
[2017.01.13-20.50.16:952][658]SourceControl: Información 	TheLastShelter/Saved/Logs/UE4CC-Windows-A52D76C24DAEE4BD124CC3A685FD2CDD/
[2017.01.13-20.50.16:952][658]SourceControl: Información 	TheLastShelter/Saved/Logs/UE4CC-Windows-C1A4CD134CF5073966BAF39B4654AA68/
[2017.01.13-20.50.16:952][658]SourceControl: Información 	TheLastShelter/Saved/Logs/UE4CC-Windows-FE2A7ED749B753D32341389045081D79/
[2017.01.13-20.50.18:837][879]SourceControl: Información fatal: E:/Program Files (x86)/Epic Games/4.14/Engine/Content/: 'E:/Program Files (x86)/Epic Games/4.14/Engine/Content/' is outside repository
[2017.01.13-20.50.18:956][879]LogPackageName:Error: Illegal call to DoesPackageExist: '../../../../../../Adri/Projects/GithubRepositories/PGV_UGR/TheLastShelter/TheLastShelter.uproject' is not a standard unreal filename or a long path name. Reason: La ruta no debe tener menos de 4 caracteres de longitud.
[2017.01.13-20.50.31:510][879]LogStats: FPlatformStackWalk::StackWalkAndDump - 12.544 s
[2017.01.13-20.50.31:510][879]LogOutputDevice:Error: === Handled ensure: ===
[2017.01.13-20.50.31:510][879]LogOutputDevice:Error: 
[2017.01.13-20.50.31:510][879]LogOutputDevice:Error: Ensure condition failed: false [File:D:\Build\++UE4+Release-4.14+Compile\Sync\Engine\Source\Runtime\CoreUObject\Private\Misc\PackageName.cpp] [Line: 624]
[2017.01.13-20.50.31:510][879]LogOutputDevice:Error: Illegal call to DoesPackageExist: '../../../../../../Adri/Projects/GithubRepositories/PGV_UGR/TheLastShelter/TheLastShelter.uproject' is not a standard unreal filename or a long path name. Reason: La ruta no debe tener menos de 4 caracteres de longitud.
[2017.01.13-20.50.31:510][879]LogOutputDevice:Error: Stack: 
[2017.01.13-20.50.31:510][879]LogOutputDevice:Error: UE4Editor-Core.dll!FWindowsPlatformStackWalk::StackWalkAndDump() [d:\build\++ue4+release-4.14+compile\sync\engine\source\runtime\core\private\windows\windowsplatformstackwalk.cpp:185]
[2017.01.13-20.50.31:510][879]LogOutputDevice:Error: UE4Editor-Core.dll!FDebug::EnsureFailed() [d:\build\++ue4+release-4.14+compile\sync\engine\source\runtime\core\private\misc\assertionmacros.cpp:216]
[2017.01.13-20.50.31:510][879]LogOutputDevice:Error: UE4Editor-Core.dll!FDebug::OptionallyLogFormattedEnsureMessageReturningFalse() [d:\build\++ue4+release-4.14+compile\sync\engine\source\runtime\core\private\misc\assertionmacros.cpp:343]
[2017.01.13-20.50.31:510][879]LogOutputDevice:Error: UE4Editor-CoreUObject.dll!FPackageName::DoesPackageExist() [d:\build\++ue4+release-4.14+compile\sync\engine\source\runtime\coreuobject\private\misc\packagename.cpp:624]
[2017.01.13-20.50.31:510][879]LogOutputDevice:Error: UE4Editor-SourceControl.dll!SourceControlHelpers::PackageFilename_Internal() [d:\build\++ue4+release-4.14+compile\sync\engine\source\developer\sourcecontrol\private\sourcecontrolhelpers.cpp:52]
[2017.01.13-20.50.31:510][879]LogOutputDevice:Error: UE4Editor-SourceControl.dll!SourceControlHelpers::PackageFilenames() [d:\build\++ue4+release-4.14+compile\sync\engine\source\developer\sourcecontrol\private\sourcecontrolhelpers.cpp:103]
[2017.01.13-20.50.31:510][879]LogOutputDevice:Error: UE4Editor-SourceControlWindows.dll!FSourceControlWindows::PromptForCheckin() [d:\build\++ue4+release-4.14+compile\sync\engine\source\editor\sourcecontrolwindows\private\ssourcecontrolsubmit.cpp:597]
[2017.01.13-20.50.31:510][879]LogOutputDevice:Error: UE4Editor-SourceControlWindows.dll!FSourceControlWindows::ChoosePackagesToCheckInCompleted() [d:\build\++ue4+release-4.14+compile\sync\engine\source\editor\sourcecontrolwindows\private\ssourcecontrolsubmit.cpp:456]
[2017.01.13-20.50.31:510][879]LogOutputDevice:Error: UE4Editor-SourceControlWindows.dll!FSourceControlWindows::ChoosePackagesToCheckInCallback() [d:\build\++ue4+release-4.14+compile\sync\engine\source\editor\sourcecontrolwindows\private\ssourcecontrolsubmit.cpp:520]
[2017.01.13-20.50.31:510][879]LogOutputDevice:Error: UE4Editor-SourceControlWindows.dll!TBaseStaticDelegateInstance<void __cdecl(TSharedRef<ISourceControlOperation,1> const & __ptr64,enum ECommandResult::Type)>::ExecuteIfSafe() [d:\build\++ue4+release-4.14+compile\sync\engine\source\runtime\core\public\delegates\delegateinstancesimpl.h:1018]
[2017.01.13-20.50.31:510][879]LogOutputDevice:Error: UE4Editor-GitSourceControl.dll
[2017.01.13-20.50.31:510][879]LogOutputDevice:Error: UE4Editor-GitSourceControl.dll
[2017.01.13-20.50.31:510][879]LogOutputDevice:Error: UE4Editor-SourceControl.dll!FSourceControlModule::Tick() [d:\build\++ue4+release-4.14+compile\sync\engine\source\developer\sourcecontrol\private\sourcecontrolmodule.cpp:235]
[2017.01.13-20.50.31:510][879]LogOutputDevice:Error: UE4Editor-UnrealEd.dll!UEditorEngine::Tick() [d:\build\++ue4+release-4.14+compile\sync\engine\source\editor\unrealed\private\editorengine.cpp:1587]
[2017.01.13-20.50.31:510][879]LogOutputDevice:Error: UE4Editor-UnrealEd.dll!UUnrealEdEngine::Tick() [d:\build\++ue4+release-4.14+compile\sync\engine\source\editor\unrealed\private\unrealedengine.cpp:371]
[2017.01.13-20.50.31:510][879]LogOutputDevice:Error: UE4Editor.exe!FEngineLoop::Tick() [d:\build\++ue4+release-4.14+compile\sync\engine\source\runtime\launch\private\launchengineloop.cpp:2859]
[2017.01.13-20.50.31:510][879]LogOutputDevice:Error: UE4Editor.exe!GuardedMain() [d:\build\++ue4+release-4.14+compile\sync\engine\source\runtime\launch\private\launch.cpp:152]
[2017.01.13-20.50.31:510][879]LogOutputDevice:Error: UE4Editor.exe!GuardedMainWrapper() [d:\build\++ue4+release-4.14+compile\sync\engine\source\runtime\launch\private\windows\launchwindows.cpp:126]
[2017.01.13-20.50.31:510][879]LogOutputDevice:Error: UE4Editor.exe!WinMain() [d:\build\++ue4+release-4.14+compile\sync\engine\source\runtime\launch\private\windows\launchwindows.cpp:202]
[2017.01.13-20.50.31:510][879]LogOutputDevice:Error: UE4Editor.exe!__scrt_common_main_seh() [f:\dd\vctools\crt\vcstartup\src\startup\exe_common.inl:264]
[2017.01.13-20.50.31:510][879]LogOutputDevice:Error: KERNEL32.DLL
[2017.01.13-20.50.31:511][879]LogOutputDevice:Error: ntdll.dll
[2017.01.13-20.50.31:511][879]LogOutputDevice:Error: 
[2017.01.13-20.50.31:518][879]LogStats:                SubmitErrorReport -  0.000 s
